#
# A fatal error has been detected by the Java Runtime Environment:
#
#  SIGBUS (0xa) at pc=0x00007ff80d10f8a7, pid=18584, tid=259
#
# JRE version: OpenJDK Runtime Environment (17.0.1+12) (build 17.0.1+12-39)
# Java VM: OpenJDK 64-Bit Server VM (17.0.1+12-39, mixed mode, sharing, tiered, compressed oops, compressed class ptrs, g1 gc, bsd-amd64)
# Problematic frame:
# C  [CoreGraphics+0xc8a7]  ERROR_CGDataProvider_BufferIsNotReadable+0x27
#
# No core dump will be written. Core dumps have been disabled. To enable core dumping, try "ulimit -c unlimited" before starting Java again
#
# If you would like to submit a bug report, please visit:
#   https://bugreport.java.com/bugreport/crash.jsp
# The crash happened outside the Java Virtual Machine in native code.
# See problematic frame for where to report the bug.
#

---------------  S U M M A R Y ------------

Command Line: --module-path=/Users/rohanbatra/.m2/repository/org/openjfx/javafx-base/17.0.0.1/javafx-base-17.0.0.1-mac.jar:/Users/rohanbatra/.m2/repository/org/openjfx/javafx-base/17.0.0.1/javafx-base-17.0.0.1.jar:/Users/rohanbatra/.m2/repository/org/openjfx/javafx-controls/17.0.0.1/javafx-controls-17.0.0.1-mac.jar:/Users/rohanbatra/.m2/repository/org/openjfx/javafx-controls/17.0.0.1/javafx-controls-17.0.0.1.jar:/Users/rohanbatra/.m2/repository/org/openjfx/javafx-fxml/17.0.0.1/javafx-fxml-17.0.0.1-mac.jar:/Users/rohanbatra/.m2/repository/org/openjfx/javafx-fxml/17.0.0.1/javafx-fxml-17.0.0.1.jar:/Users/rohanbatra/.m2/repository/org/openjfx/javafx-graphics/17.0.0.1/javafx-graphics-17.0.0.1-mac.jar:/Users/rohanbatra/.m2/repository/org/openjfx/javafx-graphics/17.0.0.1/javafx-graphics-17.0.0.1.jar:/Users/rohanbatra/.m2/repository/org/openjfx/javafx-media/16/javafx-media-16-mac.jar:/Users/rohanbatra/.m2/repository/org/openjfx/javafx-media/16/javafx-media-16.jar --add-modules=javafx.base,javafx.controls,javafx.fxml,javafx.graphics,javafx.media org.game.TowerDefenseGameApp

Host: "MacBookPro17,1" x86_64 (EMULATED) 2400 MHz, 8 cores, 8G, Darwin 21.1.0, macOS 12.0.1 (21A559)
Time: Sat Nov 20 23:52:53 2021 EST elapsed time: 4.826990 seconds (0d 0h 0m 4s)

---------------  T H R E A D  ---------------

Current thread (0x00007fab3284be00):  JavaThread "JavaFX Application Thread" [_thread_in_native, id=259, stack(0x0000000307f32000,0x0000000308732000)]

Stack: [0x0000000307f32000,0x0000000308732000],  sp=0x000000030872bf40,  free space=8167k
Native frames: (J=compiled Java code, j=interpreted, Vv=VM code, C=native code)
C  [CoreGraphics+0xc8a7]  ERROR_CGDataProvider_BufferIsNotReadable+0x27
C  [CoreGraphics+0xc743]  CGDataProviderRetainBytePtr+0x111
C  [CoreGraphics+0x22cecb]  CGDataProviderCreateProtectedCopy+0x13
C  [CoreGraphics+0x1ea72a]  CGImageCreateCopyWithProtectedDataProvider+0x3e
C  [CoreGraphics+0x3968b]  CGContextDrawImageWithOptions+0x90
C  [SkyLight+0x1e86db]  SLSRegisterCursorWithImages+0x38e
C  [AppKit+0x1dee19]  -[NSCursor _reallySet]+0x244
C  [AppKit+0x1deb89]  -[NSCursor set]+0xb2
C  [libglass.dylib+0x516f]  Java_com_sun_glass_ui_mac_MacCursor__1setCustom+0x11f
j  com.sun.glass.ui.mac.MacCursor._setCustom(J)V+0 javafx.graphics
j  com.sun.glass.ui.mac.MacCursor.set()V+60 javafx.graphics
j  com.sun.glass.ui.mac.MacWindow._setCursor(JLcom/sun/glass/ui/Cursor;)V+4 javafx.graphics
j  com.sun.glass.ui.Window.setCursor(Lcom/sun/glass/ui/Cursor;)V+9 javafx.graphics
j  com.sun.javafx.tk.quantum.ViewScene.lambda$setCursor$1(Ljava/lang/Object;)V+34 javafx.graphics
j  com.sun.javafx.tk.quantum.ViewScene$$Lambda$194+0x0000000800d81ea8.run()V+8 javafx.graphics
j  com.sun.glass.ui.InvokeLaterDispatcher$Future.run()V+4 javafx.graphics
v  ~StubRoutines::call_stub
V  [libjvm.dylib+0x503b61]  _ZN9JavaCalls11call_helperEP9JavaValueRK12methodHandleP17JavaCallArgumentsP10JavaThread+0x2a1
V  [libjvm.dylib+0x55d4f6]  _ZL20jni_invoke_nonstaticP7JNIEnv_P9JavaValueP8_jobject11JNICallTypeP10_jmethodIDP18JNI_ArgumentPusherP10JavaThread+0x2d6
V  [libjvm.dylib+0x5619d6]  jni_CallVoidMethod+0x1a6
C  [libglass.dylib+0x8248]  -[GlassRunnable run]+0x58
C  [Foundation+0x81d63]  __NSThreadPerformPerform+0xb3
C  [CoreFoundation+0x7fb68]  __CFRUNLOOP_IS_CALLING_OUT_TO_A_SOURCE0_PERFORM_FUNCTION__+0x11
C  [CoreFoundation+0x7fad0]  __CFRunLoopDoSource0+0xb4
C  [CoreFoundation+0x7f843]  __CFRunLoopDoSources0+0xf2
C  [CoreFoundation+0x7e25f]  __CFRunLoopRun+0x381
C  [CoreFoundation+0x7d809]  CFRunLoopRunSpecific+0x237
C  [HIToolbox+0x2f3e1]  RunCurrentEventLoopInMode+0x124
C  [HIToolbox+0x2f137]  ReceiveNextEventCommon+0x24b
C  [HIToolbox+0x2eed5]  _BlockUntilNextEventMatchingListInModeWithFilter+0x46
C  [AppKit+0x3e8f0]  _DPSNextEvent+0x376
C  [AppKit+0x3cf5c]  -[NSApplication(NSEvent) _nextEventMatchingEventMask:untilDate:inMode:dequeue:]+0x583
C  [AppKit+0x2f359]  -[NSApplication run]+0x24a
C  [libglass.dylib+0xa2a5]  -[GlassApplication runLoop:]+0x795
C  [Foundation+0x81d63]  __NSThreadPerformPerform+0xb3
C  [CoreFoundation+0x7fb68]  __CFRUNLOOP_IS_CALLING_OUT_TO_A_SOURCE0_PERFORM_FUNCTION__+0x11
C  [CoreFoundation+0x7fad0]  __CFRunLoopDoSource0+0xb4
C  [CoreFoundation+0x7f843]  __CFRunLoopDoSources0+0xf2
C  [CoreFoundation+0x7e25f]  __CFRunLoopRun+0x381
C  [CoreFoundation+0x7d809]  CFRunLoopRunSpecific+0x237
C  [libjli.dylib+0x70b2]  CreateExecutionEnvironment+0x182
C  [libjli.dylib+0x2c15]  JLI_Launch+0x585
C  [java+0x3c01]  main+0x191
C  0x00000002024524fe
C  0x000000020244d000

Java frames: (J=compiled Java code, j=interpreted, Vv=VM code)
j  com.sun.glass.ui.mac.MacCursor._setCustom(J)V+0 javafx.graphics
j  com.sun.glass.ui.mac.MacCursor.set()V+60 javafx.graphics
j  com.sun.glass.ui.mac.MacWindow._setCursor(JLcom/sun/glass/ui/Cursor;)V+4 javafx.graphics
j  com.sun.glass.ui.Window.setCursor(Lcom/sun/glass/ui/Cursor;)V+9 javafx.graphics
j  com.sun.javafx.tk.quantum.ViewScene.lambda$setCursor$1(Ljava/lang/Object;)V+34 javafx.graphics
j  com.sun.javafx.tk.quantum.ViewScene$$Lambda$194+0x0000000800d81ea8.run()V+8 javafx.graphics
j  com.sun.glass.ui.InvokeLaterDispatcher$Future.run()V+4 javafx.graphics
v  ~StubRoutines::call_stub

siginfo: si_signo: 10 (SIGBUS), si_code: 2 (BUS_ADRERR), si_addr: 0x00000007867628a8

Register to memory mapping:

RAX=0x00000007867628a8 is an unallocated location in the heap
RBX=0x00007fab427771f0 points into unknown readable memory: 0x011dfff8494c1151 | 51 11 4c 49 f8 ff 1d 01
RCX=0x00000000000120a8 is an unknown value
RDX=0x0000000000000008 is an unknown value
RSP=0x000000030872bf40 is pointing into the stack for thread: 0x00007fab3284be00
RBP=0x000000030872bf50 is pointing into the stack for thread: 0x00007fab3284be00
RSI=0x0 is NULL
RDI=0x00000007867628a8 is an unallocated location in the heap
R8 =0x00000000000d6a70 is an unknown value
R9 =0x00000000000020a8 is an unknown value
R10=0x00007fab427772c0 points into unknown readable memory: 0x0000000000000002 | 02 00 00 00 00 00 00 00
R11=0x0000000000000071 is an unknown value
R12=0x00007fab427771f0 points into unknown readable memory: 0x011dfff8494c1151 | 51 11 4c 49 f8 ff 1d 01
R13=0x00007fab42777310 points into unknown readable memory: 0x011dfff8494c1151 | 51 11 4c 49 f8 ff 1d 01
R14=0x00007fab427772a0 points into unknown readable memory: 0x000000004d555458 | 58 54 55 4d 00 00 00 00
R15=0x0000000000000126 is an unknown value


Registers:
RAX=0x00000007867628a8, RBX=0x00007fab427771f0, RCX=0x00000000000120a8, RDX=0x0000000000000008
RSP=0x000000030872bf40, RBP=0x000000030872bf50, RSI=0x0000000000000000, RDI=0x00000007867628a8
R8 =0x00000000000d6a70, R9 =0x00000000000020a8, R10=0x00007fab427772c0, R11=0x0000000000000071
R12=0x00007fab427771f0, R13=0x00007fab42777310, R14=0x00007fab427772a0, R15=0x0000000000000126
RIP=0x00007ff80d10f8a7, EFLAGS=0x0000000000000246, ERR=0x0000000000000004
  TRAPNO=0x000000000000000e

Top of Stack: (sp=0x000000030872bf40)
0x000000030872bf40:   00000007867628a8 00007fab427771f0
0x000000030872bf50:   000000030872bf80 00007ff80d10f743
0x000000030872bf60:   0000000000000000 00007fab42777310
0x000000030872bf70:   0000600001610900 0000000000000126
0x000000030872bf80:   000000030872bfb0 00007ff80d32fecb
0x000000030872bf90:   00007fab42777310 0000000000000033
0x000000030872bfa0:   0000600001610900 0000000000000126
0x000000030872bfb0:   000000030872bfd0 00007ff80d2ed72a
0x000000030872bfc0:   0000000000000000 0000600001610900
0x000000030872bfd0:   000000030872c080 00007ff80d13c68b
0x000000030872bfe0:   0000000000000000 0000000000000000
0x000000030872bff0:   4049800000000000 4048800000000000
0x000000030872c000:   0000000000000033 0000600001610900
0x000000030872c010:   000060000110d830 00007fab22742300
0x000000030872c020:   000000030872c080 00007ff80d15f054
0x000000030872c030:   0000000000000020 00000000000000cc
0x000000030872c040:   00006000000e4fa0 0000600001836220
0x000000030872c050:   0000000000000001 0000000000000031
0x000000030872c060:   0000000000000033 0000600001610900
0x000000030872c070:   0000000000000000 000000030872c20c
0x000000030872c080:   000000030872cb20 00007ff80cf5a6db
0x000000030872c090:   0000000000000000 0000000000000000
0x000000030872c0a0:   4049800000000000 4048800000000000
0x000000030872c0b0:   401c000000000000 0000000000000000
0x000000030872c0c0:   4018000000000000 0000000000000000
0x000000030872c0d0:   4049800000000000 0000000000000000
0x000000030872c0e0:   4048800000000000 0000000000000000
0x000000030872c0f0:   0000000000000001 0000000000000000
0x000000030872c100:   00000000000009c3 00000007861c4358
0x000000030872c110:   000000030872c868 0000000000000001
0x000000030872c120:   00000000000009c3 0000000100000000
0x000000030872c130:   000e280300000000 00007fab42777310 

Instructions: (pc=0x00007ff80d10f8a7)
0x00007ff80d10f7a7:   54 d6 6e 00 eb 0c 45 31 f6 eb 1f 48 8d 35 68 d6
0x00007ff80d10f7b7:   6e 00 bf 03 00 00 00 48 89 da 31 c0 e8 3d 31 49
0x00007ff80d10f7c7:   00 e8 bb 73 44 00 84 c0 75 23 44 89 f0 48 83 c4
0x00007ff80d10f7d7:   08 5b 41 5e 41 5f 5d c3 48 8d 3d 0a 57 3b 3c 48
0x00007ff80d10f7e7:   8d 35 5b 34 c8 3d e8 f6 5d 4f 00 eb 96 e8 9a 1a
0x00007ff80d10f7f7:   4f 00 90 90 90 90 90 90 90 90 90 90 90 90 90 90
0x00007ff80d10f807:   90 55 48 89 e5 5d e9 42 55 4f 00 90 90 90 90 90
0x00007ff80d10f817:   90 90 55 48 89 e5 53 50 48 89 fb 48 83 3d ce 56
0x00007ff80d10f827:   3b 3c ff 75 33 48 85 db 74 25 80 3d 48 0e 74 3c
0x00007ff80d10f837:   00 74 1c 48 8b bb 10 01 00 00 48 85 ff 74 10 be
0x00007ff80d10f847:   00 01 00 08 48 83 c4 08 5b 5d e9 4a 57 4f 00 31
0x00007ff80d10f857:   c0 48 83 c4 08 5b 5d c3 48 8d 3d 92 56 3b 3c 48
0x00007ff80d10f867:   8d 35 5b 34 c8 3d e8 76 5d 4f 00 eb b8 66 2e 0f
0x00007ff80d10f877:   1f 84 00 00 00 00 00 66 90 55 48 89 e5 48 83 ec
0x00007ff80d10f887:   10 48 89 7d f0 c6 45 ff aa c6 45 ff 00 e8 33 00
0x00007ff80d10f897:   00 00 24 01 0f b6 c0 83 f8 01 75 09 48 8b 45 f0
0x00007ff80d10f8a7:   8a 00 88 45 ff 48 83 c4 10 5d c3 66 2e 0f 1f 84
0x00007ff80d10f8b7:   00 00 00 00 00 0f 1f 40 00 90 90 90 90 90 90 90
0x00007ff80d10f8c7:   90 90 90 90 90 55 48 89 e5 48 83 3d 30 56 3b 3c
0x00007ff80d10f8d7:   ff 75 08 8a 05 20 56 3b 3c 5d c3 48 8d 3d 1f 56
0x00007ff80d10f8e7:   3b 3c 48 8d 35 18 34 c8 3d e8 f3 5c 4f 00 eb e3
0x00007ff80d10f8f7:   55 48 89 e5 48 bf 01 00 00 00 02 0d 0a 00 e8 26
0x00007ff80d10f907:   5d 4f 00 88 05 f0 55 3b 3c 5d c3 90 90 90 90 90
0x00007ff80d10f917:   90 90 90 90 90 90 90 90 90 55 48 89 e5 48 83 ec
0x00007ff80d10f927:   20 48 89 7d e8 48 89 75 f0 c6 45 ff aa c6 45 ff
0x00007ff80d10f937:   00 e8 8f ff ff ff 24 01 0f b6 c0 83 f8 01 75 0e
0x00007ff80d10f947:   48 8b 45 e8 48 8b 4d f0 8a 04 08 88 45 ff 48 83
0x00007ff80d10f957:   c4 20 5d c3 90 90 90 90 90 90 90 48 85 ff 74 12
0x00007ff80d10f967:   55 48 89 e5 48 8d 05 50 fc 04 00 48 39 47 50 5d
0x00007ff80d10f977:   74 03 31 c0 c3 b0 01 c3 90 90 90 90 90 90 90 90
0x00007ff80d10f987:   90 90 90 48 85 ff 74 12 55 48 89 e5 48 8d 05 6e
0x00007ff80d10f997:   fe ff ff 48 39 47 50 5d 74 03 31 c0 c3 b0 01 c3 


Stack slot to memory mapping:
stack at sp + 0 slots: 0x00000007867628a8 is an unallocated location in the heap
stack at sp + 1 slots: 0x00007fab427771f0 points into unknown readable memory: 0x011dfff8494c1151 | 51 11 4c 49 f8 ff 1d 01
stack at sp + 2 slots: 0x000000030872bf80 is pointing into the stack for thread: 0x00007fab3284be00
stack at sp + 3 slots: 0x00007ff80d10f743: CGDataProviderRetainBytePtr+0x111 in /System/Library/Frameworks/CoreGraphics.framework/Versions/A/CoreGraphics at 0x00007ff80d103000
stack at sp + 4 slots: 0x0 is NULL
stack at sp + 5 slots: 0x00007fab42777310 points into unknown readable memory: 0x011dfff8494c1151 | 51 11 4c 49 f8 ff 1d 01
stack at sp + 6 slots: 0x0000600001610900 points into unknown readable memory: 0x011dfff8494c1151 | 51 11 4c 49 f8 ff 1d 01
stack at sp + 7 slots: 0x0000000000000126 is an unknown value


---------------  P R O C E S S  ---------------

Threads class SMR info:
_java_thread_list=0x00006000022276e0, length=24, elements={
0x00007fab43809200, 0x00007fab4280f200, 0x00007fab42810800, 0x00007fab3280b600,
0x00007fab2280a400, 0x00007fab42823c00, 0x00007fab42817800, 0x00007fab42817e00,
0x00007fab22812a00, 0x00007fab42818400, 0x00007fab438b2600, 0x00007fab32811600,
0x00007fab43997200, 0x00007fab43a8ea00, 0x00007fab42aa4c00, 0x00007fab3284be00,
0x00007fab32a8c800, 0x00007fab42fffa00, 0x00007fab43fffa00, 0x00007fab43bb9e00,
0x00007fab43b25a00, 0x00007fab32a99e00, 0x00007fab14013400, 0x00007faae30f9800
}

Java Threads: ( => current thread )
  0x00007fab43809200 JavaThread "main" [_thread_blocked, id=7171, stack(0x00000003087b5000,0x00000003088b5000)]
  0x00007fab4280f200 JavaThread "Reference Handler" daemon [_thread_blocked, id=42823, stack(0x0000000308eca000,0x0000000308fca000)]
  0x00007fab42810800 JavaThread "Finalizer" daemon [_thread_blocked, id=42243, stack(0x0000000308fcd000,0x00000003090cd000)]
  0x00007fab3280b600 JavaThread "Signal Dispatcher" daemon [_thread_blocked, id=25859, stack(0x00000003091df000,0x00000003092df000)]
  0x00007fab2280a400 JavaThread "Service Thread" daemon [_thread_blocked, id=26371, stack(0x00000003092e2000,0x00000003093e2000)]
  0x00007fab42823c00 JavaThread "Monitor Deflation Thread" daemon [_thread_blocked, id=26883, stack(0x00000003093e5000,0x00000003094e5000)]
  0x00007fab42817800 JavaThread "C2 CompilerThread0" daemon [_thread_blocked, id=41219, stack(0x00000003094e8000,0x00000003095e8000)]
  0x00007fab42817e00 JavaThread "C1 CompilerThread0" daemon [_thread_blocked, id=40707, stack(0x00000003095eb000,0x00000003096eb000)]
  0x00007fab22812a00 JavaThread "Sweeper thread" daemon [_thread_blocked, id=27395, stack(0x00000003096ee000,0x00000003097ee000)]
  0x00007fab42818400 JavaThread "Common-Cleaner" daemon [_thread_blocked, id=40095, stack(0x00000003097f1000,0x00000003098f1000)]
  0x00007fab438b2600 JavaThread "Notification Thread" daemon [_thread_blocked, id=28715, stack(0x00000003098f4000,0x00000003099f4000)]
  0x00007fab32811600 JavaThread "QuantumRenderer-0" daemon [_thread_in_Java, id=39163, stack(0x0000000309afa000,0x0000000309bfa000)]
  0x00007fab43997200 JavaThread "Prism Font Disposer" daemon [_thread_blocked, id=43831, stack(0x0000000309bfd000,0x0000000309cfd000)]
  0x00007fab43a8ea00 JavaThread "JavaFX-Launcher" [_thread_blocked, id=44347, stack(0x0000000309d00000,0x0000000309e00000)]
  0x00007fab42aa4c00 JavaThread "InvokeLaterDispatcher" daemon [_thread_blocked, id=45211, stack(0x0000000309e03000,0x0000000309f03000)]
=>0x00007fab3284be00 JavaThread "JavaFX Application Thread" [_thread_in_native, id=259, stack(0x0000000307f32000,0x0000000308732000)]
  0x00007fab32a8c800 JavaThread "FXGL Background Thread 1" daemon [_thread_blocked, id=63351, stack(0x000000030a6aa000,0x000000030a7aa000)]
  0x00007fab42fffa00 JavaThread "FXGL Background Thread 2" daemon [_thread_blocked, id=96143, stack(0x000000030abc4000,0x000000030acc4000)]
  0x00007fab43fffa00 JavaThread "FXGL Background Thread 3" daemon [_thread_blocked, id=96311, stack(0x000000030acc7000,0x000000030adc7000)]
  0x00007fab43bb9e00 JavaThread "FXGL Background Thread 4" daemon [_thread_blocked, id=97111, stack(0x000000030adca000,0x000000030aeca000)]
  0x00007fab43b25a00 JavaThread "PulseTimer-CVDisplayLink thread" daemon [_thread_in_native, id=165667, stack(0x000000030aecd000,0x000000030af4d000)]
  0x00007fab32a99e00 JavaThread "Cleaner-0" daemon [_thread_blocked, id=164615, stack(0x000000030af50000,0x000000030b050000)]
  0x00007fab14013400 JavaThread "Keep-Alive-SocketCleaner" daemon [_thread_blocked, id=167151, stack(0x000000030b259000,0x000000030b359000)]
  0x00007faae30f9800 JavaThread "Keep-Alive-Timer" daemon [_thread_blocked, id=162135, stack(0x000000030b35c000,0x000000030b45c000)]

Other Threads:
  0x00007fab4300f2b0 VMThread "VM Thread" [stack: 0x0000000308dc7000,0x0000000308ec7000] [id=22019]
  0x00007fab4301b4c0 WatcherThread [stack: 0x00000003099f7000,0x0000000309af7000] [id=29187]
  0x00007fab43007660 GCTaskThread "GC Thread#0" [stack: 0x00000003088b8000,0x00000003089b8000] [id=13059]
  0x00007fab42740970 GCTaskThread "GC Thread#1" [stack: 0x000000030a009000,0x000000030a109000] [id=52227]
  0x00007fab2270e940 GCTaskThread "GC Thread#2" [stack: 0x000000030a10c000,0x000000030a20c000] [id=79363]
  0x00007fab42743e80 GCTaskThread "GC Thread#3" [stack: 0x000000030a20f000,0x000000030a30f000] [id=78851]
  0x00007fab42744540 GCTaskThread "GC Thread#4" [stack: 0x000000030a312000,0x000000030a412000] [id=78595]
  0x00007fab43033960 GCTaskThread "GC Thread#5" [stack: 0x000000030a415000,0x000000030a515000] [id=78339]
  0x00007fab327484e0 GCTaskThread "GC Thread#6" [stack: 0x0000000309f06000,0x000000030a006000] [id=73843]
  0x00007fab4307d9c0 GCTaskThread "GC Thread#7" [stack: 0x000000030b053000,0x000000030b153000] [id=164163]
  0x00007fab43007d00 ConcurrentGCThread "G1 Main Marker" [stack: 0x00000003089bb000,0x0000000308abb000] [id=13571]
  0x00007fab43008580 ConcurrentGCThread "G1 Conc#0" [stack: 0x0000000308abe000,0x0000000308bbe000] [id=17155]
  0x00007fab32753190 ConcurrentGCThread "G1 Conc#1" [stack: 0x000000030b156000,0x000000030b256000] [id=163587]
  0x00007fab4300ade0 ConcurrentGCThread "G1 Refine#0" [stack: 0x0000000308bc1000,0x0000000308cc1000] [id=16643]
  0x00007fab2272c910 ConcurrentGCThread "G1 Refine#1" [stack: 0x000000030a8bb000,0x000000030a9bb000] [id=166459]
  0x00007fab12e05730 ConcurrentGCThread "G1 Refine#2" [stack: 0x000000030a9be000,0x000000030aabe000] [id=94723]
  0x00007fab32748780 ConcurrentGCThread "G1 Refine#3" [stack: 0x000000030aac1000,0x000000030abc1000] [id=95491]
  0x00007fab4300b670 ConcurrentGCThread "G1 Service" [stack: 0x0000000308cc4000,0x0000000308dc4000] [id=16131]

Threads with active compile tasks:

VM state: not at safepoint (normal execution)

VM Mutex/Monitor currently owned by a thread: None

Heap address: 0x0000000780000000, size: 2048 MB, Compressed Oops mode: Zero based, Oop shift amount: 3

CDS archive(s) mapped at: [0x0000000800000000-0x0000000800bd4000-0x0000000800bd4000), size 12402688, SharedBaseAddress: 0x0000000800000000, ArchiveRelocationMode: 0.
Compressed class space mapped at: 0x0000000800c00000-0x0000000840c00000, reserved size: 1073741824
Narrow klass base: 0x0000000800000000, Narrow klass shift: 0, Narrow klass range: 0x100000000

GC Precious Log:
 CPUs: 8 total, 8 available
 Memory: 8192M
 Large Page Support: Disabled
 NUMA Support: Disabled
 Compressed Oops: Enabled (Zero based)
 Heap Region Size: 1M
 Heap Min Capacity: 8M
 Heap Initial Capacity: 128M
 Heap Max Capacity: 2G
 Pre-touch: Disabled
 Parallel Workers: 8
 Concurrent Workers: 2
 Concurrent Refinement Workers: 8
 Periodic GC: Disabled

Heap:
 garbage-first heap   total 65536K, used 32023K [0x0000000780000000, 0x0000000800000000)
  region size 1024K, 23 young (23552K), 7 survivors (7168K)
 Metaspace       used 26582K, committed 26816K, reserved 1073152K
  class space    used 3664K, committed 3776K, reserved 1048576K

Heap Regions: E=young(eden), S=young(survivor), O=old, HS=humongous(starts), HC=humongous(continues), CS=collection set, F=free, OA=open archive, CA=closed archive, TAMS=top-at-mark-start (previous, next)
|   0|0x0000000780000000, 0x0000000780100000, 0x0000000780100000|100%| O|  |TAMS 0x00000007800f2400, 0x0000000780000000| Untracked 
|   1|0x0000000780100000, 0x0000000780200000, 0x0000000780200000|100%| O|  |TAMS 0x0000000780200000, 0x0000000780100000| Untracked 
|   2|0x0000000780200000, 0x0000000780200000, 0x0000000780300000|  0%| F|  |TAMS 0x0000000780200000, 0x0000000780200000| Untracked 
|   3|0x0000000780300000, 0x0000000780300000, 0x0000000780400000|  0%| F|  |TAMS 0x0000000780300000, 0x0000000780300000| Untracked 
|   4|0x0000000780400000, 0x0000000780500000, 0x0000000780500000|100%|HS|  |TAMS 0x0000000780500000, 0x0000000780400000| Complete 
|   5|0x0000000780500000, 0x0000000780600000, 0x0000000780600000|100%|HC|  |TAMS 0x0000000780600000, 0x0000000780500000| Complete 
|   6|0x0000000780600000, 0x0000000780700000, 0x0000000780700000|100%|HS|  |TAMS 0x0000000780700000, 0x0000000780600000| Complete 
|   7|0x0000000780700000, 0x0000000780800000, 0x0000000780800000|100%|HC|  |TAMS 0x0000000780800000, 0x0000000780700000| Complete 
|   8|0x0000000780800000, 0x0000000780900000, 0x0000000780900000|100%| O|  |TAMS 0x0000000780800000, 0x0000000780800000| Untracked 
|   9|0x0000000780900000, 0x0000000780a00000, 0x0000000780a00000|100%| O|  |TAMS 0x0000000780900000, 0x0000000780900000| Untracked 
|  10|0x0000000780a00000, 0x0000000780aa6c00, 0x0000000780b00000| 65%| O|  |TAMS 0x0000000780a00000, 0x0000000780a00000| Complete 
|  11|0x0000000780b00000, 0x0000000780b00000, 0x0000000780c00000|  0%| F|  |TAMS 0x0000000780b00000, 0x0000000780b00000| Untracked 
|  12|0x0000000780c00000, 0x0000000780c00000, 0x0000000780d00000|  0%| F|  |TAMS 0x0000000780c00000, 0x0000000780c00000| Untracked 
|  13|0x0000000780d00000, 0x0000000780d00000, 0x0000000780e00000|  0%| F|  |TAMS 0x0000000780d00000, 0x0000000780d00000| Untracked 
|  14|0x0000000780e00000, 0x0000000780e00000, 0x0000000780f00000|  0%| F|  |TAMS 0x0000000780e00000, 0x0000000780e00000| Untracked 
|  15|0x0000000780f00000, 0x0000000780f00000, 0x0000000781000000|  0%| F|  |TAMS 0x0000000780f00000, 0x0000000780f00000| Untracked 
|  16|0x0000000781000000, 0x0000000781000000, 0x0000000781100000|  0%| F|  |TAMS 0x0000000781000000, 0x0000000781000000| Untracked 
|  17|0x0000000781100000, 0x0000000781100000, 0x0000000781200000|  0%| F|  |TAMS 0x0000000781100000, 0x0000000781100000| Untracked 
|  18|0x0000000781200000, 0x0000000781200000, 0x0000000781300000|  0%| F|  |TAMS 0x0000000781200000, 0x0000000781200000| Untracked 
|  19|0x0000000781300000, 0x0000000781300000, 0x0000000781400000|  0%| F|  |TAMS 0x0000000781300000, 0x0000000781300000| Untracked 
|  20|0x0000000781400000, 0x0000000781400000, 0x0000000781500000|  0%| F|  |TAMS 0x0000000781400000, 0x0000000781400000| Untracked 
|  21|0x0000000781500000, 0x0000000781500000, 0x0000000781600000|  0%| F|  |TAMS 0x0000000781500000, 0x0000000781500000| Untracked 
|  22|0x0000000781600000, 0x0000000781600000, 0x0000000781700000|  0%| F|  |TAMS 0x0000000781600000, 0x0000000781600000| Untracked 
|  23|0x0000000781700000, 0x0000000781700000, 0x0000000781800000|  0%| F|  |TAMS 0x0000000781700000, 0x0000000781700000| Untracked 
|  24|0x0000000781800000, 0x0000000781800000, 0x0000000781900000|  0%| F|  |TAMS 0x0000000781800000, 0x0000000781800000| Untracked 
|  25|0x0000000781900000, 0x0000000781900000, 0x0000000781a00000|  0%| F|  |TAMS 0x0000000781900000, 0x0000000781900000| Untracked 
|  26|0x0000000781a00000, 0x0000000781a00000, 0x0000000781b00000|  0%| F|  |TAMS 0x0000000781a00000, 0x0000000781a00000| Untracked 
|  27|0x0000000781b00000, 0x0000000781b00000, 0x0000000781c00000|  0%| F|  |TAMS 0x0000000781b00000, 0x0000000781b00000| Untracked 
|  28|0x0000000781c00000, 0x0000000781c00000, 0x0000000781d00000|  0%| F|  |TAMS 0x0000000781c00000, 0x0000000781c00000| Untracked 
|  29|0x0000000781d00000, 0x0000000781d00000, 0x0000000781e00000|  0%| F|  |TAMS 0x0000000781d00000, 0x0000000781d00000| Untracked 
|  30|0x0000000781e00000, 0x0000000781e00000, 0x0000000781f00000|  0%| F|  |TAMS 0x0000000781e00000, 0x0000000781e00000| Untracked 
|  31|0x0000000781f00000, 0x0000000781f00000, 0x0000000782000000|  0%| F|  |TAMS 0x0000000781f00000, 0x0000000781f00000| Untracked 
|  32|0x0000000782000000, 0x0000000782000000, 0x0000000782100000|  0%| F|  |TAMS 0x0000000782000000, 0x0000000782000000| Untracked 
|  33|0x0000000782100000, 0x0000000782100000, 0x0000000782200000|  0%| F|  |TAMS 0x0000000782100000, 0x0000000782100000| Untracked 
|  34|0x0000000782200000, 0x0000000782200000, 0x0000000782300000|  0%| F|  |TAMS 0x0000000782200000, 0x0000000782200000| Untracked 
|  35|0x0000000782300000, 0x0000000782300000, 0x0000000782400000|  0%| F|  |TAMS 0x0000000782300000, 0x0000000782300000| Untracked 
|  36|0x0000000782400000, 0x0000000782400000, 0x0000000782500000|  0%| F|  |TAMS 0x0000000782400000, 0x0000000782400000| Untracked 
|  37|0x0000000782500000, 0x0000000782500000, 0x0000000782600000|  0%| F|  |TAMS 0x0000000782500000, 0x0000000782500000| Untracked 
|  38|0x0000000782600000, 0x0000000782600000, 0x0000000782700000|  0%| F|  |TAMS 0x0000000782600000, 0x0000000782600000| Untracked 
|  39|0x0000000782700000, 0x0000000782800000, 0x0000000782800000|100%| E|  |TAMS 0x0000000782700000, 0x0000000782700000| Complete 
|  40|0x0000000782800000, 0x0000000782900000, 0x0000000782900000|100%| E|CS|TAMS 0x0000000782800000, 0x0000000782800000| Complete 
|  41|0x0000000782900000, 0x0000000782a00000, 0x0000000782a00000|100%| E|CS|TAMS 0x0000000782900000, 0x0000000782900000| Complete 
|  42|0x0000000782a00000, 0x0000000782b00000, 0x0000000782b00000|100%| E|CS|TAMS 0x0000000782a00000, 0x0000000782a00000| Complete 
|  43|0x0000000782b00000, 0x0000000782c00000, 0x0000000782c00000|100%| E|CS|TAMS 0x0000000782b00000, 0x0000000782b00000| Complete 
|  44|0x0000000782c00000, 0x0000000782d00000, 0x0000000782d00000|100%| E|CS|TAMS 0x0000000782c00000, 0x0000000782c00000| Complete 
|  45|0x0000000782d00000, 0x0000000782e00000, 0x0000000782e00000|100%| E|CS|TAMS 0x0000000782d00000, 0x0000000782d00000| Complete 
|  46|0x0000000782e00000, 0x0000000782f00000, 0x0000000782f00000|100%| E|CS|TAMS 0x0000000782e00000, 0x0000000782e00000| Complete 
|  47|0x0000000782f00000, 0x0000000783000000, 0x0000000783000000|100%| E|CS|TAMS 0x0000000782f00000, 0x0000000782f00000| Complete 
|  48|0x0000000783000000, 0x0000000783100000, 0x0000000783100000|100%| E|CS|TAMS 0x0000000783000000, 0x0000000783000000| Complete 
|  49|0x0000000783100000, 0x0000000783200000, 0x0000000783200000|100%| E|CS|TAMS 0x0000000783100000, 0x0000000783100000| Complete 
|  50|0x0000000783200000, 0x0000000783300000, 0x0000000783300000|100%| E|CS|TAMS 0x0000000783200000, 0x0000000783200000| Complete 
|  51|0x0000000783300000, 0x0000000783400000, 0x0000000783400000|100%| E|CS|TAMS 0x0000000783300000, 0x0000000783300000| Complete 
|  52|0x0000000783400000, 0x0000000783500000, 0x0000000783500000|100%| E|CS|TAMS 0x0000000783400000, 0x0000000783400000| Complete 
|  53|0x0000000783500000, 0x0000000783600000, 0x0000000783600000|100%| E|CS|TAMS 0x0000000783500000, 0x0000000783500000| Complete 
|  95|0x0000000785f00000, 0x0000000785faa250, 0x0000000786000000| 66%| S|CS|TAMS 0x0000000785f00000, 0x0000000785f00000| Complete 
|  96|0x0000000786000000, 0x0000000786100000, 0x0000000786100000|100%| S|CS|TAMS 0x0000000786000000, 0x0000000786000000| Complete 
|  97|0x0000000786100000, 0x0000000786200000, 0x0000000786200000|100%| S|CS|TAMS 0x0000000786100000, 0x0000000786100000| Complete 
|  98|0x0000000786200000, 0x0000000786300000, 0x0000000786300000|100%| S|CS|TAMS 0x0000000786200000, 0x0000000786200000| Complete 
|  99|0x0000000786300000, 0x0000000786400000, 0x0000000786400000|100%| S|CS|TAMS 0x0000000786300000, 0x0000000786300000| Complete 
| 100|0x0000000786400000, 0x0000000786500000, 0x0000000786500000|100%| S|CS|TAMS 0x0000000786400000, 0x0000000786400000| Complete 
| 101|0x0000000786500000, 0x0000000786600000, 0x0000000786600000|100%| S|CS|TAMS 0x0000000786500000, 0x0000000786500000| Complete 
| 127|0x0000000787f00000, 0x0000000788000000, 0x0000000788000000|100%| E|CS|TAMS 0x0000000787f00000, 0x0000000787f00000| Complete 
|2046|0x00000007ffe00000, 0x00000007ffe76000, 0x00000007fff00000| 46%|OA|  |TAMS 0x00000007ffe76000, 0x00000007ffe00000| Untracked 
|2047|0x00000007fff00000, 0x00000007fff7f000, 0x0000000800000000| 49%|CA|  |TAMS 0x00000007fff7f000, 0x00000007fff00000| Untracked 

Card table byte_map: [0x000000010afde000,0x000000010b3de000] _byte_map_base: 0x00000001073de000

Marking Bits (Prev, Next): (CMBitMap*) 0x00007fab4382c050, (CMBitMap*) 0x00007fab4382c010
 Prev Bits: [0x000000012683f000, 0x000000012883f000)
 Next Bits: [0x000000012483f000, 0x000000012683f000)

Polling page: 0x0000000102251000

Metaspace:

Usage:
  Non-class:     22.38 MB used.
      Class:      3.58 MB used.
       Both:     25.96 MB used.

Virtual space:
  Non-class space:       24.00 MB reserved,      22.50 MB ( 94%) committed,  3 nodes.
      Class space:        1.00 GB reserved,       3.69 MB ( <1%) committed,  1 nodes.
             Both:        1.02 GB reserved,      26.19 MB (  2%) committed. 

Chunk freelists:
   Non-Class:  1.47 MB
       Class:  336.00 KB
        Both:  1.80 MB

MaxMetaspaceSize: unlimited
CompressedClassSpaceSize: 1.00 GB
Initial GC threshold: 21.00 MB
Current GC threshold: 35.62 MB
CDS: on
MetaspaceReclaimPolicy: balanced
 - commit_granule_bytes: 65536.
 - commit_granule_words: 8192.
 - virtual_space_node_default_size: 1048576.
 - enlarge_chunks_in_place: 1.
 - new_chunks_are_fully_committed: 0.
 - uncommit_free_chunks: 1.
 - use_allocation_guard: 0.
 - handle_deallocations: 1.


Internal statistics:

num_allocs_failed_limit: 6.
num_arena_births: 222.
num_arena_deaths: 0.
num_vsnodes_births: 4.
num_vsnodes_deaths: 0.
num_space_committed: 419.
num_space_uncommitted: 0.
num_chunks_returned_to_freelist: 6.
num_chunks_taken_from_freelist: 971.
num_chunk_merges: 0.
num_chunk_splits: 668.
num_chunks_enlarged: 538.
num_purges: 0.
num_inconsistent_stats: 0.

CodeHeap 'non-profiled nmethods': size=120028Kb used=1334Kb max_used=1334Kb free=118694Kb
 bounds [0x000000011d308000, 0x000000011d578000, 0x000000012483f000]
CodeHeap 'profiled nmethods': size=120028Kb used=6171Kb max_used=6171Kb free=113856Kb
 bounds [0x0000000115dd1000, 0x00000001163e1000, 0x000000011d308000]
CodeHeap 'non-nmethods': size=5704Kb used=1504Kb max_used=1520Kb free=4199Kb
 bounds [0x000000011583f000, 0x0000000115aaf000, 0x0000000115dd1000]
 total_blobs=4137 nmethods=3251 adapters=799
 compilation: enabled
              stopped_count=0, restarted_count=0
 full_count=0

Compilation events (20 events):
Event: 4.816 Thread 0x00007fab42817e00 3221       1       javafx.scene.layout.CornerRadii::getBottomLeftHorizontalRadius (5 bytes)
Event: 4.816 Thread 0x00007fab42817e00 nmethod 3221 0x000000011d44fc10 code [0x000000011d44fda0, 0x000000011d44fe70]
Event: 4.816 Thread 0x00007fab42817e00 3222       3       com.sun.javafx.sg.prism.NGNode::visualsChanged (9 bytes)
Event: 4.816 Thread 0x00007fab42817e00 nmethod 3222 0x00000001163c8e10 code [0x00000001163c8fe0, 0x00000001163c9310]
Event: 4.819 Thread 0x00007fab42817e00 3223       3       java.util.AbstractList::iterator (9 bytes)
Event: 4.819 Thread 0x00007fab42817e00 nmethod 3223 0x00000001163c9410 code [0x00000001163c95c0, 0x00000001163c9850]
Event: 4.819 Thread 0x00007fab42817e00 3224       3       javafx.scene.layout.Region::getWidth (22 bytes)
Event: 4.819 Thread 0x00007fab42817e00 nmethod 3224 0x00000001163c9990 code [0x00000001163c9b60, 0x00000001163c9f20]
Event: 4.819 Thread 0x00007fab42817e00 3225       1       javafx.scene.layout.Background::getOutsets (5 bytes)
Event: 4.819 Thread 0x00007fab42817e00 nmethod 3225 0x000000011d44ff10 code [0x000000011d4500a0, 0x000000011d450170]
Event: 4.819 Thread 0x00007fab42817e00 3226       1       javafx.scene.layout.BackgroundFill::getFill (5 bytes)
Event: 4.819 Thread 0x00007fab42817e00 nmethod 3226 0x000000011d450210 code [0x000000011d4503a0, 0x000000011d450470]
Event: 4.819 Thread 0x00007fab42817e00 3228       1       com.sun.javafx.sg.prism.NGNode::hasVisuals (2 bytes)
Event: 4.819 Thread 0x00007fab42817e00 nmethod 3228 0x000000011d450510 code [0x000000011d4506a0, 0x000000011d450770]
Event: 4.819 Thread 0x00007fab42817e00 3227       1       javafx.scene.layout.Background::getFills (5 bytes)
Event: 4.819 Thread 0x00007fab42817e00 nmethod 3227 0x000000011d450810 code [0x000000011d4509a0, 0x000000011d450a70]
Event: 4.821 Thread 0x00007fab42817e00 3229       1       com.sun.javafx.sg.prism.NGNode::getTransform (5 bytes)
Event: 4.821 Thread 0x00007fab42817e00 nmethod 3229 0x000000011d450b10 code [0x000000011d450ca0, 0x000000011d450d70]
Event: 4.821 Thread 0x00007fab42817e00 3230       1       com.sun.javafx.sg.prism.NGNode::getNodeBlendMode (5 bytes)
Event: 4.821 Thread 0x00007fab42817e00 nmethod 3230 0x000000011d450e10 code [0x000000011d450fa0, 0x000000011d451070]

GC Heap History (6 events):
Event: 0.930 GC heap before
{Heap before GC invocations=0 (full 0):
 garbage-first heap   total 133120K, used 24532K [0x0000000780000000, 0x0000000800000000)
  region size 1024K, 23 young (23552K), 0 survivors (0K)
 Metaspace       used 5989K, committed 6144K, reserved 1056768K
  class space    used 561K, committed 640K, reserved 1048576K
}
Event: 0.941 GC heap after
{Heap after GC invocations=1 (full 0):
 garbage-first heap   total 133120K, used 4344K [0x0000000780000000, 0x0000000800000000)
  region size 1024K, 3 young (3072K), 3 survivors (3072K)
 Metaspace       used 5989K, committed 6144K, reserved 1056768K
  class space    used 561K, committed 640K, reserved 1048576K
}
Event: 2.395 GC heap before
{Heap before GC invocations=1 (full 0):
 garbage-first heap   total 133120K, used 43256K [0x0000000780000000, 0x0000000800000000)
  region size 1024K, 42 young (43008K), 3 survivors (3072K)
 Metaspace       used 15066K, committed 15232K, reserved 1064960K
  class space    used 2032K, committed 2112K, reserved 1048576K
}
Event: 2.419 GC heap after
{Heap after GC invocations=2 (full 0):
 garbage-first heap   total 133120K, used 9117K [0x0000000780000000, 0x0000000800000000)
  region size 1024K, 6 young (6144K), 6 survivors (6144K)
 Metaspace       used 15066K, committed 15232K, reserved 1064960K
  class space    used 2032K, committed 2112K, reserved 1048576K
}
Event: 3.405 GC heap before
{Heap before GC invocations=2 (full 0):
 garbage-first heap   total 133120K, used 40861K [0x0000000780000000, 0x0000000800000000)
  region size 1024K, 32 young (32768K), 6 survivors (6144K)
 Metaspace       used 21296K, committed 21504K, reserved 1073152K
  class space    used 2849K, committed 2944K, reserved 1048576K
}
Event: 3.440 GC heap after
{Heap after GC invocations=3 (full 0):
 garbage-first heap   total 133120K, used 16663K [0x0000000780000000, 0x0000000800000000)
  region size 1024K, 7 young (7168K), 7 survivors (7168K)
 Metaspace       used 21296K, committed 21504K, reserved 1073152K
  class space    used 2849K, committed 2944K, reserved 1048576K
}

Deoptimization events (20 events):
Event: 4.012 Thread 0x00007fab42fffa00 DEOPT PACKING pc=0x000000011d3ddc94 sp=0x000000030acc28e0
Event: 4.013 Thread 0x00007fab42fffa00 DEOPT UNPACKING pc=0x0000000115891093 sp=0x000000030acc2838 mode 2
Event: 4.044 Thread 0x00007fab14013400 DEOPT PACKING pc=0x00000001162b3e56 sp=0x000000030b357c90
Event: 4.044 Thread 0x00007fab14013400 DEOPT UNPACKING pc=0x0000000115891810 sp=0x000000030b3570e0 mode 0
Event: 4.049 Thread 0x00007fab14013400 Uncommon trap: trap_request=0xffffffc6 fr.pc=0x000000011d3ddd94 relative=0x0000000000001634
Event: 4.049 Thread 0x00007fab14013400 Uncommon trap: reason=bimorphic_or_optimized_type_check action=maybe_recompile pc=0x000000011d3ddd94 method=java.util.HashMap.putVal(ILjava/lang/Object;Ljava/lang/Object;ZZ)Ljava/lang/Object; @ 56 c2
Event: 4.049 Thread 0x00007fab14013400 DEOPT PACKING pc=0x000000011d3ddd94 sp=0x000000030b3587e0
Event: 4.049 Thread 0x00007fab14013400 DEOPT UNPACKING pc=0x0000000115891093 sp=0x000000030b358710 mode 2
Event: 4.548 Thread 0x00007fab3284be00 Uncommon trap: trap_request=0xffffffde fr.pc=0x000000011d3fbfa8 relative=0x0000000000002108
Event: 4.548 Thread 0x00007fab3284be00 Uncommon trap: reason=class_check action=maybe_recompile pc=0x000000011d3fbfa8 method=javafx.css.CssLexer.readChar()I @ 4 c2
Event: 4.548 Thread 0x00007fab3284be00 DEOPT PACKING pc=0x000000011d3fbfa8 sp=0x000000030872b3f0
Event: 4.548 Thread 0x00007fab3284be00 DEOPT UNPACKING pc=0x0000000115891093 sp=0x000000030872b348 mode 2
Event: 4.618 Thread 0x00007fab3284be00 Uncommon trap: trap_request=0xffffffc6 fr.pc=0x000000011d3ed478 relative=0x0000000000000ab8
Event: 4.618 Thread 0x00007fab3284be00 Uncommon trap: reason=bimorphic_or_optimized_type_check action=maybe_recompile pc=0x000000011d3ed478 method=java.util.regex.Pattern$Start.match(Ljava/util/regex/Matcher;ILjava/lang/CharSequence;)Z @ 44 c2
Event: 4.618 Thread 0x00007fab3284be00 DEOPT PACKING pc=0x000000011d3ed478 sp=0x000000030872b7f0
Event: 4.618 Thread 0x00007fab3284be00 DEOPT UNPACKING pc=0x0000000115891093 sp=0x000000030872b770 mode 2
Event: 4.738 Thread 0x00007fab3284be00 Uncommon trap: trap_request=0xffffff45 fr.pc=0x000000011d3ad160 relative=0x00000000000000c0
Event: 4.738 Thread 0x00007fab3284be00 Uncommon trap: reason=unstable_if action=reinterpret pc=0x000000011d3ad160 method=java.lang.Math.round(D)J @ 48 c2
Event: 4.739 Thread 0x00007fab3284be00 DEOPT PACKING pc=0x000000011d3ad160 sp=0x000000030872adb0
Event: 4.739 Thread 0x00007fab3284be00 DEOPT UNPACKING pc=0x0000000115891093 sp=0x000000030872ad30 mode 2

Classes unloaded (0 events):
No events

Classes redefined (0 events):
No events

Internal exceptions (20 events):
Event: 2.803 Thread 0x00007fab42fffa00 Exception <a 'java/lang/NoSuchMethodError'{0x00000007874036d8}: 'int java.lang.invoke.DirectMethodHandle$Holder.invokeStaticInit(java.lang.Object, java.lang.Object, java.lang.Object, java.lang.Object)'> (0x00000007874036d8) 
thrown [open/src/hotspot/share/interpreter/linkResolver.cpp, line 766]
Event: 2.807 Thread 0x00007fab42fffa00 Exception <a 'java/lang/NoSuchMethodError'{0x000000078740cc00}: 'java.lang.Object java.lang.invoke.DirectMethodHandle$Holder.invokeInterface(java.lang.Object, java.lang.Object)'> (0x000000078740cc00) 
thrown [open/src/hotspot/share/interpreter/linkResolver.cpp, line 766]
Event: 2.810 Thread 0x00007fab42fffa00 Exception <a 'java/lang/IncompatibleClassChangeError'{0x00000007874103f8}: Found class java.lang.Object, but interface was expected> (0x00000007874103f8) 
thrown [open/src/hotspot/share/interpreter/linkResolver.cpp, line 833]
Event: 2.901 Thread 0x00007fab32a8c800 Exception <a 'java/lang/NoSuchMethodError'{0x000000078766c480}: 'void java.lang.invoke.DirectMethodHandle$Holder.invokeSpecial(java.lang.Object, java.lang.Object, java.lang.Object, java.lang.Object, java.lang.Object)'> (0x000000078766c480) 
thrown [open/src/hotspot/share/interpreter/linkResolver.cpp, line 766]
Event: 2.956 Thread 0x00007fab3284be00 Exception <a 'java/lang/NoSuchMethodError'{0x000000078738e748}: 'long java.lang.invoke.DirectMethodHandle$Holder.invokeStatic(java.lang.Object, java.lang.Object, java.lang.Object)'> (0x000000078738e748) 
thrown [open/src/hotspot/share/interpreter/linkResolver.cpp, line 766]
Event: 2.957 Thread 0x00007fab3284be00 Exception <a 'java/lang/NoSuchMethodError'{0x0000000787391ef0}: 'long java.lang.invoke.DirectMethodHandle$Holder.invokeStaticInit(java.lang.Object, java.lang.Object, java.lang.Object)'> (0x0000000787391ef0) 
thrown [open/src/hotspot/share/interpreter/linkResolver.cpp, line 766]
Event: 2.962 Thread 0x00007fab3284be00 Exception <a 'java/lang/NoSuchMethodError'{0x00000007873a9e70}: 'java.lang.Object java.lang.invoke.DirectMethodHandle$Holder.newInvokeSpecial(java.lang.Object, java.lang.Object, long)'> (0x00000007873a9e70) 
thrown [open/src/hotspot/share/interpreter/linkResolver.cpp, line 766]
Event: 2.964 Thread 0x00007fab3284be00 Exception <a 'java/lang/NoSuchMethodError'{0x00000007873ad738}: 'java.lang.Object java.lang.invoke.Invokers$Holder.linkToTargetMethod(java.lang.Object, long, java.lang.Object)'> (0x00000007873ad738) 
thrown [open/src/hotspot/share/interpreter/linkResolver.cpp, line 766]
Event: 2.995 Thread 0x00007fab3284be00 Exception <a 'java/lang/ClassNotFoundException'{0x00000007871e4db0}: com/sun/javafx/scene/control/skin/resources/controls> (0x00000007871e4db0) 
thrown [open/src/hotspot/share/prims/jni.cpp, line 535]
Event: 2.998 Thread 0x00007fab3284be00 Exception <a 'java/lang/ClassNotFoundException'{0x00000007871f2d30}: com/sun/javafx/scene/control/skin/resources/controls_en> (0x00000007871f2d30) 
thrown [open/src/hotspot/share/prims/jni.cpp, line 535]
Event: 3.000 Thread 0x00007fab3284be00 Exception <a 'java/lang/ClassNotFoundException'{0x00000007871f4430}: com/sun/javafx/scene/control/skin/resources/controls_en_US> (0x00000007871f4430) 
thrown [open/src/hotspot/share/prims/jni.cpp, line 535]
Event: 3.026 Thread 0x00007fab3284be00 Exception <a 'java/lang/NoSuchMethodError'{0x000000078701dfa0}: 'java.lang.Object java.lang.invoke.DirectMethodHandle$Holder.invokeInterface(java.lang.Object, java.lang.Object, java.lang.Object)'> (0x000000078701dfa0) 
thrown [open/src/hotspot/share/interpreter/linkResolver.cpp, line 766]
Event: 3.027 Thread 0x00007fab3284be00 Exception <a 'java/lang/IncompatibleClassChangeError'{0x0000000787021928}: Found class java.lang.Object, but interface was expected> (0x0000000787021928) 
thrown [open/src/hotspot/share/interpreter/linkResolver.cpp, line 833]
Event: 3.897 Thread 0x00007fab42fffa00 Implicit null exception at 0x000000011d403dac to 0x000000011d403ee2
Event: 4.440 Thread 0x00007fab3284be00 Exception <a 'java/lang/NoSuchMethodError'{0x0000000782f36400}: 'java.lang.Object java.lang.invoke.DirectMethodHandle$Holder.newInvokeSpecial(java.lang.Object, java.lang.Object, int, int, int, int, int, java.lang.Object)'> (0x0000000782f36400) 
thrown [open/src/hotspot/share/interpreter/linkResolver.cpp, line 766]
Event: 4.443 Thread 0x00007fab3284be00 Exception <a 'java/lang/NoSuchMethodError'{0x0000000782f493e0}: 'java.lang.Object java.lang.invoke.DirectMethodHandle$Holder.newInvokeSpecial(java.lang.Object, java.lang.Object, java.lang.Object, int, int, int, int, int)'> (0x0000000782f493e0) 
thrown [open/src/hotspot/share/interpreter/linkResolver.cpp, line 766]
Event: 4.443 Thread 0x00007fab3284be00 Exception <a 'java/lang/NoSuchMethodError'{0x0000000782f50c40}: 'java.lang.Object java.lang.invoke.Invokers$Holder.linkToTargetMethod(java.lang.Object, java.lang.Object, int, int, int, int, int, java.lang.Object)'> (0x0000000782f50c40) 
thrown [open/src/hotspot/share/interpreter/linkResolver.cpp, line 766]
Event: 4.626 Thread 0x00007fab3284be00 Exception <a 'java/lang/NoSuchMethodError'{0x0000000782dc4b98}: 'void java.lang.invoke.DirectMethodHandle$Holder.invokeSpecial(java.lang.Object, java.lang.Object, java.lang.Object, java.lang.Object, java.lang.Object, java.lang.Object)'> (0x0000000782dc4b98) 
thrown [open/src/hotspot/share/interpreter/linkResolver.cpp, line 766]
Event: 4.681 Thread 0x00007fab3284be00 Exception <a 'java/lang/NoSuchMethodError'{0x0000000782bf1eb0}: 'void java.lang.invoke.DirectMethodHandle$Holder.invokeSpecialIFC(java.lang.Object, java.lang.Object, java.lang.Object, java.lang.Object)'> (0x0000000782bf1eb0) 
thrown [open/src/hotspot/share/interpreter/linkResolver.cpp, line 766]
Event: 4.718 Thread 0x00007fab3284be00 Exception <a 'java/lang/NoSuchMethodError'{0x00000007829a4e68}: 'int java.lang.invoke.DirectMethodHandle$Holder.invokeSpecial(java.lang.Object, java.lang.Object, int)'> (0x00000007829a4e68) 
thrown [open/src/hotspot/share/interpreter/linkResolver.cpp, line 766]

VM Operations (20 events):
Event: 3.450 Executing VM operation: CollectForMetadataAllocation
Event: 3.452 Executing VM operation: CollectForMetadataAllocation done
Event: 3.456 Executing VM operation: G1Concurrent
Event: 3.485 Executing VM operation: G1Concurrent done
Event: 3.487 Executing VM operation: G1Concurrent
Event: 3.488 Executing VM operation: G1Concurrent done
Event: 3.566 Executing VM operation: HandshakeAllThreads
Event: 3.566 Executing VM operation: HandshakeAllThreads done
Event: 3.969 Executing VM operation: HandshakeAllThreads
Event: 3.969 Executing VM operation: HandshakeAllThreads done
Event: 4.033 Executing VM operation: HandshakeAllThreads
Event: 4.033 Executing VM operation: HandshakeAllThreads done
Event: 4.033 Executing VM operation: HandshakeAllThreads
Event: 4.033 Executing VM operation: HandshakeAllThreads done
Event: 4.049 Executing VM operation: HandshakeAllThreads
Event: 4.049 Executing VM operation: HandshakeAllThreads done
Event: 4.593 Executing VM operation: ICBufferFull
Event: 4.594 Executing VM operation: ICBufferFull done
Event: 4.672 Executing VM operation: HandshakeAllThreads
Event: 4.672 Executing VM operation: HandshakeAllThreads done

Events (20 events):
Event: 4.044 loading class sun/net/www/http/KeepAliveCache$1
Event: 4.044 loading class sun/net/www/http/KeepAliveCache$1 done
Event: 4.048 Thread 0x00007faae30f9800 Thread added: 0x00007faae30f9800
Event: 4.048 Protecting memory [0x000000030b35c000,0x000000030b360000] with protection modes 0
Event: 4.048 loading class sun/net/www/http/ClientVector
Event: 4.048 loading class sun/net/www/http/ClientVector done
Event: 4.049 loading class sun/net/www/http/KeepAliveEntry
Event: 4.049 loading class sun/net/www/http/KeepAliveEntry done
Event: 4.648 loading class java/lang/FdLibm$Hypot
Event: 4.649 loading class java/lang/FdLibm$Hypot done
Event: 4.649 loading class java/lang/FdLibm
Event: 4.649 loading class java/lang/FdLibm done
Event: 4.668 loading class java/util/BitSet
Event: 4.669 loading class java/util/BitSet done
Event: 4.671 loading class java/util/BitSet$1BitSetSpliterator
Event: 4.671 loading class java/util/BitSet$1BitSetSpliterator done
Event: 4.672 loading class java/util/stream/IntPipeline$1
Event: 4.673 loading class java/util/stream/IntPipeline$1 done
Event: 4.673 loading class java/util/stream/IntPipeline$1$1
Event: 4.673 loading class java/util/stream/IntPipeline$1$1 done


Dynamic libraries:
0x000000010a883000 	/Users/rohanbatra/Library/Java/JavaVirtualMachines/openjdk-17.0.1/Contents/Home/lib/libjli.dylib
0x00007ff812ff2000 	/usr/lib/libz.1.dylib
0x00007ff8130d8000 	/usr/lib/libSystem.B.dylib
0x00007ff8130d3000 	/usr/lib/system/libcache.dylib
0x00007ff81308f000 	/usr/lib/system/libcommonCrypto.dylib
0x00007ff8130b8000 	/usr/lib/system/libcompiler_rt.dylib
0x00007ff8130ae000 	/usr/lib/system/libcopyfile.dylib
0x00007ff807c42000 	/usr/lib/system/libcorecrypto.dylib
0x00007ff807d01000 	/usr/lib/system/libdispatch.dylib
0x00007ff807ec3000 	/usr/lib/system/libdyld.dylib
0x00007ff8130ca000 	/usr/lib/system/libkeymgr.dylib
0x00007ff81306d000 	/usr/lib/system/libmacho.dylib
0x00007ff8126fe000 	/usr/lib/system/libquarantine.dylib
0x00007ff8130c8000 	/usr/lib/system/libremovefile.dylib
0x00007ff80cd41000 	/usr/lib/system/libsystem_asl.dylib
0x00007ff807bf0000 	/usr/lib/system/libsystem_blocks.dylib
0x00007ff807d88000 	/usr/lib/system/libsystem_c.dylib
0x00007ff8130c0000 	/usr/lib/system/libsystem_collections.dylib
0x00007ff811934000 	/usr/lib/system/libsystem_configuration.dylib
0x00007ff810bf4000 	/usr/lib/system/libsystem_containermanager.dylib
0x00007ff812da6000 	/usr/lib/system/libsystem_coreservices.dylib
0x00007ff80a40f000 	/usr/lib/system/libsystem_darwin.dylib
0x00007ff8130cb000 	/usr/lib/system/libsystem_dnssd.dylib
0x00007ff807d85000 	/usr/lib/system/libsystem_featureflags.dylib
0x00007ff807ed9000 	/usr/lib/system/libsystem_info.dylib
0x00007ff813005000 	/usr/lib/system/libsystem_m.dylib
0x00007ff807cd5000 	/usr/lib/system/libsystem_malloc.dylib
0x00007ff80ccde000 	/usr/lib/system/libsystem_networkextension.dylib
0x00007ff80a837000 	/usr/lib/system/libsystem_notify.dylib
0x00007ff8192c5000 	/usr/lib/system/libsystem_product_info_filter.dylib
0x00007ff811938000 	/usr/lib/system/libsystem_sandbox.dylib
0x00007ff8130c5000 	/usr/lib/system/libsystem_secinit.dylib
0x00007ff807e80000 	/usr/lib/system/libsystem_kernel.dylib
0x00007ff807ecf000 	/usr/lib/system/libsystem_platform.dylib
0x00007ff807eb7000 	/usr/lib/system/libsystem_pthread.dylib
0x00007ff80e605000 	/usr/lib/system/libsystem_symptoms.dylib
0x00007ff807c29000 	/usr/lib/system/libsystem_trace.dylib
0x00007ff81309b000 	/usr/lib/system/libunwind.dylib
0x00007ff807bf2000 	/usr/lib/system/libxpc.dylib
0x00007ff807e6a000 	/usr/lib/libc++abi.dylib
0x00007ff807d48000 	/usr/lib/libobjc.A.dylib
0x00007ff8130a6000 	/usr/lib/liboah.dylib
0x00007ff807e11000 	/usr/lib/libc++.1.dylib
0x00007ff81eff4000 	/System/Library/Frameworks/Cocoa.framework/Versions/A/Cocoa
0x00007ff80a895000 	/System/Library/Frameworks/AppKit.framework/Versions/C/AppKit
0x00007ff80dde5000 	/System/Library/Frameworks/CoreData.framework/Versions/A/CoreData
0x00007ff808cb0000 	/System/Library/Frameworks/Foundation.framework/Versions/C/Foundation
0x00007ff80b722000 	/System/Library/PrivateFrameworks/UIFoundation.framework/Versions/A/UIFoundation
0x00007ff818fcc000 	/System/Library/PrivateFrameworks/RemoteViewServices.framework/Versions/A/RemoteViewServices
0x00007ff8112cb000 	/System/Library/PrivateFrameworks/XCTTargetBootstrap.framework/Versions/A/XCTTargetBootstrap
0x00007ff814fa3000 	/System/Library/PrivateFrameworks/InternationalSupport.framework/Versions/A/InternationalSupport
0x00007ff81502d000 	/System/Library/PrivateFrameworks/UserActivity.framework/Versions/A/UserActivity
0x00007ff81438a000 	/usr/lib/libspindump.dylib
0x00007ff80b9b0000 	/System/Library/Frameworks/UniformTypeIdentifiers.framework/Versions/A/UniformTypeIdentifiers
0x00007ff80fa0a000 	/usr/lib/libapp_launch_measurement.dylib
0x00007ff80e7bf000 	/System/Library/PrivateFrameworks/CoreAnalytics.framework/Versions/A/CoreAnalytics
0x00007ff80fa0d000 	/System/Library/PrivateFrameworks/CoreAutoLayout.framework/Versions/A/CoreAutoLayout
0x00007ff810c2c000 	/System/Library/Frameworks/Metal.framework/Versions/A/Metal
0x00007ff811943000 	/usr/lib/liblangid.dylib
0x00007ff8112cf000 	/System/Library/PrivateFrameworks/CoreSVG.framework/Versions/A/CoreSVG
0x00007ff80cd72000 	/System/Library/PrivateFrameworks/SkyLight.framework/Versions/A/SkyLight
0x00007ff80d103000 	/System/Library/Frameworks/CoreGraphics.framework/Versions/A/CoreGraphics
0x00007ff819637000 	/System/Library/Frameworks/Accelerate.framework/Versions/A/Accelerate
0x00007ff813e05000 	/System/Library/PrivateFrameworks/IconServices.framework/Versions/A/IconServices
0x00007ff810c11000 	/System/Library/Frameworks/IOSurface.framework/Versions/A/IOSurface
0x00007ff80e7ed000 	/usr/lib/libDiagnosticMessagesClient.dylib
0x00007ff81cc96000 	/System/Library/Frameworks/ApplicationServices.framework/Versions/A/ApplicationServices
0x00007ff8112b7000 	/System/Library/PrivateFrameworks/DFRFoundation.framework/Versions/A/DFRFoundation
0x00007ff80a186000 	/usr/lib/libicucore.A.dylib
0x00007ff815cc5000 	/System/Library/Frameworks/AudioToolbox.framework/Versions/A/AudioToolbox
0x00007ff814faf000 	/System/Library/PrivateFrameworks/DataDetectorsCore.framework/Versions/A/DataDetectorsCore
0x00007ff910744000 	/System/Library/PrivateFrameworks/TextInput.framework/Versions/A/TextInput
0x00007ff80ccf5000 	/usr/lib/libMobileGestalt.dylib
0x00007ff810fbf000 	/System/Library/Frameworks/Carbon.framework/Versions/A/Frameworks/HIToolbox.framework/Versions/A/HIToolbox
0x00007ff80f438000 	/System/Library/Frameworks/QuartzCore.framework/Versions/A/QuartzCore
0x00007ff809e27000 	/System/Library/Frameworks/Security.framework/Versions/A/Security
0x00007ff819004000 	/System/Library/Frameworks/Carbon.framework/Versions/A/Frameworks/SpeechRecognition.framework/Versions/A/SpeechRecognition
0x00007ff80f76a000 	/System/Library/PrivateFrameworks/CoreUI.framework/Versions/A/CoreUI
0x00007ff809701000 	/System/Library/Frameworks/CoreAudio.framework/Versions/A/CoreAudio
0x00007ff80e8db000 	/System/Library/Frameworks/DiskArbitration.framework/Versions/A/DiskArbitration
0x00007ff81476d000 	/System/Library/PrivateFrameworks/MultitouchSupport.framework/Versions/A/MultitouchSupport
0x00007ff80ccf4000 	/usr/lib/libenergytrace.dylib
0x00007ff80a781000 	/System/Library/Frameworks/IOKit.framework/Versions/A/IOKit
0x00007ff8193ee000 	/System/Library/Frameworks/CoreServices.framework/Versions/A/CoreServices
0x00007ff80f9a4000 	/System/Library/PrivateFrameworks/PerformanceAnalysis.framework/Versions/A/PerformanceAnalysis
0x00007ffa201b3000 	/System/Library/Frameworks/OpenGL.framework/Versions/A/OpenGL
0x00007ff81262a000 	/System/Library/PrivateFrameworks/MobileKeyBag.framework/Versions/A/MobileKeyBag
0x00007ff80d832000 	/System/Library/Frameworks/ColorSync.framework/Versions/A/ColorSync
0x00007ff807f04000 	/System/Library/Frameworks/CoreFoundation.framework/Versions/A/CoreFoundation
0x00007ff81154a000 	/System/Library/Frameworks/CoreImage.framework/Versions/A/CoreImage
0x00007ff809517000 	/System/Library/Frameworks/CoreText.framework/Versions/A/CoreText
0x00007ff8112fe000 	/System/Library/Frameworks/ImageIO.framework/Versions/A/ImageIO
0x00007ff8130de000 	/System/Library/PrivateFrameworks/SoftLinking.framework/Versions/A/SoftLinking
0x00007ff80fa55000 	/usr/lib/libxml2.2.dylib
0x00007ff81335e000 	/usr/lib/libcompression.dylib
0x00007ff814ed9000 	/System/Library/PrivateFrameworks/TextureIO.framework/Versions/A/TextureIO
0x00007ff813a7e000 	/usr/lib/libate.dylib
0x00007ff813837000 	/usr/lib/liblzma.5.dylib
0x00007ff8089c1000 	/System/Library/Frameworks/SystemConfiguration.framework/Versions/A/SystemConfiguration
0x00007ff8130da000 	/usr/lib/libfakelink.dylib
0x00007ff80c848000 	/System/Library/Frameworks/CFNetwork.framework/Versions/A/CFNetwork
0x00007ff813219000 	/usr/lib/libarchive.2.dylib
0x00007ff81193f000 	/System/Library/PrivateFrameworks/AppleSystemInfo.framework/Versions/A/AppleSystemInfo
0x00007ff812724000 	/usr/lib/libbsm.0.dylib
0x00007ff80be7f000 	/usr/lib/libnetwork.dylib
0x00007ff813073000 	/usr/lib/system/libkxld.dylib
0x00007ff812353000 	/System/Library/PrivateFrameworks/IOMobileFramebuffer.framework/Versions/A/IOMobileFramebuffer
0x00007ffb1db55000 	/usr/lib/libCoreEntitlements.dylib
0x00007ff812d88000 	/System/Library/PrivateFrameworks/AppleFSCompression.framework/Versions/A/AppleFSCompression
0x00007ff81270d000 	/usr/lib/libcoretls.dylib
0x00007ff813851000 	/usr/lib/libcoretls_cfhelpers.dylib
0x00007ff813359000 	/usr/lib/libpam.2.dylib
0x00007ff80e22b000 	/usr/lib/libsqlite3.dylib
0x00007ff8138c0000 	/usr/lib/libxar.1.dylib
0x00007ff812d98000 	/usr/lib/libbz2.1.0.dylib
0x00007ff8130df000 	/usr/lib/libpcap.A.dylib
0x00007ff80e5fc000 	/usr/lib/libdns_services.dylib
0x00007ff81332b000 	/usr/lib/libapple_nghttp2.dylib
0x00007ff813116000 	/usr/lib/libiconv.2.dylib
0x00007ff81306c000 	/usr/lib/libcharset.1.dylib
0x00007ff80f9d8000 	/System/Library/Frameworks/CoreServices.framework/Versions/A/Frameworks/FSEvents.framework/Versions/A/FSEvents
0x00007ff80a419000 	/System/Library/Frameworks/CoreServices.framework/Versions/A/Frameworks/CarbonCore.framework/Versions/A/CarbonCore
0x00007ff80e840000 	/System/Library/Frameworks/CoreServices.framework/Versions/A/Frameworks/Metadata.framework/Versions/A/Metadata
0x00007ff812dab000 	/System/Library/Frameworks/CoreServices.framework/Versions/A/Frameworks/OSServices.framework/Versions/A/OSServices
0x00007ff81329f000 	/System/Library/Frameworks/CoreServices.framework/Versions/A/Frameworks/SearchKit.framework/Versions/A/SearchKit
0x00007ff80e58e000 	/System/Library/Frameworks/CoreServices.framework/Versions/A/Frameworks/AE.framework/Versions/A/AE
0x00007ff808405000 	/System/Library/Frameworks/CoreServices.framework/Versions/A/Frameworks/LaunchServices.framework/Versions/A/LaunchServices
0x00007ff8137e8000 	/System/Library/Frameworks/CoreServices.framework/Versions/A/Frameworks/DictionaryServices.framework/Versions/A/DictionaryServices
0x00007ff80f9e5000 	/System/Library/Frameworks/CoreServices.framework/Versions/A/Frameworks/SharedFileList.framework/Versions/A/SharedFileList
0x00007ff812701000 	/usr/lib/libCheckFix.dylib
0x00007ff80cd58000 	/System/Library/PrivateFrameworks/TCC.framework/Versions/A/TCC
0x00007ff811945000 	/System/Library/PrivateFrameworks/CoreNLP.framework/Versions/A/CoreNLP
0x00007ff80e7f0000 	/System/Library/PrivateFrameworks/MetadataUtilities.framework/Versions/A/MetadataUtilities
0x00007ff808a71000 	/usr/lib/libmecabra.dylib
0x00007ff812734000 	/usr/lib/libmecab.dylib
0x00007ff808a3c000 	/usr/lib/libCRFSuite.dylib
0x00007ff812791000 	/usr/lib/libgermantok.dylib
0x00007ff813306000 	/usr/lib/libThaiTokenizer.dylib
0x00007ff80e8e2000 	/System/Library/Frameworks/Accelerate.framework/Versions/A/Frameworks/vImage.framework/Versions/A/vImage
0x00007ff8193c5000 	/System/Library/Frameworks/Accelerate.framework/Versions/A/Frameworks/vecLib.framework/Versions/A/vecLib
0x00007ff813901000 	/System/Library/Frameworks/Accelerate.framework/Versions/A/Frameworks/vecLib.framework/Versions/A/libvMisc.dylib
0x00007ff812147000 	/System/Library/Frameworks/Accelerate.framework/Versions/A/Frameworks/vecLib.framework/Versions/A/libvDSP.dylib
0x00007ff80877d000 	/System/Library/Frameworks/Accelerate.framework/Versions/A/Frameworks/vecLib.framework/Versions/A/libBLAS.dylib
0x00007ff81343b000 	/System/Library/Frameworks/Accelerate.framework/Versions/A/Frameworks/vecLib.framework/Versions/A/libLAPACK.dylib
0x00007ff812794000 	/System/Library/Frameworks/Accelerate.framework/Versions/A/Frameworks/vecLib.framework/Versions/A/libLinearAlgebra.dylib
0x00007ff813344000 	/System/Library/Frameworks/Accelerate.framework/Versions/A/Frameworks/vecLib.framework/Versions/A/libSparseBLAS.dylib
0x00007ff813435000 	/System/Library/Frameworks/Accelerate.framework/Versions/A/Frameworks/vecLib.framework/Versions/A/libQuadrature.dylib
0x00007ff811a2f000 	/System/Library/Frameworks/Accelerate.framework/Versions/A/Frameworks/vecLib.framework/Versions/A/libBNNS.dylib
0x00007ff808952000 	/System/Library/Frameworks/Accelerate.framework/Versions/A/Frameworks/vecLib.framework/Versions/A/libSparse.dylib
0x00007ff811a28000 	/System/Library/PrivateFrameworks/LinguisticData.framework/Versions/A/LinguisticData
0x00007ff808907000 	/System/Library/PrivateFrameworks/Lexicon.framework/Versions/A/Lexicon
0x00007ff8138fa000 	/usr/lib/libChineseTokenizer.dylib
0x00007ff80906b000 	/System/Library/PrivateFrameworks/LanguageModeling.framework/Versions/A/LanguageModeling
0x00007ff813308000 	/System/Library/PrivateFrameworks/AppleSauce.framework/Versions/A/AppleSauce
0x00007ff812341000 	/System/Library/PrivateFrameworks/CoreEmoji.framework/Versions/A/CoreEmoji
0x00007ff813208000 	/usr/lib/libcmph.dylib
0x00007ff80f9bc000 	/System/Library/Frameworks/OpenDirectory.framework/Versions/A/Frameworks/CFOpenDirectory.framework/Versions/A/CFOpenDirectory
0x00007ff80f9b0000 	/System/Library/Frameworks/OpenDirectory.framework/Versions/A/OpenDirectory
0x00007ff813853000 	/System/Library/PrivateFrameworks/APFS.framework/Versions/A/APFS
0x00007ff812662000 	/System/Library/Frameworks/SecurityFoundation.framework/Versions/A/SecurityFoundation
0x00007ff8138ce000 	/usr/lib/libutil.dylib
0x00007ff80a744000 	/System/Library/PrivateFrameworks/CoreServicesStore.framework/Versions/A/CoreServicesStore
0x00007ff8138d2000 	/usr/lib/libxslt.1.dylib
0x00007ff8126ef000 	/System/Library/PrivateFrameworks/BackgroundTaskManagement.framework/Versions/A/BackgroundTaskManagement
0x00007ff814dfb000 	/System/Library/Frameworks/ImageIO.framework/Versions/A/Resources/libRadiance.dylib
0x00007ff814e04000 	/System/Library/Frameworks/ImageIO.framework/Versions/A/Resources/libJPEG.dylib
0x00007ff814d55000 	/System/Library/Frameworks/ImageIO.framework/Versions/A/Resources/libPng.dylib
0x00007ff814d76000 	/System/Library/Frameworks/ImageIO.framework/Versions/A/Resources/libTIFF.dylib
0x00007ff814e62000 	/System/Library/Frameworks/ImageIO.framework/Versions/A/Resources/libGIF.dylib
0x00007ff81468a000 	/System/Library/Frameworks/ImageIO.framework/Versions/A/Resources/libJP2.dylib
0x00007ff813dcc000 	/usr/lib/libexpat.1.dylib
0x00007ff81463f000 	/System/Library/PrivateFrameworks/AppleJPEG.framework/Versions/A/AppleJPEG
0x00007ff810e86000 	/System/Library/PrivateFrameworks/FontServices.framework/libFontParser.dylib
0x00007ff80e538000 	/System/Library/PrivateFrameworks/RunningBoardServices.framework/Versions/A/RunningBoardServices
0x00007ff81f565000 	/System/Library/PrivateFrameworks/IOSurfaceAccelerator.framework/Versions/A/IOSurfaceAccelerator
0x00007ff814769000 	/System/Library/PrivateFrameworks/WatchdogClient.framework/Versions/A/WatchdogClient
0x00007ff80915a000 	/System/Library/Frameworks/CoreDisplay.framework/Versions/A/CoreDisplay
0x00007ff810d86000 	/System/Library/Frameworks/CoreMedia.framework/Versions/A/CoreMedia
0x00007ff810c23000 	/System/Library/PrivateFrameworks/IOAccelerator.framework/Versions/A/IOAccelerator
0x00007ff80fb38000 	/System/Library/Frameworks/CoreVideo.framework/Versions/A/CoreVideo
0x00007ff813357000 	/System/Library/Frameworks/MetalPerformanceShaders.framework/Versions/A/MetalPerformanceShaders
0x00007ff8147a4000 	/System/Library/Frameworks/VideoToolbox.framework/Versions/A/VideoToolbox
0x00007ff80e480000 	/System/Library/PrivateFrameworks/BaseBoard.framework/Versions/A/BaseBoard
0x00007ff80e211000 	/System/Library/PrivateFrameworks/ProtocolBuffer.framework/Versions/A/ProtocolBuffer
0x00007ff814df4000 	/System/Library/PrivateFrameworks/GPUWrangler.framework/Versions/A/GPUWrangler
0x00007ff814dd7000 	/System/Library/PrivateFrameworks/IOPresentment.framework/Versions/A/IOPresentment
0x00007ff814dfe000 	/System/Library/PrivateFrameworks/DSExternalDisplay.framework/Versions/A/DSExternalDisplay
0x00007ffa201a7000 	/System/Library/Frameworks/OpenGL.framework/Versions/A/Libraries/libCoreFSCache.dylib
0x00007ffb0c154000 	/System/Library/PrivateFrameworks/GPUCompiler.framework/Versions/31001/Libraries/libGPUCompilerUtils.dylib
0x00007ff814e67000 	/System/Library/PrivateFrameworks/CMCaptureCore.framework/Versions/A/CMCaptureCore
0x00007ff814378000 	/System/Library/PrivateFrameworks/AppServerSupport.framework/Versions/A/AppServerSupport
0x00007ff816542000 	/System/Library/PrivateFrameworks/perfdata.framework/Versions/A/perfdata
0x00007ff809286000 	/System/Library/PrivateFrameworks/AudioToolboxCore.framework/Versions/A/AudioToolboxCore
0x00007ff810d63000 	/System/Library/PrivateFrameworks/caulk.framework/Versions/A/caulk
0x00007ff815e6f000 	/usr/lib/libAudioStatistics.dylib
0x00007ff90d003000 	/System/Library/PrivateFrameworks/SystemPolicy.framework/Versions/A/SystemPolicy
0x00007ff8160bb000 	/usr/lib/libSMC.dylib
0x00007ff81eea7000 	/System/Library/Frameworks/CoreMIDI.framework/Versions/A/CoreMIDI
0x00007ff814d25000 	/usr/lib/libAudioToolboxUtility.dylib
0x00007ff90948b000 	/System/Library/PrivateFrameworks/OSAServicesClient.framework/Versions/A/OSAServicesClient
0x00007ff81654f000 	/usr/lib/libperfcheck.dylib
0x00007ff90da8f000 	/usr/lib/libmis.dylib
0x00007ffa20203000 	/System/Library/Frameworks/OpenGL.framework/Versions/A/Libraries/libGLU.dylib
0x00007ffa201c6000 	/System/Library/Frameworks/OpenGL.framework/Versions/A/Libraries/libGFXShared.dylib
0x00007ffa203d4000 	/System/Library/Frameworks/OpenGL.framework/Versions/A/Libraries/libGL.dylib
0x00007ffa201cf000 	/System/Library/Frameworks/OpenGL.framework/Versions/A/Libraries/libGLImage.dylib
0x00007ffa201c3000 	/System/Library/Frameworks/OpenGL.framework/Versions/A/Libraries/libCVMSPluginSupport.dylib
0x00007ffa201ae000 	/System/Library/Frameworks/OpenGL.framework/Versions/A/Libraries/libCoreVMClient.dylib
0x00007ff8118c3000 	/System/Library/Frameworks/MetalPerformanceShaders.framework/Versions/A/Frameworks/MPSCore.framework/Versions/A/MPSCore
0x00007ff812cf3000 	/System/Library/Frameworks/MetalPerformanceShaders.framework/Versions/A/Frameworks/MPSImage.framework/Versions/A/MPSImage
0x00007ff8127aa000 	/System/Library/Frameworks/MetalPerformanceShaders.framework/Versions/A/Frameworks/MPSNeuralNetwork.framework/Versions/A/MPSNeuralNetwork
0x00007ff812c1f000 	/System/Library/Frameworks/MetalPerformanceShaders.framework/Versions/A/Frameworks/MPSMatrix.framework/Versions/A/MPSMatrix
0x00007ff8129db000 	/System/Library/Frameworks/MetalPerformanceShaders.framework/Versions/A/Frameworks/MPSRayIntersector.framework/Versions/A/MPSRayIntersector
0x00007ff812c58000 	/System/Library/Frameworks/MetalPerformanceShaders.framework/Versions/A/Frameworks/MPSNDArray.framework/Versions/A/MPSNDArray
0x00007ffa24dac000 	/System/Library/Frameworks/MetalPerformanceShaders.framework/Versions/A/Frameworks/MPSFunctions.framework/Versions/A/MPSFunctions
0x00007ff808660000 	/System/Library/PrivateFrameworks/MetalTools.framework/Versions/A/MetalTools
0x00007ff81193d000 	/System/Library/PrivateFrameworks/AggregateDictionary.framework/Versions/A/AggregateDictionary
0x00007ff813bae000 	/usr/lib/libIOReport.dylib
0x00007ffa217e3000 	/System/Library/Frameworks/OpenCL.framework/Versions/A/OpenCL
0x00007ff813f12000 	/System/Library/PrivateFrameworks/FaceCore.framework/Versions/A/FaceCore
0x00007ff813f03000 	/System/Library/PrivateFrameworks/GraphVisualizer.framework/Versions/A/GraphVisualizer
0x00007ffb0c05f000 	/System/Library/PrivateFrameworks/FontServices.framework/Versions/A/FontServices
0x00007ff81432f000 	/System/Library/PrivateFrameworks/OTSVG.framework/Versions/A/OTSVG
0x00007ff80f720000 	/System/Library/Frameworks/ApplicationServices.framework/Versions/A/Frameworks/ATS.framework/Versions/A/Resources/libFontRegistry.dylib
0x00007ff814380000 	/System/Library/PrivateFrameworks/FontServices.framework/libhvf.dylib
0x00007ffb0c060000 	/System/Library/PrivateFrameworks/FontServices.framework/libXTFontStaticRegistryData.dylib
0x00007ff813d7c000 	/System/Library/PrivateFrameworks/AppleVA.framework/Versions/A/AppleVA
0x00007ff815e8f000 	/System/Library/Frameworks/ApplicationServices.framework/Versions/A/Frameworks/ATS.framework/Versions/A/ATS
0x00007ff80d92e000 	/System/Library/Frameworks/ApplicationServices.framework/Versions/A/Frameworks/HIServices.framework/Versions/A/HIServices
0x00007ff814e71000 	/System/Library/Frameworks/ApplicationServices.framework/Versions/A/Frameworks/PrintCore.framework/Versions/A/PrintCore
0x00007ff81620e000 	/System/Library/Frameworks/ApplicationServices.framework/Versions/A/Frameworks/QD.framework/Versions/A/QD
0x00007ff816206000 	/System/Library/Frameworks/ApplicationServices.framework/Versions/A/Frameworks/ColorSyncLegacy.framework/Versions/A/ColorSyncLegacy
0x00007ff815e7f000 	/System/Library/Frameworks/ApplicationServices.framework/Versions/A/Frameworks/SpeechSynthesis.framework/Versions/A/SpeechSynthesis
0x00007ff814e32000 	/System/Library/Frameworks/ApplicationServices.framework/Versions/A/Frameworks/ATSUI.framework/Versions/A/ATSUI
0x00007ff81619b000 	/usr/lib/libcups.2.dylib
0x00007ff81655e000 	/System/Library/Frameworks/Kerberos.framework/Versions/A/Kerberos
0x00007ff81656d000 	/System/Library/Frameworks/GSS.framework/Versions/A/GSS
0x00007ff815efb000 	/usr/lib/libresolv.9.dylib
0x00007ff81438f000 	/System/Library/PrivateFrameworks/Heimdal.framework/Versions/A/Heimdal
0x00007ff81d011000 	/System/Library/Frameworks/Kerberos.framework/Versions/A/Libraries/libHeimdalProxy.dylib
0x00007ff80e60d000 	/System/Library/Frameworks/Network.framework/Versions/A/Network
0x00007ff813de6000 	/usr/lib/libheimdal-asn1.dylib
0x00007ff8165b8000 	/System/Library/PrivateFrameworks/CommonAuth.framework/Versions/A/CommonAuth
0x00007ff815e00000 	/System/Library/PrivateFrameworks/AudioSession.framework/Versions/A/AudioSession
0x00007ff813e76000 	/System/Library/PrivateFrameworks/MediaExperience.framework/Versions/A/MediaExperience
0x00007ff815c94000 	/System/Library/PrivateFrameworks/AudioSession.framework/libSessionUtility.dylib
0x00007ff81621a000 	/System/Library/PrivateFrameworks/AudioResourceArbitration.framework/Versions/A/AudioResourceArbitration
0x00007ff813def000 	/System/Library/PrivateFrameworks/IconFoundation.framework/Versions/A/IconFoundation
0x00007ff818ff4000 	/System/Library/PrivateFrameworks/SpeechRecognitionCore.framework/Versions/A/SpeechRecognitionCore
0x000000010b907000 	/Users/rohanbatra/Library/Java/JavaVirtualMachines/openjdk-17.0.1/Contents/Home/lib/server/libjvm.dylib
0x000000010a913000 	/Users/rohanbatra/Library/Java/JavaVirtualMachines/openjdk-17.0.1/Contents/Home/lib/libjimage.dylib
0x000000010a9a0000 	/Users/rohanbatra/Library/Java/JavaVirtualMachines/openjdk-17.0.1/Contents/Home/lib/libjava.dylib
0x000000012a87d000 	/Users/rohanbatra/Library/Java/JavaVirtualMachines/openjdk-17.0.1/Contents/Home/lib/libnio.dylib
0x000000012a8d4000 	/Users/rohanbatra/Library/Java/JavaVirtualMachines/openjdk-17.0.1/Contents/Home/lib/libnet.dylib
0x000000012a991000 	/Users/rohanbatra/Library/Java/JavaVirtualMachines/openjdk-17.0.1/Contents/Home/lib/libzip.dylib
0x000000012abc3000 	/Users/rohanbatra/.openjfx/cache/17.0.0.1/libprism_es2.dylib
0x00007ff80a705000 	/System/Library/PrivateFrameworks/CoreServicesInternal.framework/Versions/A/CoreServicesInternal
0x00007ffa203df000 	/System/Library/Frameworks/OpenGL.framework/Versions/A/Resources/GLEngine.bundle/GLEngine
0x00007ffa20241000 	/System/Library/Frameworks/OpenGL.framework/Versions/A/Libraries/libGLProgrammability.dylib
0x000000012d214000 	/System/Library/Extensions/AppleMetalOpenGLRenderer.bundle/Contents/MacOS/AppleMetalOpenGLRenderer
0x00007ffa2056e000 	/System/Library/Frameworks/OpenGL.framework/Versions/A/Resources/GLRendererFloat.bundle/GLRendererFloat
0x00007ffa2234d000 	/System/Library/Extensions/AGXMetal13_3.bundle/Contents/MacOS/AGXMetal13_3
0x00007ff90daaa000 	/System/Library/PrivateFrameworks/GPURawCounter.framework/Versions/A/GPURawCounter
0x00007ff908627000 	/System/Library/PrivateFrameworks/IOGPU.framework/Versions/A/IOGPU
0x000000012d1e7000 	/Users/rohanbatra/.openjfx/cache/17.0.0.1/libjavafx_font.dylib
0x000000012db97000 	/Users/rohanbatra/.openjfx/cache/17.0.0.1/libglass.dylib
0x00007ff81a7c5000 	/System/Library/Frameworks/FileProvider.framework/Versions/A/FileProvider
0x00007ff80e3ec000 	/System/Library/Frameworks/Accounts.framework/Versions/A/Accounts
0x00007ff81a93d000 	/System/Library/PrivateFrameworks/GenerationalStorage.framework/Versions/A/GenerationalStorage
0x00007ff81b44a000 	/System/Library/PrivateFrameworks/CoreSymbolication.framework/Versions/A/CoreSymbolication
0x00007ff81a1c9000 	/System/Library/PrivateFrameworks/SymptomDiagnosticReporter.framework/Versions/A/SymptomDiagnosticReporter
0x00007ff80b9c4000 	/System/Library/PrivateFrameworks/DesktopServicesPriv.framework/Versions/A/DesktopServicesPriv
0x00007ff80a846000 	/usr/lib/libsandbox.1.dylib
0x00007ff80fbb6000 	/System/Library/PrivateFrameworks/UserManagement.framework/Versions/A/UserManagement
0x00007ff81b40f000 	/System/Library/PrivateFrameworks/DebugSymbols.framework/Versions/A/DebugSymbols
0x00007ff8161fb000 	/System/Library/PrivateFrameworks/NetAuth.framework/Versions/A/NetAuth
0x00007ff8170e7000 	/System/Library/PrivateFrameworks/Sharing.framework/Versions/A/Sharing
0x00007ff80fb89000 	/System/Library/PrivateFrameworks/login.framework/Versions/A/Frameworks/loginsupport.framework/Versions/A/loginsupport
0x00007ff81c547000 	/System/Library/PrivateFrameworks/Apple80211.framework/Versions/A/Apple80211
0x00007ff812dd8000 	/System/Library/PrivateFrameworks/AuthKit.framework/Versions/A/AuthKit
0x00007ff812437000 	/System/Library/PrivateFrameworks/CoreUtils.framework/Versions/A/CoreUtils
0x00007ff81235e000 	/System/Library/Frameworks/CoreWLAN.framework/Versions/A/CoreWLAN
0x00007ff817242000 	/System/Library/Frameworks/IOBluetooth.framework/Versions/A/IOBluetooth
0x00007ff81c5af000 	/System/Library/PrivateFrameworks/CoreWiFi.framework/Versions/A/CoreWiFi
0x00007ff81afe4000 	/System/Library/PrivateFrameworks/FrontBoardServices.framework/Versions/A/FrontBoardServices
0x00007ff81b076000 	/System/Library/PrivateFrameworks/BoardServices.framework/Versions/A/BoardServices
0x00007ff812651000 	/System/Library/PrivateFrameworks/AssertionServices.framework/Versions/A/AssertionServices
0x00007ff81c733000 	/System/Library/PrivateFrameworks/BackBoardServices.framework/Versions/A/BackBoardServices
0x00007ff816647000 	/System/Library/PrivateFrameworks/CorePhoneNumbers.framework/Versions/A/CorePhoneNumbers
0x00007ff81a2e6000 	/System/Library/PrivateFrameworks/DiskManagement.framework/Versions/A/DiskManagement
0x00007ff81a1fa000 	/System/Library/PrivateFrameworks/AppleIDAuthSupport.framework/Versions/A/AppleIDAuthSupport
0x00007ffa26d12000 	/System/Library/PrivateFrameworks/AAAFoundation.framework/Versions/A/AAAFoundation
0x00007ff816628000 	/System/Library/PrivateFrameworks/KeychainCircle.framework/Versions/A/KeychainCircle
0x00007ff81a2b2000 	/System/Library/PrivateFrameworks/MediaKit.framework/Versions/A/MediaKit
0x00007ff81a206000 	/System/Library/Frameworks/DiscRecording.framework/Versions/A/DiscRecording
0x00007ff813cf4000 	/usr/lib/libCoreStorage.dylib
0x00007ff81ca20000 	/usr/lib/libcsfde.dylib
0x00007ff81730f000 	/System/Library/PrivateFrameworks/ProtectedCloudStorage.framework/Versions/A/ProtectedCloudStorage
0x00007ff81ca1c000 	/System/Library/PrivateFrameworks/EFILogin.framework/Versions/A/EFILogin
0x00007ff81a963000 	/System/Library/PrivateFrameworks/OctagonTrust.framework/Versions/A/OctagonTrust
0x00007ffb0b399000 	/System/Library/PrivateFrameworks/CoreUtilsExtras.framework/Versions/A/CoreUtilsExtras
0x00007ff81a139000 	/System/Library/Frameworks/CoreBluetooth.framework/Versions/A/CoreBluetooth
0x00007ff81d096000 	/System/Library/Frameworks/AudioUnit.framework/Versions/A/AudioUnit
0x00007ff813cec000 	/usr/lib/libMatch.1.dylib
0x00007ff911e62000 	/System/Library/Frameworks/Accelerate.framework/Versions/A/Frameworks/vImage.framework/Versions/A/Libraries/libCGInterfaces.dylib
0x000000012f0fd000 	/usr/lib/libobjc-trampolines.dylib
0x00007ff80f8b0000 	/System/Library/PrivateFrameworks/ViewBridge.framework/Versions/A/ViewBridge
0x00007ff814449000 	/System/Library/PrivateFrameworks/login.framework/Versions/A/login
0x00007ffb1dc63000 	/usr/lib/libRosetta.dylib
0x000000012f95c000 	/System/Library/Frameworks/FileProvider.framework/OverrideBundles/CloudDocsFileProvider.bundle/Contents/MacOS/CloudDocsFileProvider
0x00007ff80fdb1000 	/System/Library/PrivateFrameworks/CloudDocs.framework/Versions/A/CloudDocs
0x00007ff81cd3e000 	/System/Library/PrivateFrameworks/AppleAccount.framework/Versions/A/AppleAccount
0x00007ff8172f6000 	/System/Library/PrivateFrameworks/AppContainer.framework/Versions/A/AppContainer
0x00007ff816dba000 	/System/Library/PrivateFrameworks/IDS.framework/Versions/A/IDS
0x00007ff81ce93000 	/System/Library/PrivateFrameworks/AppleIDSSOAuthentication.framework/Versions/A/AppleIDSSOAuthentication
0x00007ff80fb8c000 	/System/Library/PrivateFrameworks/ApplePushService.framework/Versions/A/ApplePushService
0x00007ff81caa0000 	/System/Library/PrivateFrameworks/AppSupport.framework/Versions/A/AppSupport
0x00007ff815bf8000 	/System/Library/PrivateFrameworks/IMFoundation.framework/Versions/A/IMFoundation
0x00007ff908cce000 	/System/Library/PrivateFrameworks/Marco.framework/Versions/A/Marco
0x00007ff816f2d000 	/System/Library/PrivateFrameworks/IDSFoundation.framework/Versions/A/IDSFoundation
0x00007ff80e468000 	/System/Library/PrivateFrameworks/CommonUtilities.framework/Versions/A/CommonUtilities
0x00007ff90d6af000 	/System/Library/PrivateFrameworks/FTServices.framework/Versions/A/FTServices
0x00007ff820869000 	/System/Library/PrivateFrameworks/Engram.framework/Versions/A/Engram
0x00007ff820810000 	/usr/lib/libtidy.A.dylib
0x00007ff8145fb000 	/System/Library/PrivateFrameworks/Bom.framework/Versions/A/Bom
0x00007ff813bb6000 	/System/Library/PrivateFrameworks/CrashReporterSupport.framework/Versions/A/CrashReporterSupport
0x00007ff917640000 	/System/Library/PrivateFrameworks/FTAWD.framework/Versions/A/FTAWD
0x00007ff919726000 	/System/Library/PrivateFrameworks/OSAnalytics.framework/Versions/A/OSAnalytics
0x00007ff9247dc000 	/System/Library/PrivateFrameworks/Symbolication.framework/Versions/A/Symbolication
0x00007ff90da6c000 	/System/Library/PrivateFrameworks/MallocStackLogging.framework/Versions/A/MallocStackLogging
0x00007ff8196af000 	/System/Library/PrivateFrameworks/CoreDaemon.framework/Versions/B/CoreDaemon
0x00007ff8196aa000 	/System/Library/PrivateFrameworks/AppleSRP.framework/Versions/A/AppleSRP
0x00007ff8126f9000 	/System/Library/Frameworks/ServiceManagement.framework/Versions/A/ServiceManagement
0x00007ff81730b000 	/System/Library/PrivateFrameworks/SecCodeWrapper.framework/Versions/A/SecCodeWrapper
0x000000012f9b8000 	/System/Library/Frameworks/FileProvider.framework/OverrideBundles/FileProviderOverride.bundle/Contents/MacOS/FileProviderOverride
0x00000001390b8000 	/System/Library/Frameworks/FileProvider.framework/OverrideBundles/FinderSyncCollaborationFileProviderOverride.bundle/Contents/MacOS/FinderSyncCollaborationFileProviderOverride
0x00007ff91df15000 	/System/Library/PrivateFrameworks/FinderSyncPriv.framework/Versions/A/FinderSyncPriv
0x00007ff80fbdc000 	/System/Library/Frameworks/CloudKit.framework/Versions/A/CloudKit
0x00007ff81d143000 	/System/Library/PrivateFrameworks/C2.framework/Versions/A/C2
0x00007ff810b52000 	/System/Library/Frameworks/CoreLocation.framework/Versions/A/CoreLocation
0x00007ff81d13b000 	/System/Library/Frameworks/PushKit.framework/Versions/A/PushKit
0x00007ff81b500000 	/System/Library/PrivateFrameworks/CoreTime.framework/Versions/A/CoreTime
0x00007ff81ec24000 	/System/Library/PrivateFrameworks/RTCReporting.framework/Versions/A/RTCReporting
0x00007ff8175d4000 	/System/Library/PrivateFrameworks/GeoServices.framework/Versions/A/GeoServices
0x00007ff815c6b000 	/System/Library/PrivateFrameworks/LocationSupport.framework/Versions/A/LocationSupport
0x00007ffb0c849000 	/System/Library/PrivateFrameworks/GeoServicesCore.framework/Versions/A/GeoServicesCore
0x00007ff9094c7000 	/System/Library/PrivateFrameworks/PhoneNumbers.framework/Versions/A/PhoneNumbers
0x00007ff81c9a5000 	/System/Library/PrivateFrameworks/RemoteServiceDiscovery.framework/Versions/A/RemoteServiceDiscovery
0x00007ff90ba89000 	/usr/lib/libFosl_dynamic.dylib
0x00007ff911738000 	/usr/lib/libncurses.5.4.dylib
0x000000013918f000 	/Users/rohanbatra/.openjfx/cache/17.0.0.1/libjavafx_iio.dylib
0x000000013a8cf000 	/Users/rohanbatra/Library/Java/JavaVirtualMachines/openjdk-17.0.1/Contents/Home/lib/libextnet.dylib


VM Arguments:
jvm_args: --module-path=/Users/rohanbatra/.m2/repository/org/openjfx/javafx-base/17.0.0.1/javafx-base-17.0.0.1-mac.jar:/Users/rohanbatra/.m2/repository/org/openjfx/javafx-base/17.0.0.1/javafx-base-17.0.0.1.jar:/Users/rohanbatra/.m2/repository/org/openjfx/javafx-controls/17.0.0.1/javafx-controls-17.0.0.1-mac.jar:/Users/rohanbatra/.m2/repository/org/openjfx/javafx-controls/17.0.0.1/javafx-controls-17.0.0.1.jar:/Users/rohanbatra/.m2/repository/org/openjfx/javafx-fxml/17.0.0.1/javafx-fxml-17.0.0.1-mac.jar:/Users/rohanbatra/.m2/repository/org/openjfx/javafx-fxml/17.0.0.1/javafx-fxml-17.0.0.1.jar:/Users/rohanbatra/.m2/repository/org/openjfx/javafx-graphics/17.0.0.1/javafx-graphics-17.0.0.1-mac.jar:/Users/rohanbatra/.m2/repository/org/openjfx/javafx-graphics/17.0.0.1/javafx-graphics-17.0.0.1.jar:/Users/rohanbatra/.m2/repository/org/openjfx/javafx-media/16/javafx-media-16-mac.jar:/Users/rohanbatra/.m2/repository/org/openjfx/javafx-media/16/javafx-media-16.jar --add-modules=javafx.base,javafx.controls,javafx.fxml,javafx.graphics,javafx.media 
java_command: org.game.TowerDefenseGameApp
java_class_path (initial): /Users/rohanbatra/Desktop/CS2340/serial-entrepreneurs/target/classes:/Users/rohanbatra/.m2/repository/com/beust/jcommander/1.78/jcommander-1.78.jar:/Users/rohanbatra/.m2/repository/com/fasterxml/jackson/core/jackson-annotations/2.12.1/jackson-annotations-2.12.1.jar:/Users/rohanbatra/.m2/repository/com/fasterxml/jackson/core/jackson-core/2.12.1/jackson-core-2.12.1.jar:/Users/rohanbatra/.m2/repository/com/fasterxml/jackson/core/jackson-databind/2.12.1/jackson-databind-2.12.1.jar:/Users/rohanbatra/.m2/repository/com/github/almasb/fxgl/11.17/fxgl-11.17.jar:/Users/rohanbatra/.m2/repository/com/github/almasb/fxgl-core/11.17/fxgl-core-11.17.jar:/Users/rohanbatra/.m2/repository/com/github/almasb/fxgl-entity/11.17/fxgl-entity-11.17.jar:/Users/rohanbatra/.m2/repository/com/github/almasb/fxgl-gameplay/11.17/fxgl-gameplay-11.17.jar:/Users/rohanbatra/.m2/repository/com/github/almasb/fxgl-io/11.17/fxgl-io-11.17.jar:/Users/rohanbatra/.m2/repository/com/github/almasb/fxgl-scene/11.17/fxgl-scene-11.17.jar:/Users/rohanbatra/.m2/repository/com/gluonhq/attach/audio/4.0.9/audio-4.0.9.jar:/Users/rohanbatra/.m2/repository/com/gluonhq/attach/lifecycle/4.0.9/lifecycle-4.0.9.jar:/Users/rohanbatra/.m2/repository/com/gluonhq/attach/storage/4.0.9/storage-4.0.9.jar:/Users/rohanbatra/.m2/repository/com/gluonhq/attach/util/4.0.9/util-4.0.9.jar:/Users/rohanbatra/.m2/repository/junit/junit/4.12/junit-4.12.jar:/Users/rohanbatra/.m2/repository/org/assertj/assertj-core/3.13.2/assertj-core-3.13.2.jar:/Users/rohanbatra/.m2/repository/org/hamcrest/hamcrest/2.1/hamcrest-2.1.jar:/Users/rohanbatra/.m2/repository/org/hamcrest/hamcrest-core/2.1/hamcrest-core-2.1.jar:/Users/rohanbatra/.m2/repository/org/jetbrains/annotations/13.0/annotations-13.0.jar:/Users/rohanbatra/.m2/repository/org/jetbrains/kotlin/kotlin-stdlib/1.5.10/kotlin-stdlib-1.5.10-modular.jar:/Users/rohanbatra/.m2/repository/org/jetbrains/kotlin/kotlin-stdlib-common/1.5.10/kotlin-stdlib-common-1.5.10.jar:/Users/rohanba
Launcher Type: SUN_STANDARD

[Global flags]
     intx CICompilerCount                          = 4                                         {product} {ergonomic}
     uint ConcGCThreads                            = 2                                         {product} {ergonomic}
     uint G1ConcRefinementThreads                  = 8                                         {product} {ergonomic}
   size_t G1HeapRegionSize                         = 1048576                                   {product} {ergonomic}
    uintx GCDrainStackTargetSize                   = 64                                        {product} {ergonomic}
   size_t InitialHeapSize                          = 134217728                                 {product} {ergonomic}
   size_t MarkStackSize                            = 4194304                                   {product} {ergonomic}
   size_t MaxHeapSize                              = 2147483648                                {product} {ergonomic}
   size_t MaxNewSize                               = 1287651328                                {product} {ergonomic}
   size_t MinHeapDeltaBytes                        = 1048576                                   {product} {ergonomic}
   size_t MinHeapSize                              = 8388608                                   {product} {ergonomic}
    uintx NonNMethodCodeHeapSize                   = 5839372                                {pd product} {ergonomic}
    uintx NonProfiledCodeHeapSize                  = 122909434                              {pd product} {ergonomic}
    uintx ProfiledCodeHeapSize                     = 122909434                              {pd product} {ergonomic}
    uintx ReservedCodeCacheSize                    = 251658240                              {pd product} {ergonomic}
     bool SegmentedCodeCache                       = true                                      {product} {ergonomic}
   size_t SoftMaxHeapSize                          = 2147483648                             {manageable} {ergonomic}
     bool UseCompressedClassPointers               = true                           {product lp64_product} {ergonomic}
     bool UseCompressedOops                        = true                           {product lp64_product} {ergonomic}
     bool UseG1GC                                  = true                                      {product} {ergonomic}
     bool UseNUMA                                  = false                                     {product} {ergonomic}
     bool UseNUMAInterleaving                      = false                                     {product} {ergonomic}

Logging:
Log output configuration:
 #0: stdout all=warning uptime,level,tags
 #1: stderr all=off uptime,level,tags

Environment Variables:
PATH=/Users/rohanbatra/Desktop/VIP/emade/anaconda3/bin:/Library/Frameworks/Python.framework/Versions/3.7/bin:/Library/Frameworks/Python.framework/Versions/3.9/bin:/usr/local/bin:/usr/bin:/bin:/usr/sbin:/sbin
SHELL=/bin/zsh
LC_CTYPE=en_US.UTF-8

Signal Handlers:
   SIGSEGV: _ZL13crash_handleriP9__siginfoPv in libjvm.dylib, mask=11100110100111111111111111111111, flags=SA_RESTART|SA_SIGINFO
    SIGBUS: _ZL13crash_handleriP9__siginfoPv in libjvm.dylib, mask=11100110100111111111111111111111, flags=SA_RESTART|SA_SIGINFO
    SIGFPE: _ZL13crash_handleriP9__siginfoPv in libjvm.dylib, mask=11100110100111111111111111111111, flags=SA_RESTART|SA_SIGINFO
   SIGPIPE: _ZL17javaSignalHandleriP9__siginfoPv in libjvm.dylib, mask=11100110100111111111111111111111, flags=SA_RESTART|SA_SIGINFO
   SIGXFSZ: _ZL17javaSignalHandleriP9__siginfoPv in libjvm.dylib, mask=11100110100111111111111111111111, flags=SA_RESTART|SA_SIGINFO
    SIGILL: _ZL13crash_handleriP9__siginfoPv in libjvm.dylib, mask=11100110100111111111111111111111, flags=SA_RESTART|SA_SIGINFO
   SIGUSR2: _ZL10SR_handleriP9__siginfoP17__darwin_ucontext in libjvm.dylib, mask=00100000000000000000000000000000, flags=SA_RESTART|SA_SIGINFO
    SIGHUP: _ZL11UserHandleriPvS_ in libjvm.dylib, mask=11100110100111111111111111111111, flags=SA_RESTART|SA_SIGINFO
    SIGINT: _ZL11UserHandleriPvS_ in libjvm.dylib, mask=11100110100111111111111111111111, flags=SA_RESTART|SA_SIGINFO
   SIGTERM: _ZL11UserHandleriPvS_ in libjvm.dylib, mask=11100110100111111111111111111111, flags=SA_RESTART|SA_SIGINFO
   SIGQUIT: _ZL11UserHandleriPvS_ in libjvm.dylib, mask=11100110100111111111111111111111, flags=SA_RESTART|SA_SIGINFO
   SIGTRAP: _ZL13crash_handleriP9__siginfoPv in libjvm.dylib, mask=11100110100111111111111111111111, flags=SA_RESTART|SA_SIGINFO


---------------  S Y S T E M  ---------------

OS:
uname: Darwin 21.1.0 Darwin Kernel Version 21.1.0: Wed Oct 13 17:33:24 PDT 2021; root:xnu-8019.41.5~1/RELEASE_ARM64_T8101 x86_64
OS uptime: 3 days 7:21 hours
rlimit (soft/hard): STACK 8176k/65520k , CORE 0k/infinity , NPROC 1333/2000 , NOFILE 10240/infinity , AS infinity/infinity , CPU infinity/infinity , DATA infinity/infinity , FSIZE infinity/infinity , MEMLOCK infinity/infinity , RSS infinity/infinity
load average: 3.21 2.78 2.20

CPU: (EMULATED) total 8 (initial active 8) (1 cores per cpu, 1 threads per core) family 6 model 44 stepping 0 microcode 0x0, cx8, cmov, fxsr, mmx, sse, sse2, sse3, ssse3, sse4.1, sse4.2, popcnt, tsc, tscinvbit, aes, clmul, clflush

Memory: 4k page, physical 8388608k(35972k free), swap 2097152k(1132288k free)

vm_info: OpenJDK 64-Bit Server VM (17.0.1+12-39) for bsd-amd64 JRE (17.0.1+12-39), built on Sep 27 2021 17:37:19 by "mach5one" with clang Apple LLVM 12.0.0 (clang-1200.0.32.29)

END.
