#
# A fatal error has been detected by the Java Runtime Environment:
#
#  SIGBUS (0xa) at pc=0x00007ff813f9b8a7, pid=23676, tid=259
#
# JRE version: OpenJDK Runtime Environment (17.0.1+12) (build 17.0.1+12-39)
# Java VM: OpenJDK 64-Bit Server VM (17.0.1+12-39, mixed mode, sharing, tiered, compressed oops, compressed class ptrs, g1 gc, bsd-amd64)
# Problematic frame:
# C  [CoreGraphics+0xc8a7]  ERROR_CGDataProvider_BufferIsNotReadable+0x27
#
# No core dump will be written. Core dumps have been disabled. To enable core dumping, try "ulimit -c unlimited" before starting Java again
#
# If you would like to submit a bug report, please visit:
#   https://bugreport.java.com/bugreport/crash.jsp
# The crash happened outside the Java Virtual Machine in native code.
# See problematic frame for where to report the bug.
#

---------------  S U M M A R Y ------------

Command Line: --module-path=/Users/rohanbatra/.m2/repository/org/openjfx/javafx-base/17.0.0.1/javafx-base-17.0.0.1-mac.jar:/Users/rohanbatra/.m2/repository/org/openjfx/javafx-base/17.0.0.1/javafx-base-17.0.0.1.jar:/Users/rohanbatra/.m2/repository/org/openjfx/javafx-controls/17.0.0.1/javafx-controls-17.0.0.1-mac.jar:/Users/rohanbatra/.m2/repository/org/openjfx/javafx-controls/17.0.0.1/javafx-controls-17.0.0.1.jar:/Users/rohanbatra/.m2/repository/org/openjfx/javafx-fxml/17.0.0.1/javafx-fxml-17.0.0.1-mac.jar:/Users/rohanbatra/.m2/repository/org/openjfx/javafx-fxml/17.0.0.1/javafx-fxml-17.0.0.1.jar:/Users/rohanbatra/.m2/repository/org/openjfx/javafx-graphics/17.0.0.1/javafx-graphics-17.0.0.1-mac.jar:/Users/rohanbatra/.m2/repository/org/openjfx/javafx-graphics/17.0.0.1/javafx-graphics-17.0.0.1.jar:/Users/rohanbatra/.m2/repository/org/openjfx/javafx-media/16/javafx-media-16-mac.jar:/Users/rohanbatra/.m2/repository/org/openjfx/javafx-media/16/javafx-media-16.jar --add-modules=javafx.base,javafx.controls,javafx.fxml,javafx.graphics,javafx.media org.game.TowerDefenseGameApp

Host: "MacBookPro17,1" x86_64 (EMULATED) 2400 MHz, 8 cores, 8G, Darwin 21.1.0, macOS 12.0.1 (21A559)
Time: Sun Dec  5 00:43:59 2021 EST elapsed time: 56.588231 seconds (0d 0h 0m 56s)

---------------  T H R E A D  ---------------

Current thread (0x00007f9f26b99a00):  JavaThread "JavaFX Application Thread" [_thread_in_native, id=259, stack(0x000000030819c000,0x000000030899c000)]

Stack: [0x000000030819c000,0x000000030899c000],  sp=0x0000000308995f50,  free space=8167k
Native frames: (J=compiled Java code, j=interpreted, Vv=VM code, C=native code)
C  [CoreGraphics+0xc8a7]  ERROR_CGDataProvider_BufferIsNotReadable+0x27
C  [CoreGraphics+0xc743]  CGDataProviderRetainBytePtr+0x111
C  [CoreGraphics+0x22cecb]  CGDataProviderCreateProtectedCopy+0x13
C  [CoreGraphics+0x1ea72a]  CGImageCreateCopyWithProtectedDataProvider+0x3e
C  [CoreGraphics+0x3968b]  CGContextDrawImageWithOptions+0x90
C  [SkyLight+0x1e86db]  SLSRegisterCursorWithImages+0x38e
C  [AppKit+0x1dee19]  -[NSCursor _reallySet]+0x244
C  [AppKit+0x1deb89]  -[NSCursor set]+0xb2
C  [libglass.dylib+0x516f]  Java_com_sun_glass_ui_mac_MacCursor__1setCustom+0x11f
j  com.sun.glass.ui.mac.MacCursor._setCustom(J)V+0 javafx.graphics
j  com.sun.glass.ui.mac.MacCursor.set()V+60 javafx.graphics
j  com.sun.glass.ui.mac.MacWindow._setCursor(JLcom/sun/glass/ui/Cursor;)V+4 javafx.graphics
j  com.sun.glass.ui.Window.setCursor(Lcom/sun/glass/ui/Cursor;)V+9 javafx.graphics
j  com.sun.javafx.tk.quantum.ViewScene.lambda$setCursor$1(Ljava/lang/Object;)V+34 javafx.graphics
j  com.sun.javafx.tk.quantum.ViewScene$$Lambda$194+0x0000000800dc0cb0.run()V+8 javafx.graphics
J 3006 c1 com.sun.glass.ui.InvokeLaterDispatcher$Future.run()V javafx.graphics (91 bytes) @ 0x000000011649ba94 [0x000000011649b980+0x0000000000000114]
v  ~StubRoutines::call_stub
V  [libjvm.dylib+0x503b61]  _ZN9JavaCalls11call_helperEP9JavaValueRK12methodHandleP17JavaCallArgumentsP10JavaThread+0x2a1
V  [libjvm.dylib+0x55d4f6]  _ZL20jni_invoke_nonstaticP7JNIEnv_P9JavaValueP8_jobject11JNICallTypeP10_jmethodIDP18JNI_ArgumentPusherP10JavaThread+0x2d6
V  [libjvm.dylib+0x5619d6]  jni_CallVoidMethod+0x1a6
C  [libglass.dylib+0x8248]  -[GlassRunnable run]+0x58
C  [Foundation+0x81d63]  __NSThreadPerformPerform+0xb3
C  [CoreFoundation+0x7fb68]  __CFRUNLOOP_IS_CALLING_OUT_TO_A_SOURCE0_PERFORM_FUNCTION__+0x11
C  [CoreFoundation+0x7fad0]  __CFRunLoopDoSource0+0xb4
C  [CoreFoundation+0x7f843]  __CFRunLoopDoSources0+0xf2
C  [CoreFoundation+0x7e25f]  __CFRunLoopRun+0x381
C  [CoreFoundation+0x7d809]  CFRunLoopRunSpecific+0x237
C  [HIToolbox+0x2f3e1]  RunCurrentEventLoopInMode+0x124
C  [HIToolbox+0x2f137]  ReceiveNextEventCommon+0x24b
C  [HIToolbox+0x2eed5]  _BlockUntilNextEventMatchingListInModeWithFilter+0x46
C  [AppKit+0x3e8f0]  _DPSNextEvent+0x376
C  [AppKit+0x3cf5c]  -[NSApplication(NSEvent) _nextEventMatchingEventMask:untilDate:inMode:dequeue:]+0x583
C  [AppKit+0x2f359]  -[NSApplication run]+0x24a
C  [libglass.dylib+0xa2a5]  -[GlassApplication runLoop:]+0x795
C  [Foundation+0x81d63]  __NSThreadPerformPerform+0xb3
C  [CoreFoundation+0x7fb68]  __CFRUNLOOP_IS_CALLING_OUT_TO_A_SOURCE0_PERFORM_FUNCTION__+0x11
C  [CoreFoundation+0x7fad0]  __CFRunLoopDoSource0+0xb4
C  [CoreFoundation+0x7f843]  __CFRunLoopDoSources0+0xf2
C  [CoreFoundation+0x7e25f]  __CFRunLoopRun+0x381
C  [CoreFoundation+0x7d809]  CFRunLoopRunSpecific+0x237
C  [libjli.dylib+0x70b2]  CreateExecutionEnvironment+0x182
C  [libjli.dylib+0x2c15]  JLI_Launch+0x585
C  [java+0x3c01]  main+0x191
C  0x000000020259b4fe
C  0x0000000202596000

Java frames: (J=compiled Java code, j=interpreted, Vv=VM code)
j  com.sun.glass.ui.mac.MacCursor._setCustom(J)V+0 javafx.graphics
j  com.sun.glass.ui.mac.MacCursor.set()V+60 javafx.graphics
j  com.sun.glass.ui.mac.MacWindow._setCursor(JLcom/sun/glass/ui/Cursor;)V+4 javafx.graphics
j  com.sun.glass.ui.Window.setCursor(Lcom/sun/glass/ui/Cursor;)V+9 javafx.graphics
j  com.sun.javafx.tk.quantum.ViewScene.lambda$setCursor$1(Ljava/lang/Object;)V+34 javafx.graphics
j  com.sun.javafx.tk.quantum.ViewScene$$Lambda$194+0x0000000800dc0cb0.run()V+8 javafx.graphics
J 3006 c1 com.sun.glass.ui.InvokeLaterDispatcher$Future.run()V javafx.graphics (91 bytes) @ 0x000000011649ba94 [0x000000011649b980+0x0000000000000114]
v  ~StubRoutines::call_stub

siginfo: si_signo: 10 (SIGBUS), si_code: 2 (BUS_ADRERR), si_addr: 0x0000000786ed7a28

Register to memory mapping:

RAX=0x0000000786ed7a28 is an unallocated location in the heap
RBX=0x00007f9f2604e940 points into unknown readable memory: 0x011dfff85034d151 | 51 d1 34 50 f8 ff 1d 01
RCX=0x00000000000120a8 is an unknown value
RDX=0x0000000000000008 is an unknown value
RSP=0x0000000308995f50 is pointing into the stack for thread: 0x00007f9f26b99a00
RBP=0x0000000308995f60 is pointing into the stack for thread: 0x00007f9f26b99a00
RSI=0x0 is NULL
RDI=0x0000000786ed7a28 is an unallocated location in the heap
R8 =0x000000000012e942 is an unknown value
R9 =0x00000000000020a8 is an unknown value
R10=0x00007f9f2604ea10 points into unknown readable memory: 0x0000000000000002 | 02 00 00 00 00 00 00 00
R11=0x0000000000000071 is an unknown value
R12=0x00007f9f2604e940 points into unknown readable memory: 0x011dfff85034d151 | 51 d1 34 50 f8 ff 1d 01
R13=0x00007f9f2604ea60 points into unknown readable memory: 0x011dfff85034d151 | 51 d1 34 50 f8 ff 1d 01
R14=0x00007f9f2604e9f0 points into unknown readable memory: 0x000000004d555458 | 58 54 55 4d 00 00 00 00
R15=0x0000000000000127 is an unknown value


Registers:
RAX=0x0000000786ed7a28, RBX=0x00007f9f2604e940, RCX=0x00000000000120a8, RDX=0x0000000000000008
RSP=0x0000000308995f50, RBP=0x0000000308995f60, RSI=0x0000000000000000, RDI=0x0000000786ed7a28
R8 =0x000000000012e942, R9 =0x00000000000020a8, R10=0x00007f9f2604ea10, R11=0x0000000000000071
R12=0x00007f9f2604e940, R13=0x00007f9f2604ea60, R14=0x00007f9f2604e9f0, R15=0x0000000000000127
RIP=0x00007ff813f9b8a7, EFLAGS=0x0000000000000246, ERR=0x0000000000000004
  TRAPNO=0x000000000000000e

Top of Stack: (sp=0x0000000308995f50)
0x0000000308995f50:   0000000786ed7a28 00007f9f2604e940
0x0000000308995f60:   0000000308995f90 00007ff813f9b743
0x0000000308995f70:   0000000000000000 00007f9f2604ea60
0x0000000308995f80:   0000600003473240 0000000000000127
0x0000000308995f90:   0000000308995fc0 00007ff8141bbecb
0x0000000308995fa0:   00007f9f2604ea60 0000000000000033
0x0000000308995fb0:   0000600003473240 0000000000000127
0x0000000308995fc0:   0000000308995fe0 00007ff81417972a
0x0000000308995fd0:   0000000000000000 0000600003473240
0x0000000308995fe0:   0000000308996090 00007ff813fc868b
0x0000000308995ff0:   0000000000000000 0000000000000000
0x0000000308996000:   4049800000000000 4048800000000000
0x0000000308996010:   0000000000000033 0000600003473240
0x0000000308996020:   000060000334db90 00007f9f1603e460
0x0000000308996030:   0000000308996090 00007ff813feb054
0x0000000308996040:   0000000000000020 00000000000000cc
0x0000000308996050:   0000600002286850 0000600003a72560
0x0000000308996060:   0000000000000001 0000000000000031
0x0000000308996070:   0000000000000033 0000600003473240
0x0000000308996080:   0000000000000000 000000030899621c
0x0000000308996090:   0000000308996b30 00007ff813de66db
0x00000003089960a0:   0000000000000000 0000000000000000
0x00000003089960b0:   4049800000000000 4048800000000000
0x00000003089960c0:   401c000000000000 0000000000000000
0x00000003089960d0:   4018000000000000 0000000000000000
0x00000003089960e0:   4049800000000000 0000000000000000
0x00000003089960f0:   4048800000000000 0000000000000000
0x0000000308996100:   0000000000000001 0000000000000000
0x0000000308996110:   00000000000009c3 0000000000000000
0x0000000308996120:   00000003089961a0 0000000000000001
0x0000000308996130:   00000000000009c3 0000000115969317
0x0000000308996140:   000d71c700000000 00007f9f2604ea60 

Instructions: (pc=0x00007ff813f9b8a7)
0x00007ff813f9b7a7:   54 d6 6e 00 eb 0c 45 31 f6 eb 1f 48 8d 35 68 d6
0x00007ff813f9b7b7:   6e 00 bf 03 00 00 00 48 89 da 31 c0 e8 3d 31 49
0x00007ff813f9b7c7:   00 e8 bb 73 44 00 84 c0 75 23 44 89 f0 48 83 c4
0x00007ff813f9b7d7:   08 5b 41 5e 41 5f 5d c3 48 8d 3d 0a 57 3b 3c 48
0x00007ff813f9b7e7:   8d 35 5b 34 c8 3d e8 f6 5d 4f 00 eb 96 e8 9a 1a
0x00007ff813f9b7f7:   4f 00 90 90 90 90 90 90 90 90 90 90 90 90 90 90
0x00007ff813f9b807:   90 55 48 89 e5 5d e9 42 55 4f 00 90 90 90 90 90
0x00007ff813f9b817:   90 90 55 48 89 e5 53 50 48 89 fb 48 83 3d ce 56
0x00007ff813f9b827:   3b 3c ff 75 33 48 85 db 74 25 80 3d 48 0e 74 3c
0x00007ff813f9b837:   00 74 1c 48 8b bb 10 01 00 00 48 85 ff 74 10 be
0x00007ff813f9b847:   00 01 00 08 48 83 c4 08 5b 5d e9 4a 57 4f 00 31
0x00007ff813f9b857:   c0 48 83 c4 08 5b 5d c3 48 8d 3d 92 56 3b 3c 48
0x00007ff813f9b867:   8d 35 5b 34 c8 3d e8 76 5d 4f 00 eb b8 66 2e 0f
0x00007ff813f9b877:   1f 84 00 00 00 00 00 66 90 55 48 89 e5 48 83 ec
0x00007ff813f9b887:   10 48 89 7d f0 c6 45 ff aa c6 45 ff 00 e8 33 00
0x00007ff813f9b897:   00 00 24 01 0f b6 c0 83 f8 01 75 09 48 8b 45 f0
0x00007ff813f9b8a7:   8a 00 88 45 ff 48 83 c4 10 5d c3 66 2e 0f 1f 84
0x00007ff813f9b8b7:   00 00 00 00 00 0f 1f 40 00 90 90 90 90 90 90 90
0x00007ff813f9b8c7:   90 90 90 90 90 55 48 89 e5 48 83 3d 30 56 3b 3c
0x00007ff813f9b8d7:   ff 75 08 8a 05 20 56 3b 3c 5d c3 48 8d 3d 1f 56
0x00007ff813f9b8e7:   3b 3c 48 8d 35 18 34 c8 3d e8 f3 5c 4f 00 eb e3
0x00007ff813f9b8f7:   55 48 89 e5 48 bf 01 00 00 00 02 0d 0a 00 e8 26
0x00007ff813f9b907:   5d 4f 00 88 05 f0 55 3b 3c 5d c3 90 90 90 90 90
0x00007ff813f9b917:   90 90 90 90 90 90 90 90 90 55 48 89 e5 48 83 ec
0x00007ff813f9b927:   20 48 89 7d e8 48 89 75 f0 c6 45 ff aa c6 45 ff
0x00007ff813f9b937:   00 e8 8f ff ff ff 24 01 0f b6 c0 83 f8 01 75 0e
0x00007ff813f9b947:   48 8b 45 e8 48 8b 4d f0 8a 04 08 88 45 ff 48 83
0x00007ff813f9b957:   c4 20 5d c3 90 90 90 90 90 90 90 48 85 ff 74 12
0x00007ff813f9b967:   55 48 89 e5 48 8d 05 50 fc 04 00 48 39 47 50 5d
0x00007ff813f9b977:   74 03 31 c0 c3 b0 01 c3 90 90 90 90 90 90 90 90
0x00007ff813f9b987:   90 90 90 48 85 ff 74 12 55 48 89 e5 48 8d 05 6e
0x00007ff813f9b997:   fe ff ff 48 39 47 50 5d 74 03 31 c0 c3 b0 01 c3 


Stack slot to memory mapping:
stack at sp + 0 slots: 0x0000000786ed7a28 is an unallocated location in the heap
stack at sp + 1 slots: 0x00007f9f2604e940 points into unknown readable memory: 0x011dfff85034d151 | 51 d1 34 50 f8 ff 1d 01
stack at sp + 2 slots: 0x0000000308995f90 is pointing into the stack for thread: 0x00007f9f26b99a00
stack at sp + 3 slots: 0x00007ff813f9b743: CGDataProviderRetainBytePtr+0x111 in /System/Library/Frameworks/CoreGraphics.framework/Versions/A/CoreGraphics at 0x00007ff813f8f000
stack at sp + 4 slots: 0x0 is NULL
stack at sp + 5 slots: 0x00007f9f2604ea60 points into unknown readable memory: 0x011dfff85034d151 | 51 d1 34 50 f8 ff 1d 01
stack at sp + 6 slots: 0x0000600003473240 points into unknown readable memory: 0x011dfff85034d151 | 51 d1 34 50 f8 ff 1d 01
stack at sp + 7 slots: 0x0000000000000127 is an unknown value


---------------  P R O C E S S  ---------------

Threads class SMR info:
_java_thread_list=0x000060000005a600, length=22, elements={
0x00007f9f2680b400, 0x00007f9f26838e00, 0x00007f9f2683b600, 0x00007f9f2683d000,
0x00007f9f26839a00, 0x00007f9f2683a000, 0x00007f9f2683a600, 0x00007f9f2683ac00,
0x00007f9f15808200, 0x00007f9f25897c00, 0x00007f9f15808800, 0x00007f9f268f5800,
0x00007f9f26b57000, 0x00007f9f25a20e00, 0x00007f9f26b9a600, 0x00007f9f26b99a00,
0x00007f9f25af5e00, 0x00007f9f159bfe00, 0x00007f9f25ac8200, 0x00007f9f25b4a000,
0x00007f9f159b8200, 0x00007f9ef5a5b200
}

Java Threads: ( => current thread )
  0x00007f9f2680b400 JavaThread "main" [_thread_blocked, id=7939, stack(0x0000000308a1f000,0x0000000308b1f000)]
  0x00007f9f26838e00 JavaThread "Reference Handler" daemon [_thread_blocked, id=22599, stack(0x0000000309134000,0x0000000309234000)]
  0x00007f9f2683b600 JavaThread "Finalizer" daemon [_thread_blocked, id=22787, stack(0x0000000309237000,0x0000000309337000)]
  0x00007f9f2683d000 JavaThread "Signal Dispatcher" daemon [_thread_blocked, id=25859, stack(0x000000030944b000,0x000000030954b000)]
  0x00007f9f26839a00 JavaThread "Service Thread" daemon [_thread_blocked, id=41219, stack(0x000000030954e000,0x000000030964e000)]
  0x00007f9f2683a000 JavaThread "Monitor Deflation Thread" daemon [_thread_blocked, id=26627, stack(0x0000000309651000,0x0000000309751000)]
  0x00007f9f2683a600 JavaThread "C2 CompilerThread0" daemon [_thread_in_native, id=27139, stack(0x0000000309754000,0x0000000309854000)]
  0x00007f9f2683ac00 JavaThread "C1 CompilerThread0" daemon [_thread_blocked, id=40707, stack(0x0000000309857000,0x0000000309957000)]
  0x00007f9f15808200 JavaThread "Sweeper thread" daemon [_thread_in_vm, id=27395, stack(0x000000030995a000,0x0000000309a5a000)]
  0x00007f9f25897c00 JavaThread "Common-Cleaner" daemon [_thread_blocked, id=28247, stack(0x0000000309a5d000,0x0000000309b5d000)]
  0x00007f9f15808800 JavaThread "Notification Thread" daemon [_thread_blocked, id=39767, stack(0x0000000309b60000,0x0000000309c60000)]
  0x00007f9f268f5800 JavaThread "QuantumRenderer-0" daemon [_thread_blocked, id=29807, stack(0x0000000309d66000,0x0000000309e66000)]
  0x00007f9f26b57000 JavaThread "Prism Font Disposer" daemon [_thread_blocked, id=43871, stack(0x0000000309eef000,0x0000000309fef000)]
  0x00007f9f25a20e00 JavaThread "JavaFX-Launcher" [_thread_blocked, id=46115, stack(0x0000000309ff2000,0x000000030a0f2000)]
  0x00007f9f26b9a600 JavaThread "InvokeLaterDispatcher" daemon [_thread_blocked, id=85627, stack(0x000000030a0f5000,0x000000030a1f5000)]
=>0x00007f9f26b99a00 JavaThread "JavaFX Application Thread" [_thread_in_native, id=259, stack(0x000000030819c000,0x000000030899c000)]
  0x00007f9f25af5e00 JavaThread "FXGL Background Thread 1" daemon [_thread_blocked, id=62987, stack(0x000000030a916000,0x000000030aa16000)]
  0x00007f9f159bfe00 JavaThread "FXGL Background Thread 2" daemon [_thread_blocked, id=70427, stack(0x000000030a1f8000,0x000000030a2f8000)]
  0x00007f9f25ac8200 JavaThread "FXGL Background Thread 3" daemon [_thread_blocked, id=56879, stack(0x000000030ada8000,0x000000030aea8000)]
  0x00007f9f25b4a000 JavaThread "FXGL Background Thread 4" daemon [_thread_blocked, id=165643, stack(0x000000030aeab000,0x000000030afab000)]
  0x00007f9f159b8200 JavaThread "PulseTimer-CVDisplayLink thread" daemon [_thread_in_native, id=99767, stack(0x000000030afae000,0x000000030b02e000)]
  0x00007f9ef5a5b200 JavaThread "Cleaner-0" daemon [_thread_blocked, id=100967, stack(0x000000030b031000,0x000000030b131000)]

Other Threads:
  0x00007f9f2570d130 VMThread "VM Thread" [stack: 0x0000000309031000,0x0000000309131000] [id=22019]
  0x00007f9f2602c600 WatcherThread [stack: 0x0000000309c63000,0x0000000309d63000] [id=29187]
  0x00007f9f260085f0 GCTaskThread "GC Thread#0" [stack: 0x0000000308b22000,0x0000000308c22000] [id=18947]
  0x00007f9f257359b0 GCTaskThread "GC Thread#1" [stack: 0x000000030a2fb000,0x000000030a3fb000] [id=52483]
  0x00007f9f25723ba0 GCTaskThread "GC Thread#2" [stack: 0x000000030a3fe000,0x000000030a4fe000] [id=79363]
  0x00007f9f25724010 GCTaskThread "GC Thread#3" [stack: 0x000000030a501000,0x000000030a601000] [id=79107]
  0x00007f9f257365e0 GCTaskThread "GC Thread#4" [stack: 0x000000030a604000,0x000000030a704000] [id=78851]
  0x00007f9f25736e40 GCTaskThread "GC Thread#5" [stack: 0x000000030a707000,0x000000030a807000] [id=78339]
  0x00007f9f2576cb30 GCTaskThread "GC Thread#6" [stack: 0x000000030aa9f000,0x000000030ab9f000] [id=63295]
  0x00007f9f26087660 GCTaskThread "GC Thread#7" [stack: 0x000000030b134000,0x000000030b234000] [id=164363]
  0x00007f9f25705b80 ConcurrentGCThread "G1 Main Marker" [stack: 0x0000000308c25000,0x0000000308d25000] [id=14083]
  0x00007f9f25706400 ConcurrentGCThread "G1 Conc#0" [stack: 0x0000000308d28000,0x0000000308e28000] [id=15107]
  0x00007f9f257781f0 ConcurrentGCThread "G1 Conc#1" [stack: 0x000000030b237000,0x000000030b337000] [id=101635]
  0x00007f9f25708c60 ConcurrentGCThread "G1 Refine#0" [stack: 0x0000000308e2b000,0x0000000308f2b000] [id=15619]
  0x00007f9f15740510 ConcurrentGCThread "G1 Refine#1" [stack: 0x000000030aba2000,0x000000030aca2000] [id=97039]
  0x00007f9f2576c7d0 ConcurrentGCThread "G1 Refine#2" [stack: 0x000000030aca5000,0x000000030ada5000] [id=97539]
  0x00007f9f257094f0 ConcurrentGCThread "G1 Service" [stack: 0x0000000308f2e000,0x000000030902e000] [id=16131]

Threads with active compile tasks:
C2 CompilerThread0    56604 5950       4       javafx.scene.CssStyleHelper::createStyleHelper (304 bytes)

VM state: not at safepoint (normal execution)

VM Mutex/Monitor currently owned by a thread: None

Heap address: 0x0000000780000000, size: 2048 MB, Compressed Oops mode: Zero based, Oop shift amount: 3

CDS archive(s) mapped at: [0x0000000800000000-0x0000000800bd4000-0x0000000800bd4000), size 12402688, SharedBaseAddress: 0x0000000800000000, ArchiveRelocationMode: 0.
Compressed class space mapped at: 0x0000000800c00000-0x0000000840c00000, reserved size: 1073741824
Narrow klass base: 0x0000000800000000, Narrow klass shift: 0, Narrow klass range: 0x100000000

GC Precious Log:
 CPUs: 8 total, 8 available
 Memory: 8192M
 Large Page Support: Disabled
 NUMA Support: Disabled
 Compressed Oops: Enabled (Zero based)
 Heap Region Size: 1M
 Heap Min Capacity: 8M
 Heap Initial Capacity: 128M
 Heap Max Capacity: 2G
 Pre-touch: Disabled
 Parallel Workers: 8
 Concurrent Workers: 2
 Concurrent Refinement Workers: 8
 Periodic GC: Disabled

Heap:
 garbage-first heap   total 65536K, used 41687K [0x0000000780000000, 0x0000000800000000)
  region size 1024K, 19 young (19456K), 1 survivors (1024K)
 Metaspace       used 28970K, committed 29248K, reserved 1081344K
  class space    used 3764K, committed 3904K, reserved 1048576K

Heap Regions: E=young(eden), S=young(survivor), O=old, HS=humongous(starts), HC=humongous(continues), CS=collection set, F=free, OA=open archive, CA=closed archive, TAMS=top-at-mark-start (previous, next)
|   0|0x0000000780000000, 0x0000000780100000, 0x0000000780100000|100%| O|  |TAMS 0x00000007800d1c00, 0x0000000780000000| Untracked 
|   1|0x0000000780100000, 0x0000000780200000, 0x0000000780200000|100%| O|  |TAMS 0x0000000780200000, 0x0000000780100000| Untracked 
|   2|0x0000000780200000, 0x0000000780300000, 0x0000000780300000|100%|HS|  |TAMS 0x0000000780200000, 0x0000000780200000| Complete 
|   3|0x0000000780300000, 0x0000000780400000, 0x0000000780400000|100%|HC|  |TAMS 0x0000000780300000, 0x0000000780300000| Complete 
|   4|0x0000000780400000, 0x0000000780500000, 0x0000000780500000|100%|HS|  |TAMS 0x0000000780500000, 0x0000000780400000| Complete 
|   5|0x0000000780500000, 0x0000000780600000, 0x0000000780600000|100%|HC|  |TAMS 0x0000000780600000, 0x0000000780500000| Complete 
|   6|0x0000000780600000, 0x0000000780700000, 0x0000000780700000|100%|HS|  |TAMS 0x0000000780700000, 0x0000000780600000| Complete 
|   7|0x0000000780700000, 0x0000000780800000, 0x0000000780800000|100%|HC|  |TAMS 0x0000000780800000, 0x0000000780700000| Complete 
|   8|0x0000000780800000, 0x0000000780900000, 0x0000000780900000|100%| O|  |TAMS 0x0000000780800000, 0x0000000780800000| Untracked 
|   9|0x0000000780900000, 0x0000000780a00000, 0x0000000780a00000|100%| O|  |TAMS 0x0000000780900000, 0x0000000780900000| Untracked 
|  10|0x0000000780a00000, 0x0000000780a00000, 0x0000000780b00000|  0%| F|  |TAMS 0x0000000780a00000, 0x0000000780a00000| Untracked 
|  11|0x0000000780b00000, 0x0000000780c00000, 0x0000000780c00000|100%| O|  |TAMS 0x0000000780b00000, 0x0000000780b00000| Untracked 
|  12|0x0000000780c00000, 0x0000000780d00000, 0x0000000780d00000|100%| O|  |TAMS 0x0000000780c00000, 0x0000000780c00000| Untracked 
|  13|0x0000000780d00000, 0x0000000780e00000, 0x0000000780e00000|100%| O|  |TAMS 0x0000000780d00000, 0x0000000780d00000| Untracked 
|  14|0x0000000780e00000, 0x0000000780f00000, 0x0000000780f00000|100%| O|  |TAMS 0x0000000780e00000, 0x0000000780e00000| Untracked 
|  15|0x0000000780f00000, 0x0000000781000000, 0x0000000781000000|100%| O|  |TAMS 0x0000000780f00000, 0x0000000780f00000| Untracked 
|  16|0x0000000781000000, 0x0000000781100000, 0x0000000781100000|100%| O|  |TAMS 0x0000000781000000, 0x0000000781000000| Untracked 
|  17|0x0000000781100000, 0x0000000781200000, 0x0000000781200000|100%| O|  |TAMS 0x0000000781100000, 0x0000000781100000| Untracked 
|  18|0x0000000781200000, 0x0000000781300000, 0x0000000781300000|100%| O|  |TAMS 0x0000000781200000, 0x0000000781200000| Untracked 
|  19|0x0000000781300000, 0x0000000781400000, 0x0000000781400000|100%| O|  |TAMS 0x0000000781300000, 0x0000000781300000| Untracked 
|  20|0x0000000781400000, 0x0000000781500000, 0x0000000781500000|100%|HS|  |TAMS 0x0000000781400000, 0x0000000781400000| Complete 
|  21|0x0000000781500000, 0x0000000781600000, 0x0000000781600000|100%|HC|  |TAMS 0x0000000781500000, 0x0000000781500000| Complete 
|  22|0x0000000781600000, 0x0000000781600000, 0x0000000781700000|  0%| F|  |TAMS 0x0000000781600000, 0x0000000781600000| Untracked 
|  23|0x0000000781700000, 0x0000000781700000, 0x0000000781800000|  0%| F|  |TAMS 0x0000000781700000, 0x0000000781700000| Untracked 
|  24|0x0000000781800000, 0x0000000781900000, 0x0000000781900000|100%| O|  |TAMS 0x0000000781800000, 0x0000000781800000| Untracked 
|  25|0x0000000781900000, 0x000000078193b600, 0x0000000781a00000| 23%| O|  |TAMS 0x0000000781900000, 0x0000000781900000| Untracked 
|  26|0x0000000781a00000, 0x0000000781a00000, 0x0000000781b00000|  0%| F|  |TAMS 0x0000000781a00000, 0x0000000781a00000| Untracked 
|  27|0x0000000781b00000, 0x0000000781b00000, 0x0000000781c00000|  0%| F|  |TAMS 0x0000000781b00000, 0x0000000781b00000| Untracked 
|  28|0x0000000781c00000, 0x0000000781c00000, 0x0000000781d00000|  0%| F|  |TAMS 0x0000000781c00000, 0x0000000781c00000| Untracked 
|  29|0x0000000781d00000, 0x0000000781d00000, 0x0000000781e00000|  0%| F|  |TAMS 0x0000000781d00000, 0x0000000781d00000| Untracked 
|  30|0x0000000781e00000, 0x0000000781e00000, 0x0000000781f00000|  0%| F|  |TAMS 0x0000000781e00000, 0x0000000781e00000| Untracked 
|  31|0x0000000781f00000, 0x0000000781f00000, 0x0000000782000000|  0%| F|  |TAMS 0x0000000781f00000, 0x0000000781f00000| Untracked 
|  32|0x0000000782000000, 0x0000000782000000, 0x0000000782100000|  0%| F|  |TAMS 0x0000000782000000, 0x0000000782000000| Untracked 
|  33|0x0000000782100000, 0x0000000782100000, 0x0000000782200000|  0%| F|  |TAMS 0x0000000782100000, 0x0000000782100000| Untracked 
|  34|0x0000000782200000, 0x0000000782200000, 0x0000000782300000|  0%| F|  |TAMS 0x0000000782200000, 0x0000000782200000| Untracked 
|  35|0x0000000782300000, 0x0000000782300000, 0x0000000782400000|  0%| F|  |TAMS 0x0000000782300000, 0x0000000782300000| Untracked 
|  36|0x0000000782400000, 0x0000000782400000, 0x0000000782500000|  0%| F|  |TAMS 0x0000000782400000, 0x0000000782400000| Untracked 
|  37|0x0000000782500000, 0x0000000782500000, 0x0000000782600000|  0%| F|  |TAMS 0x0000000782500000, 0x0000000782500000| Untracked 
|  38|0x0000000782600000, 0x0000000782600000, 0x0000000782700000|  0%| F|  |TAMS 0x0000000782600000, 0x0000000782600000| Untracked 
|  39|0x0000000782700000, 0x0000000782700000, 0x0000000782800000|  0%| F|  |TAMS 0x0000000782700000, 0x0000000782700000| Untracked 
|  40|0x0000000782800000, 0x0000000782800000, 0x0000000782900000|  0%| F|  |TAMS 0x0000000782800000, 0x0000000782800000| Untracked 
|  41|0x0000000782900000, 0x0000000782900000, 0x0000000782a00000|  0%| F|  |TAMS 0x0000000782900000, 0x0000000782900000| Untracked 
|  42|0x0000000782a00000, 0x0000000782a00000, 0x0000000782b00000|  0%| F|  |TAMS 0x0000000782a00000, 0x0000000782a00000| Untracked 
|  43|0x0000000782b00000, 0x0000000782b50ae8, 0x0000000782c00000| 31%| E|  |TAMS 0x0000000782b00000, 0x0000000782b00000| Complete 
|  44|0x0000000782c00000, 0x0000000782d00000, 0x0000000782d00000|100%| E|CS|TAMS 0x0000000782c00000, 0x0000000782c00000| Complete 
|  45|0x0000000782d00000, 0x0000000782e00000, 0x0000000782e00000|100%| E|CS|TAMS 0x0000000782d00000, 0x0000000782d00000| Complete 
|  46|0x0000000782e00000, 0x0000000782f00000, 0x0000000782f00000|100%| E|CS|TAMS 0x0000000782e00000, 0x0000000782e00000| Complete 
|  47|0x0000000782f00000, 0x0000000783000000, 0x0000000783000000|100%| E|CS|TAMS 0x0000000782f00000, 0x0000000782f00000| Complete 
|  48|0x0000000783000000, 0x0000000783100000, 0x0000000783100000|100%| E|CS|TAMS 0x0000000783000000, 0x0000000783000000| Complete 
|  49|0x0000000783100000, 0x0000000783200000, 0x0000000783200000|100%| E|CS|TAMS 0x0000000783100000, 0x0000000783100000| Complete 
|  50|0x0000000783200000, 0x0000000783300000, 0x0000000783300000|100%| E|CS|TAMS 0x0000000783200000, 0x0000000783200000| Complete 
|  51|0x0000000783300000, 0x0000000783400000, 0x0000000783400000|100%| E|CS|TAMS 0x0000000783300000, 0x0000000783300000| Complete 
|  52|0x0000000783400000, 0x0000000783500000, 0x0000000783500000|100%| E|CS|TAMS 0x0000000783400000, 0x0000000783400000| Complete 
|  53|0x0000000783500000, 0x0000000783600000, 0x0000000783600000|100%| E|CS|TAMS 0x0000000783500000, 0x0000000783500000| Complete 
|  97|0x0000000786100000, 0x0000000786200000, 0x0000000786200000|100%| E|CS|TAMS 0x0000000786100000, 0x0000000786100000| Complete 
|  98|0x0000000786200000, 0x0000000786300000, 0x0000000786300000|100%| E|CS|TAMS 0x0000000786200000, 0x0000000786200000| Complete 
|  99|0x0000000786300000, 0x0000000786400000, 0x0000000786400000|100%| E|CS|TAMS 0x0000000786300000, 0x0000000786300000| Complete 
| 100|0x0000000786400000, 0x0000000786500000, 0x0000000786500000|100%| E|CS|TAMS 0x0000000786400000, 0x0000000786400000| Complete 
| 101|0x0000000786500000, 0x0000000786600000, 0x0000000786600000|100%| E|CS|TAMS 0x0000000786500000, 0x0000000786500000| Complete 
| 102|0x0000000786600000, 0x0000000786700000, 0x0000000786700000|100%| E|CS|TAMS 0x0000000786600000, 0x0000000786600000| Complete 
| 103|0x0000000786700000, 0x0000000786785728, 0x0000000786800000| 52%| S|CS|TAMS 0x0000000786700000, 0x0000000786700000| Complete 
| 127|0x0000000787f00000, 0x0000000788000000, 0x0000000788000000|100%| E|CS|TAMS 0x0000000787f00000, 0x0000000787f00000| Complete 
|2046|0x00000007ffe00000, 0x00000007ffe76000, 0x00000007fff00000| 46%|OA|  |TAMS 0x00000007ffe76000, 0x00000007ffe00000| Untracked 
|2047|0x00000007fff00000, 0x00000007fff7f000, 0x0000000800000000| 49%|CA|  |TAMS 0x00000007fff7f000, 0x00000007fff00000| Untracked 

Card table byte_map: [0x000000010b0ff000,0x000000010b4ff000] _byte_map_base: 0x00000001074ff000

Marking Bits (Prev, Next): (CMBitMap*) 0x00007f9f2580ca50, (CMBitMap*) 0x00007f9f2580ca10
 Prev Bits: [0x0000000126960000, 0x0000000128960000)
 Next Bits: [0x0000000124960000, 0x0000000126960000)

Polling page: 0x0000000102372000

Metaspace:

Usage:
  Non-class:     24.62 MB used.
      Class:      3.68 MB used.
       Both:     28.29 MB used.

Virtual space:
  Non-class space:       32.00 MB reserved,      24.75 MB ( 77%) committed,  4 nodes.
      Class space:        1.00 GB reserved,       3.81 MB ( <1%) committed,  1 nodes.
             Both:        1.03 GB reserved,      28.56 MB (  3%) committed. 

Chunk freelists:
   Non-Class:  3.30 MB
       Class:  206.00 KB
        Both:  3.50 MB

MaxMetaspaceSize: unlimited
CompressedClassSpaceSize: 1.00 GB
Initial GC threshold: 21.00 MB
Current GC threshold: 35.12 MB
CDS: on
MetaspaceReclaimPolicy: balanced
 - commit_granule_bytes: 65536.
 - commit_granule_words: 8192.
 - virtual_space_node_default_size: 1048576.
 - enlarge_chunks_in_place: 1.
 - new_chunks_are_fully_committed: 0.
 - uncommit_free_chunks: 1.
 - use_allocation_guard: 0.
 - handle_deallocations: 1.


Internal statistics:

num_allocs_failed_limit: 3.
num_arena_births: 230.
num_arena_deaths: 0.
num_vsnodes_births: 5.
num_vsnodes_deaths: 0.
num_space_committed: 457.
num_space_uncommitted: 0.
num_chunks_returned_to_freelist: 3.
num_chunks_taken_from_freelist: 1056.
num_chunk_merges: 3.
num_chunk_splits: 743.
num_chunks_enlarged: 595.
num_purges: 0.
num_inconsistent_stats: 0.

CodeHeap 'non-profiled nmethods': size=120028Kb used=3218Kb max_used=3218Kb free=116809Kb
 bounds [0x000000011d429000, 0x000000011d759000, 0x0000000124960000]
CodeHeap 'profiled nmethods': size=120028Kb used=12660Kb max_used=12660Kb free=107367Kb
 bounds [0x0000000115ef2000, 0x0000000116b52000, 0x000000011d429000]
CodeHeap 'non-nmethods': size=5704Kb used=1512Kb max_used=1554Kb free=4192Kb
 bounds [0x0000000115960000, 0x0000000115bd0000, 0x0000000115ef2000]
 total_blobs=6824 nmethods=5934 adapters=804
 compilation: enabled
              stopped_count=0, restarted_count=0
 full_count=0

Compilation events (20 events):
Event: 56.547 Thread 0x00007f9f2683ac00 nmethod 5943 0x0000000116b44290 code [0x0000000116b44420, 0x0000000116b44510]
Event: 56.551 Thread 0x00007f9f2683ac00 5944       3       javafx.scene.Node::updateLocalToParentTransform (442 bytes)
Event: 56.554 Thread 0x00007f9f2683ac00 nmethod 5944 0x0000000116b44590 code [0x0000000116b44f80, 0x0000000116b4b650]
Event: 56.554 Thread 0x00007f9f2683ac00 5945       1       javafx.scene.Parent::getTraversalEngine (5 bytes)
Event: 56.554 Thread 0x00007f9f2683ac00 nmethod 5945 0x000000011d74d210 code [0x000000011d74d3a0, 0x000000011d74d470]
Event: 56.555 Thread 0x00007f9f2683ac00 5946       3       javafx.scene.Node::getCssMetaData (4 bytes)
Event: 56.555 Thread 0x00007f9f2683ac00 nmethod 5946 0x0000000116b4d290 code [0x0000000116b4d440, 0x0000000116b4d5b0]
Event: 56.563 Thread 0x00007f9f2683a600 5947       4       javafx.collections.ListChangeBuilder::endChange (32 bytes)
Event: 56.563 Thread 0x00007f9f2683ac00 5949       3       com.sun.javafx.event.CompositeEventHandler::createEventHandlerRecord (30 bytes)
Event: 56.563 Thread 0x00007f9f2683ac00 nmethod 5949 0x0000000116b4d690 code [0x0000000116b4d880, 0x0000000116b4dea0]
Event: 56.564 Thread 0x00007f9f2683a600 nmethod 5947 0x000000011d74d510 code [0x000000011d74d6a0, 0x000000011d74d768]
Event: 56.564 Thread 0x00007f9f2683a600 5948       4       javafx.collections.ListChangeBuilder$SingleChange::getFrom (12 bytes)
Event: 56.564 Thread 0x00007f9f2683a600 nmethod 5948 0x000000011d74d810 code [0x000000011d74d9a0, 0x000000011d74da58]
Event: 56.567 Thread 0x00007f9f2683a600 5950       4       javafx.scene.CssStyleHelper::createStyleHelper (304 bytes)
Event: 56.568 Thread 0x00007f9f2683ac00 5951       3       com.sun.javafx.scene.control.ControlHelper::processCSSImpl (10 bytes)
Event: 56.568 Thread 0x00007f9f2683ac00 nmethod 5951 0x0000000116b4e090 code [0x0000000116b4e260, 0x0000000116b4e560]
Event: 56.568 Thread 0x00007f9f2683ac00 5952       3       javafx.scene.control.Control$1::doProcessCSS (8 bytes)
Event: 56.568 Thread 0x00007f9f2683ac00 nmethod 5952 0x0000000116b4e690 code [0x0000000116b4e840, 0x0000000116b4ea80]
Event: 56.574 Thread 0x00007f9f2683ac00 5953       3       javafx.beans.property.StringPropertyBase::set (9 bytes)
Event: 56.574 Thread 0x00007f9f2683ac00 nmethod 5953 0x0000000116b4eb90 code [0x0000000116b4ed40, 0x0000000116b4f000]

GC Heap History (10 events):
Event: 0.755 GC heap before
{Heap before GC invocations=0 (full 0):
 garbage-first heap   total 133120K, used 24532K [0x0000000780000000, 0x0000000800000000)
  region size 1024K, 23 young (23552K), 0 survivors (0K)
 Metaspace       used 6028K, committed 6272K, reserved 1056768K
  class space    used 566K, committed 704K, reserved 1048576K
}
Event: 0.766 GC heap after
{Heap after GC invocations=1 (full 0):
 garbage-first heap   total 133120K, used 4407K [0x0000000780000000, 0x0000000800000000)
  region size 1024K, 3 young (3072K), 3 survivors (3072K)
 Metaspace       used 6028K, committed 6272K, reserved 1056768K
  class space    used 566K, committed 704K, reserved 1048576K
}
Event: 1.679 GC heap before
{Heap before GC invocations=1 (full 0):
 garbage-first heap   total 133120K, used 43319K [0x0000000780000000, 0x0000000800000000)
  region size 1024K, 42 young (43008K), 3 survivors (3072K)
 Metaspace       used 15028K, committed 15232K, reserved 1064960K
  class space    used 2033K, committed 2112K, reserved 1048576K
}
Event: 1.698 GC heap after
{Heap after GC invocations=2 (full 0):
 garbage-first heap   total 133120K, used 8987K [0x0000000780000000, 0x0000000800000000)
  region size 1024K, 6 young (6144K), 6 survivors (6144K)
 Metaspace       used 15028K, committed 15232K, reserved 1064960K
  class space    used 2033K, committed 2112K, reserved 1048576K
}
Event: 2.448 GC heap before
{Heap before GC invocations=2 (full 0):
 garbage-first heap   total 133120K, used 37659K [0x0000000780000000, 0x0000000800000000)
  region size 1024K, 30 young (30720K), 6 survivors (6144K)
 Metaspace       used 21304K, committed 21504K, reserved 1073152K
  class space    used 2828K, committed 2944K, reserved 1048576K
}
Event: 2.468 GC heap after
{Heap after GC invocations=3 (full 0):
 garbage-first heap   total 133120K, used 16612K [0x0000000780000000, 0x0000000800000000)
  region size 1024K, 7 young (7168K), 7 survivors (7168K)
 Metaspace       used 21304K, committed 21504K, reserved 1073152K
  class space    used 2828K, committed 2944K, reserved 1048576K
}
Event: 31.296 GC heap before
{Heap before GC invocations=4 (full 0):
 garbage-first heap   total 65536K, used 49380K [0x0000000780000000, 0x0000000800000000)
  region size 1024K, 38 young (38912K), 7 survivors (7168K)
 Metaspace       used 28593K, committed 28864K, reserved 1081344K
  class space    used 3757K, committed 3904K, reserved 1048576K
}
Event: 31.323 GC heap after
{Heap after GC invocations=5 (full 0):
 garbage-first heap   total 65536K, used 22048K [0x0000000780000000, 0x0000000800000000)
  region size 1024K, 4 young (4096K), 4 survivors (4096K)
 Metaspace       used 28593K, committed 28864K, reserved 1081344K
  class space    used 3757K, committed 3904K, reserved 1048576K
}
Event: 32.276 GC heap before
{Heap before GC invocations=5 (full 0):
 garbage-first heap   total 65536K, used 23072K [0x0000000780000000, 0x0000000800000000)
  region size 1024K, 5 young (5120K), 4 survivors (4096K)
 Metaspace       used 28619K, committed 28864K, reserved 1081344K
  class space    used 3757K, committed 3904K, reserved 1048576K
}
Event: 32.290 GC heap after
{Heap after GC invocations=6 (full 0):
 garbage-first heap   total 65536K, used 22231K [0x0000000780000000, 0x0000000800000000)
  region size 1024K, 1 young (1024K), 1 survivors (1024K)
 Metaspace       used 28619K, committed 28864K, reserved 1081344K
  class space    used 3757K, committed 3904K, reserved 1048576K
}

Deoptimization events (20 events):
Event: 56.491 Thread 0x00007f9f268f5800 Uncommon trap: trap_request=0xffffff45 fr.pc=0x000000011d7047a0 relative=0x0000000000000cc0
Event: 56.491 Thread 0x00007f9f268f5800 Uncommon trap: reason=unstable_if action=reinterpret pc=0x000000011d7047a0 method=com.sun.prism.impl.shape.BasicRoundRectRep.isAARequiredForFill(Lcom/sun/prism/Graphics;Lcom/sun/javafx/geom/RoundRectangle2D;)Z @ 20 c2
Event: 56.491 Thread 0x00007f9f268f5800 DEOPT PACKING pc=0x000000011d7047a0 sp=0x0000000309e64e20
Event: 56.491 Thread 0x00007f9f268f5800 DEOPT UNPACKING pc=0x00000001159b2093 sp=0x0000000309e64c80 mode 2
Event: 56.505 Thread 0x00007f9f268f5800 Uncommon trap: trap_request=0xffffff45 fr.pc=0x000000011d6319b4 relative=0x00000000000004b4
Event: 56.505 Thread 0x00007f9f268f5800 Uncommon trap: reason=unstable_if action=reinterpret pc=0x000000011d6319b4 method=com.sun.javafx.geom.transform.Affine3D.concatenate(Lcom/sun/javafx/geom/transform/BaseTransform;)V @ 11 c2
Event: 56.505 Thread 0x00007f9f268f5800 DEOPT PACKING pc=0x000000011d6319b4 sp=0x0000000309e64bd0
Event: 56.505 Thread 0x00007f9f268f5800 DEOPT UNPACKING pc=0x00000001159b2093 sp=0x0000000309e64a50 mode 2
Event: 56.507 Thread 0x00007f9f268f5800 Uncommon trap: trap_request=0xffffff45 fr.pc=0x000000011d709870 relative=0x0000000000000390
Event: 56.507 Thread 0x00007f9f268f5800 Uncommon trap: reason=unstable_if action=reinterpret pc=0x000000011d709870 method=com.sun.javafx.geom.transform.AffineBase.rotate(D)V @ 45 c2
Event: 56.507 Thread 0x00007f9f268f5800 DEOPT PACKING pc=0x000000011d709870 sp=0x0000000309e646a0
Event: 56.507 Thread 0x00007f9f268f5800 DEOPT UNPACKING pc=0x00000001159b2093 sp=0x0000000309e64618 mode 2
Event: 56.507 Thread 0x00007f9f268f5800 Uncommon trap: trap_request=0xffffff45 fr.pc=0x000000011d6d8c10 relative=0x00000000000000f0
Event: 56.507 Thread 0x00007f9f268f5800 Uncommon trap: reason=unstable_if action=reinterpret pc=0x000000011d6d8c10 method=com.sun.javafx.geom.transform.AffineBase.invert()V @ 4 c2
Event: 56.507 Thread 0x00007f9f268f5800 DEOPT PACKING pc=0x000000011d6d8c10 sp=0x0000000309e646c0
Event: 56.507 Thread 0x00007f9f268f5800 DEOPT UNPACKING pc=0x00000001159b2093 sp=0x0000000309e64638 mode 2
Event: 56.509 Thread 0x00007f9f268f5800 Uncommon trap: trap_request=0xffffff45 fr.pc=0x000000011d625618 relative=0x00000000000005f8
Event: 56.509 Thread 0x00007f9f268f5800 Uncommon trap: reason=unstable_if action=reinterpret pc=0x000000011d625618 method=com.sun.prism.impl.BaseGraphics.validateTransformAndPaint()V @ 20 c2
Event: 56.510 Thread 0x00007f9f268f5800 DEOPT PACKING pc=0x000000011d625618 sp=0x0000000309e64c00
Event: 56.510 Thread 0x00007f9f268f5800 DEOPT UNPACKING pc=0x00000001159b2093 sp=0x0000000309e64bc8 mode 2

Classes unloaded (0 events):
No events

Classes redefined (0 events):
No events

Internal exceptions (20 events):
Event: 2.171 Thread 0x00007f9f26b99a00 Exception <a 'java/lang/NoSuchMethodError'{0x00000007871a9d60}: 'long java.lang.invoke.DirectMethodHandle$Holder.invokeStaticInit(java.lang.Object, java.lang.Object, java.lang.Object)'> (0x00000007871a9d60) 
thrown [open/src/hotspot/share/interpreter/linkResolver.cpp, line 766]
Event: 2.173 Thread 0x00007f9f26b99a00 Exception <a 'java/lang/NoSuchMethodError'{0x00000007871c1ce0}: 'java.lang.Object java.lang.invoke.DirectMethodHandle$Holder.newInvokeSpecial(java.lang.Object, java.lang.Object, long)'> (0x00000007871c1ce0) 
thrown [open/src/hotspot/share/interpreter/linkResolver.cpp, line 766]
Event: 2.174 Thread 0x00007f9f26b99a00 Exception <a 'java/lang/NoSuchMethodError'{0x00000007871c55a8}: 'java.lang.Object java.lang.invoke.Invokers$Holder.linkToTargetMethod(java.lang.Object, long, java.lang.Object)'> (0x00000007871c55a8) 
thrown [open/src/hotspot/share/interpreter/linkResolver.cpp, line 766]
Event: 2.199 Thread 0x00007f9f26b99a00 Exception <a 'java/lang/ClassNotFoundException'{0x00000007870f17b8}: com/sun/javafx/scene/control/skin/resources/controls> (0x00000007870f17b8) 
thrown [open/src/hotspot/share/prims/jni.cpp, line 535]
Event: 2.203 Thread 0x00007f9f26b99a00 Exception <a 'java/lang/ClassNotFoundException'{0x00000007870ff738}: com/sun/javafx/scene/control/skin/resources/controls_en> (0x00000007870ff738) 
thrown [open/src/hotspot/share/prims/jni.cpp, line 535]
Event: 2.206 Thread 0x00007f9f26b99a00 Exception <a 'java/lang/ClassNotFoundException'{0x0000000786f757d0}: com/sun/javafx/scene/control/skin/resources/controls_en_US> (0x0000000786f757d0) 
thrown [open/src/hotspot/share/prims/jni.cpp, line 535]
Event: 2.233 Thread 0x00007f9f26b99a00 Exception <a 'java/lang/NoSuchMethodError'{0x0000000786f9edd0}: 'java.lang.Object java.lang.invoke.DirectMethodHandle$Holder.invokeInterface(java.lang.Object, java.lang.Object, java.lang.Object)'> (0x0000000786f9edd0) 
thrown [open/src/hotspot/share/interpreter/linkResolver.cpp, line 766]
Event: 2.235 Thread 0x00007f9f26b99a00 Exception <a 'java/lang/IncompatibleClassChangeError'{0x0000000786fa2758}: Found class java.lang.Object, but interface was expected> (0x0000000786fa2758) 
thrown [open/src/hotspot/share/interpreter/linkResolver.cpp, line 833]
Event: 2.781 Thread 0x00007f9f159bfe00 Implicit null exception at 0x000000011d504dac to 0x000000011d504ee2
Event: 18.781 Thread 0x00007f9f26b99a00 Exception <a 'java/lang/NoSuchMethodError'{0x0000000782b05ff0}: 'java.lang.Object java.lang.invoke.DirectMethodHandle$Holder.newInvokeSpecial(java.lang.Object, java.lang.Object, int, int, int, int, int, java.lang.Object)'> (0x0000000782b05ff0) 
thrown [open/src/hotspot/share/interpreter/linkResolver.cpp, line 766]
Event: 18.786 Thread 0x00007f9f26b99a00 Exception <a 'java/lang/NoSuchMethodError'{0x0000000782b18fd0}: 'java.lang.Object java.lang.invoke.DirectMethodHandle$Holder.newInvokeSpecial(java.lang.Object, java.lang.Object, java.lang.Object, int, int, int, int, int)'> (0x0000000782b18fd0) 
thrown [open/src/hotspot/share/interpreter/linkResolver.cpp, line 766]
Event: 18.787 Thread 0x00007f9f26b99a00 Exception <a 'java/lang/NoSuchMethodError'{0x0000000782b20830}: 'java.lang.Object java.lang.invoke.Invokers$Holder.linkToTargetMethod(java.lang.Object, java.lang.Object, int, int, int, int, int, java.lang.Object)'> (0x0000000782b20830) 
thrown [open/src/hotspot/share/interpreter/linkResolver.cpp, line 766]
Event: 18.878 Thread 0x00007f9f26b99a00 Exception <a 'java/lang/NoSuchMethodError'{0x0000000782994e30}: 'void java.lang.invoke.DirectMethodHandle$Holder.invokeSpecial(java.lang.Object, java.lang.Object, java.lang.Object, java.lang.Object, java.lang.Object, java.lang.Object)'> (0x0000000782994e30) 
thrown [open/src/hotspot/share/interpreter/linkResolver.cpp, line 766]
Event: 18.922 Thread 0x00007f9f26b99a00 Exception <a 'java/lang/NoSuchMethodError'{0x00000007827c2190}: 'void java.lang.invoke.DirectMethodHandle$Holder.invokeSpecialIFC(java.lang.Object, java.lang.Object, java.lang.Object, java.lang.Object)'> (0x00000007827c2190) 
thrown [open/src/hotspot/share/interpreter/linkResolver.cpp, line 766]
Event: 18.955 Thread 0x00007f9f26b99a00 Exception <a 'java/lang/NoSuchMethodError'{0x0000000782576598}: 'int java.lang.invoke.DirectMethodHandle$Holder.invokeSpecial(java.lang.Object, java.lang.Object, int)'> (0x0000000782576598) 
thrown [open/src/hotspot/share/interpreter/linkResolver.cpp, line 766]
Event: 20.034 Thread 0x00007f9f268f5800 Exception <a 'java/lang/NoSuchMethodError'{0x00000007823af980}: 'java.lang.Object java.lang.invoke.DirectMethodHandle$Holder.invokeStaticInit(java.lang.Object, int)'> (0x00000007823af980) 
thrown [open/src/hotspot/share/interpreter/linkResolver.cpp, line 766]
Event: 20.442 Thread 0x00007f9f26b99a00 Implicit null exception at 0x000000011d57c4c3 to 0x000000011d57cab8
Event: 25.053 Thread 0x00007f9f26b99a00 Implicit null exception at 0x000000011d548cd0 to 0x000000011d548d40
Event: 25.053 Thread 0x00007f9f26b99a00 Implicit null exception at 0x000000011d549050 to 0x000000011d5490b8
Event: 32.897 Thread 0x00007f9f26b99a00 Implicit null exception at 0x000000011d6768e3 to 0x000000011d6781e5

VM Operations (20 events):
Event: 52.389 Executing VM operation: Cleanup
Event: 52.390 Executing VM operation: Cleanup done
Event: 53.395 Executing VM operation: Cleanup
Event: 53.395 Executing VM operation: Cleanup done
Event: 54.244 Executing VM operation: ICBufferFull
Event: 54.244 Executing VM operation: ICBufferFull done
Event: 54.266 Executing VM operation: ICBufferFull
Event: 54.266 Executing VM operation: ICBufferFull done
Event: 54.286 Executing VM operation: ICBufferFull
Event: 54.287 Executing VM operation: ICBufferFull done
Event: 54.310 Executing VM operation: ICBufferFull
Event: 54.310 Executing VM operation: ICBufferFull done
Event: 55.315 Executing VM operation: Cleanup
Event: 55.318 Executing VM operation: Cleanup done
Event: 56.323 Executing VM operation: Cleanup
Event: 56.323 Executing VM operation: Cleanup done
Event: 56.406 Executing VM operation: HandshakeAllThreads
Event: 56.407 Executing VM operation: HandshakeAllThreads done
Event: 56.544 Executing VM operation: ICBufferFull
Event: 56.546 Executing VM operation: ICBufferFull done

Events (20 events):
Event: 18.898 loading class java/lang/FdLibm
Event: 18.898 loading class java/lang/FdLibm done
Event: 18.914 loading class java/util/BitSet
Event: 18.914 loading class java/util/BitSet done
Event: 18.915 loading class java/util/BitSet$1BitSetSpliterator
Event: 18.915 loading class java/util/BitSet$1BitSetSpliterator done
Event: 18.916 loading class java/util/stream/IntPipeline$1
Event: 18.916 loading class java/util/stream/IntPipeline$1 done
Event: 18.916 loading class java/util/stream/IntPipeline$1$1
Event: 18.916 loading class java/util/stream/IntPipeline$1$1 done
Event: 25.034 loading class java/lang/Class$AnnotationData
Event: 25.034 loading class java/lang/Class$AnnotationData done
Event: 25.034 loading class sun/reflect/annotation/AnnotationSupport
Event: 25.034 loading class sun/reflect/annotation/AnnotationSupport done
Event: 25.034 loading class java/lang/annotation/Repeatable
Event: 25.034 loading class java/lang/annotation/Repeatable done
Event: 25.034 loading class java/lang/annotation/ElementType
Event: 25.035 loading class java/lang/annotation/ElementType done
Event: 25.035 loading class java/lang/annotation/Documented
Event: 25.035 loading class java/lang/annotation/Documented done


Dynamic libraries:
0x000000010a9a4000 	/Users/rohanbatra/Library/Java/JavaVirtualMachines/openjdk-17.0.1/Contents/Home/lib/libjli.dylib
0x00007ff819e7e000 	/usr/lib/libz.1.dylib
0x00007ff819f64000 	/usr/lib/libSystem.B.dylib
0x00007ff819f5f000 	/usr/lib/system/libcache.dylib
0x00007ff819f1b000 	/usr/lib/system/libcommonCrypto.dylib
0x00007ff819f44000 	/usr/lib/system/libcompiler_rt.dylib
0x00007ff819f3a000 	/usr/lib/system/libcopyfile.dylib
0x00007ff80eace000 	/usr/lib/system/libcorecrypto.dylib
0x00007ff80eb8d000 	/usr/lib/system/libdispatch.dylib
0x00007ff80ed4f000 	/usr/lib/system/libdyld.dylib
0x00007ff819f56000 	/usr/lib/system/libkeymgr.dylib
0x00007ff819ef9000 	/usr/lib/system/libmacho.dylib
0x00007ff81958a000 	/usr/lib/system/libquarantine.dylib
0x00007ff819f54000 	/usr/lib/system/libremovefile.dylib
0x00007ff813bcd000 	/usr/lib/system/libsystem_asl.dylib
0x00007ff80ea7c000 	/usr/lib/system/libsystem_blocks.dylib
0x00007ff80ec14000 	/usr/lib/system/libsystem_c.dylib
0x00007ff819f4c000 	/usr/lib/system/libsystem_collections.dylib
0x00007ff8187c0000 	/usr/lib/system/libsystem_configuration.dylib
0x00007ff817a80000 	/usr/lib/system/libsystem_containermanager.dylib
0x00007ff819c32000 	/usr/lib/system/libsystem_coreservices.dylib
0x00007ff81129b000 	/usr/lib/system/libsystem_darwin.dylib
0x00007ff819f57000 	/usr/lib/system/libsystem_dnssd.dylib
0x00007ff80ec11000 	/usr/lib/system/libsystem_featureflags.dylib
0x00007ff80ed65000 	/usr/lib/system/libsystem_info.dylib
0x00007ff819e91000 	/usr/lib/system/libsystem_m.dylib
0x00007ff80eb61000 	/usr/lib/system/libsystem_malloc.dylib
0x00007ff813b6a000 	/usr/lib/system/libsystem_networkextension.dylib
0x00007ff8116c3000 	/usr/lib/system/libsystem_notify.dylib
0x00007ff820151000 	/usr/lib/system/libsystem_product_info_filter.dylib
0x00007ff8187c4000 	/usr/lib/system/libsystem_sandbox.dylib
0x00007ff819f51000 	/usr/lib/system/libsystem_secinit.dylib
0x00007ff80ed0c000 	/usr/lib/system/libsystem_kernel.dylib
0x00007ff80ed5b000 	/usr/lib/system/libsystem_platform.dylib
0x00007ff80ed43000 	/usr/lib/system/libsystem_pthread.dylib
0x00007ff815491000 	/usr/lib/system/libsystem_symptoms.dylib
0x00007ff80eab5000 	/usr/lib/system/libsystem_trace.dylib
0x00007ff819f27000 	/usr/lib/system/libunwind.dylib
0x00007ff80ea7e000 	/usr/lib/system/libxpc.dylib
0x00007ff80ecf6000 	/usr/lib/libc++abi.dylib
0x00007ff80ebd4000 	/usr/lib/libobjc.A.dylib
0x00007ff819f32000 	/usr/lib/liboah.dylib
0x00007ff80ec9d000 	/usr/lib/libc++.1.dylib
0x00007ff825e80000 	/System/Library/Frameworks/Cocoa.framework/Versions/A/Cocoa
0x00007ff811721000 	/System/Library/Frameworks/AppKit.framework/Versions/C/AppKit
0x00007ff814c71000 	/System/Library/Frameworks/CoreData.framework/Versions/A/CoreData
0x00007ff80fb3c000 	/System/Library/Frameworks/Foundation.framework/Versions/C/Foundation
0x00007ff8125ae000 	/System/Library/PrivateFrameworks/UIFoundation.framework/Versions/A/UIFoundation
0x00007ff81fe58000 	/System/Library/PrivateFrameworks/RemoteViewServices.framework/Versions/A/RemoteViewServices
0x00007ff818157000 	/System/Library/PrivateFrameworks/XCTTargetBootstrap.framework/Versions/A/XCTTargetBootstrap
0x00007ff81be2f000 	/System/Library/PrivateFrameworks/InternationalSupport.framework/Versions/A/InternationalSupport
0x00007ff81beb9000 	/System/Library/PrivateFrameworks/UserActivity.framework/Versions/A/UserActivity
0x00007ff81b216000 	/usr/lib/libspindump.dylib
0x00007ff81283c000 	/System/Library/Frameworks/UniformTypeIdentifiers.framework/Versions/A/UniformTypeIdentifiers
0x00007ff816896000 	/usr/lib/libapp_launch_measurement.dylib
0x00007ff81564b000 	/System/Library/PrivateFrameworks/CoreAnalytics.framework/Versions/A/CoreAnalytics
0x00007ff816899000 	/System/Library/PrivateFrameworks/CoreAutoLayout.framework/Versions/A/CoreAutoLayout
0x00007ff817ab8000 	/System/Library/Frameworks/Metal.framework/Versions/A/Metal
0x00007ff8187cf000 	/usr/lib/liblangid.dylib
0x00007ff81815b000 	/System/Library/PrivateFrameworks/CoreSVG.framework/Versions/A/CoreSVG
0x00007ff813bfe000 	/System/Library/PrivateFrameworks/SkyLight.framework/Versions/A/SkyLight
0x00007ff813f8f000 	/System/Library/Frameworks/CoreGraphics.framework/Versions/A/CoreGraphics
0x00007ff8204c3000 	/System/Library/Frameworks/Accelerate.framework/Versions/A/Accelerate
0x00007ff81ac91000 	/System/Library/PrivateFrameworks/IconServices.framework/Versions/A/IconServices
0x00007ff817a9d000 	/System/Library/Frameworks/IOSurface.framework/Versions/A/IOSurface
0x00007ff815679000 	/usr/lib/libDiagnosticMessagesClient.dylib
0x00007ff823b22000 	/System/Library/Frameworks/ApplicationServices.framework/Versions/A/ApplicationServices
0x00007ff818143000 	/System/Library/PrivateFrameworks/DFRFoundation.framework/Versions/A/DFRFoundation
0x00007ff811012000 	/usr/lib/libicucore.A.dylib
0x00007ff81cb51000 	/System/Library/Frameworks/AudioToolbox.framework/Versions/A/AudioToolbox
0x00007ff81be3b000 	/System/Library/PrivateFrameworks/DataDetectorsCore.framework/Versions/A/DataDetectorsCore
0x00007ff9175d0000 	/System/Library/PrivateFrameworks/TextInput.framework/Versions/A/TextInput
0x00007ff813b81000 	/usr/lib/libMobileGestalt.dylib
0x00007ff817e4b000 	/System/Library/Frameworks/Carbon.framework/Versions/A/Frameworks/HIToolbox.framework/Versions/A/HIToolbox
0x00007ff8162c4000 	/System/Library/Frameworks/QuartzCore.framework/Versions/A/QuartzCore
0x00007ff810cb3000 	/System/Library/Frameworks/Security.framework/Versions/A/Security
0x00007ff81fe90000 	/System/Library/Frameworks/Carbon.framework/Versions/A/Frameworks/SpeechRecognition.framework/Versions/A/SpeechRecognition
0x00007ff8165f6000 	/System/Library/PrivateFrameworks/CoreUI.framework/Versions/A/CoreUI
0x00007ff81058d000 	/System/Library/Frameworks/CoreAudio.framework/Versions/A/CoreAudio
0x00007ff815767000 	/System/Library/Frameworks/DiskArbitration.framework/Versions/A/DiskArbitration
0x00007ff81b5f9000 	/System/Library/PrivateFrameworks/MultitouchSupport.framework/Versions/A/MultitouchSupport
0x00007ff813b80000 	/usr/lib/libenergytrace.dylib
0x00007ff81160d000 	/System/Library/Frameworks/IOKit.framework/Versions/A/IOKit
0x00007ff82027a000 	/System/Library/Frameworks/CoreServices.framework/Versions/A/CoreServices
0x00007ff816830000 	/System/Library/PrivateFrameworks/PerformanceAnalysis.framework/Versions/A/PerformanceAnalysis
0x00007ffa2703f000 	/System/Library/Frameworks/OpenGL.framework/Versions/A/OpenGL
0x00007ff8194b6000 	/System/Library/PrivateFrameworks/MobileKeyBag.framework/Versions/A/MobileKeyBag
0x00007ff8146be000 	/System/Library/Frameworks/ColorSync.framework/Versions/A/ColorSync
0x00007ff80ed90000 	/System/Library/Frameworks/CoreFoundation.framework/Versions/A/CoreFoundation
0x00007ff8183d6000 	/System/Library/Frameworks/CoreImage.framework/Versions/A/CoreImage
0x00007ff8103a3000 	/System/Library/Frameworks/CoreText.framework/Versions/A/CoreText
0x00007ff81818a000 	/System/Library/Frameworks/ImageIO.framework/Versions/A/ImageIO
0x00007ff819f6a000 	/System/Library/PrivateFrameworks/SoftLinking.framework/Versions/A/SoftLinking
0x00007ff8168e1000 	/usr/lib/libxml2.2.dylib
0x00007ff81a1ea000 	/usr/lib/libcompression.dylib
0x00007ff81bd65000 	/System/Library/PrivateFrameworks/TextureIO.framework/Versions/A/TextureIO
0x00007ff81a90a000 	/usr/lib/libate.dylib
0x00007ff81a6c3000 	/usr/lib/liblzma.5.dylib
0x00007ff80f84d000 	/System/Library/Frameworks/SystemConfiguration.framework/Versions/A/SystemConfiguration
0x00007ff819f66000 	/usr/lib/libfakelink.dylib
0x00007ff8136d4000 	/System/Library/Frameworks/CFNetwork.framework/Versions/A/CFNetwork
0x00007ff81a0a5000 	/usr/lib/libarchive.2.dylib
0x00007ff8187cb000 	/System/Library/PrivateFrameworks/AppleSystemInfo.framework/Versions/A/AppleSystemInfo
0x00007ff8195b0000 	/usr/lib/libbsm.0.dylib
0x00007ff812d0b000 	/usr/lib/libnetwork.dylib
0x00007ff819eff000 	/usr/lib/system/libkxld.dylib
0x00007ff8191df000 	/System/Library/PrivateFrameworks/IOMobileFramebuffer.framework/Versions/A/IOMobileFramebuffer
0x00007ffb249e1000 	/usr/lib/libCoreEntitlements.dylib
0x00007ff819c14000 	/System/Library/PrivateFrameworks/AppleFSCompression.framework/Versions/A/AppleFSCompression
0x00007ff819599000 	/usr/lib/libcoretls.dylib
0x00007ff81a6dd000 	/usr/lib/libcoretls_cfhelpers.dylib
0x00007ff81a1e5000 	/usr/lib/libpam.2.dylib
0x00007ff8150b7000 	/usr/lib/libsqlite3.dylib
0x00007ff81a74c000 	/usr/lib/libxar.1.dylib
0x00007ff819c24000 	/usr/lib/libbz2.1.0.dylib
0x00007ff819f6b000 	/usr/lib/libpcap.A.dylib
0x00007ff815488000 	/usr/lib/libdns_services.dylib
0x00007ff81a1b7000 	/usr/lib/libapple_nghttp2.dylib
0x00007ff819fa2000 	/usr/lib/libiconv.2.dylib
0x00007ff819ef8000 	/usr/lib/libcharset.1.dylib
0x00007ff816864000 	/System/Library/Frameworks/CoreServices.framework/Versions/A/Frameworks/FSEvents.framework/Versions/A/FSEvents
0x00007ff8112a5000 	/System/Library/Frameworks/CoreServices.framework/Versions/A/Frameworks/CarbonCore.framework/Versions/A/CarbonCore
0x00007ff8156cc000 	/System/Library/Frameworks/CoreServices.framework/Versions/A/Frameworks/Metadata.framework/Versions/A/Metadata
0x00007ff819c37000 	/System/Library/Frameworks/CoreServices.framework/Versions/A/Frameworks/OSServices.framework/Versions/A/OSServices
0x00007ff81a12b000 	/System/Library/Frameworks/CoreServices.framework/Versions/A/Frameworks/SearchKit.framework/Versions/A/SearchKit
0x00007ff81541a000 	/System/Library/Frameworks/CoreServices.framework/Versions/A/Frameworks/AE.framework/Versions/A/AE
0x00007ff80f291000 	/System/Library/Frameworks/CoreServices.framework/Versions/A/Frameworks/LaunchServices.framework/Versions/A/LaunchServices
0x00007ff81a674000 	/System/Library/Frameworks/CoreServices.framework/Versions/A/Frameworks/DictionaryServices.framework/Versions/A/DictionaryServices
0x00007ff816871000 	/System/Library/Frameworks/CoreServices.framework/Versions/A/Frameworks/SharedFileList.framework/Versions/A/SharedFileList
0x00007ff81958d000 	/usr/lib/libCheckFix.dylib
0x00007ff813be4000 	/System/Library/PrivateFrameworks/TCC.framework/Versions/A/TCC
0x00007ff8187d1000 	/System/Library/PrivateFrameworks/CoreNLP.framework/Versions/A/CoreNLP
0x00007ff81567c000 	/System/Library/PrivateFrameworks/MetadataUtilities.framework/Versions/A/MetadataUtilities
0x00007ff80f8fd000 	/usr/lib/libmecabra.dylib
0x00007ff8195c0000 	/usr/lib/libmecab.dylib
0x00007ff80f8c8000 	/usr/lib/libCRFSuite.dylib
0x00007ff81961d000 	/usr/lib/libgermantok.dylib
0x00007ff81a192000 	/usr/lib/libThaiTokenizer.dylib
0x00007ff81576e000 	/System/Library/Frameworks/Accelerate.framework/Versions/A/Frameworks/vImage.framework/Versions/A/vImage
0x00007ff820251000 	/System/Library/Frameworks/Accelerate.framework/Versions/A/Frameworks/vecLib.framework/Versions/A/vecLib
0x00007ff81a78d000 	/System/Library/Frameworks/Accelerate.framework/Versions/A/Frameworks/vecLib.framework/Versions/A/libvMisc.dylib
0x00007ff818fd3000 	/System/Library/Frameworks/Accelerate.framework/Versions/A/Frameworks/vecLib.framework/Versions/A/libvDSP.dylib
0x00007ff80f609000 	/System/Library/Frameworks/Accelerate.framework/Versions/A/Frameworks/vecLib.framework/Versions/A/libBLAS.dylib
0x00007ff81a2c7000 	/System/Library/Frameworks/Accelerate.framework/Versions/A/Frameworks/vecLib.framework/Versions/A/libLAPACK.dylib
0x00007ff819620000 	/System/Library/Frameworks/Accelerate.framework/Versions/A/Frameworks/vecLib.framework/Versions/A/libLinearAlgebra.dylib
0x00007ff81a1d0000 	/System/Library/Frameworks/Accelerate.framework/Versions/A/Frameworks/vecLib.framework/Versions/A/libSparseBLAS.dylib
0x00007ff81a2c1000 	/System/Library/Frameworks/Accelerate.framework/Versions/A/Frameworks/vecLib.framework/Versions/A/libQuadrature.dylib
0x00007ff8188bb000 	/System/Library/Frameworks/Accelerate.framework/Versions/A/Frameworks/vecLib.framework/Versions/A/libBNNS.dylib
0x00007ff80f7de000 	/System/Library/Frameworks/Accelerate.framework/Versions/A/Frameworks/vecLib.framework/Versions/A/libSparse.dylib
0x00007ff8188b4000 	/System/Library/PrivateFrameworks/LinguisticData.framework/Versions/A/LinguisticData
0x00007ff80f793000 	/System/Library/PrivateFrameworks/Lexicon.framework/Versions/A/Lexicon
0x00007ff81a786000 	/usr/lib/libChineseTokenizer.dylib
0x00007ff80fef7000 	/System/Library/PrivateFrameworks/LanguageModeling.framework/Versions/A/LanguageModeling
0x00007ff81a194000 	/System/Library/PrivateFrameworks/AppleSauce.framework/Versions/A/AppleSauce
0x00007ff8191cd000 	/System/Library/PrivateFrameworks/CoreEmoji.framework/Versions/A/CoreEmoji
0x00007ff81a094000 	/usr/lib/libcmph.dylib
0x00007ff816848000 	/System/Library/Frameworks/OpenDirectory.framework/Versions/A/Frameworks/CFOpenDirectory.framework/Versions/A/CFOpenDirectory
0x00007ff81683c000 	/System/Library/Frameworks/OpenDirectory.framework/Versions/A/OpenDirectory
0x00007ff81a6df000 	/System/Library/PrivateFrameworks/APFS.framework/Versions/A/APFS
0x00007ff8194ee000 	/System/Library/Frameworks/SecurityFoundation.framework/Versions/A/SecurityFoundation
0x00007ff81a75a000 	/usr/lib/libutil.dylib
0x00007ff8115d0000 	/System/Library/PrivateFrameworks/CoreServicesStore.framework/Versions/A/CoreServicesStore
0x00007ff81a75e000 	/usr/lib/libxslt.1.dylib
0x00007ff81957b000 	/System/Library/PrivateFrameworks/BackgroundTaskManagement.framework/Versions/A/BackgroundTaskManagement
0x00007ff81bc87000 	/System/Library/Frameworks/ImageIO.framework/Versions/A/Resources/libRadiance.dylib
0x00007ff81bc90000 	/System/Library/Frameworks/ImageIO.framework/Versions/A/Resources/libJPEG.dylib
0x00007ff81bbe1000 	/System/Library/Frameworks/ImageIO.framework/Versions/A/Resources/libPng.dylib
0x00007ff81bc02000 	/System/Library/Frameworks/ImageIO.framework/Versions/A/Resources/libTIFF.dylib
0x00007ff81bcee000 	/System/Library/Frameworks/ImageIO.framework/Versions/A/Resources/libGIF.dylib
0x00007ff81b516000 	/System/Library/Frameworks/ImageIO.framework/Versions/A/Resources/libJP2.dylib
0x00007ff81ac58000 	/usr/lib/libexpat.1.dylib
0x00007ff81b4cb000 	/System/Library/PrivateFrameworks/AppleJPEG.framework/Versions/A/AppleJPEG
0x00007ff817d12000 	/System/Library/PrivateFrameworks/FontServices.framework/libFontParser.dylib
0x00007ff8153c4000 	/System/Library/PrivateFrameworks/RunningBoardServices.framework/Versions/A/RunningBoardServices
0x00007ff8263f1000 	/System/Library/PrivateFrameworks/IOSurfaceAccelerator.framework/Versions/A/IOSurfaceAccelerator
0x00007ff81b5f5000 	/System/Library/PrivateFrameworks/WatchdogClient.framework/Versions/A/WatchdogClient
0x00007ff80ffe6000 	/System/Library/Frameworks/CoreDisplay.framework/Versions/A/CoreDisplay
0x00007ff817c12000 	/System/Library/Frameworks/CoreMedia.framework/Versions/A/CoreMedia
0x00007ff817aaf000 	/System/Library/PrivateFrameworks/IOAccelerator.framework/Versions/A/IOAccelerator
0x00007ff8169c4000 	/System/Library/Frameworks/CoreVideo.framework/Versions/A/CoreVideo
0x00007ff81a1e3000 	/System/Library/Frameworks/MetalPerformanceShaders.framework/Versions/A/MetalPerformanceShaders
0x00007ff81b630000 	/System/Library/Frameworks/VideoToolbox.framework/Versions/A/VideoToolbox
0x00007ff81530c000 	/System/Library/PrivateFrameworks/BaseBoard.framework/Versions/A/BaseBoard
0x00007ff81509d000 	/System/Library/PrivateFrameworks/ProtocolBuffer.framework/Versions/A/ProtocolBuffer
0x00007ff81bc80000 	/System/Library/PrivateFrameworks/GPUWrangler.framework/Versions/A/GPUWrangler
0x00007ff81bc63000 	/System/Library/PrivateFrameworks/IOPresentment.framework/Versions/A/IOPresentment
0x00007ff81bc8a000 	/System/Library/PrivateFrameworks/DSExternalDisplay.framework/Versions/A/DSExternalDisplay
0x00007ffa27033000 	/System/Library/Frameworks/OpenGL.framework/Versions/A/Libraries/libCoreFSCache.dylib
0x00007ffb12fe0000 	/System/Library/PrivateFrameworks/GPUCompiler.framework/Versions/31001/Libraries/libGPUCompilerUtils.dylib
0x00007ff81bcf3000 	/System/Library/PrivateFrameworks/CMCaptureCore.framework/Versions/A/CMCaptureCore
0x00007ff81b204000 	/System/Library/PrivateFrameworks/AppServerSupport.framework/Versions/A/AppServerSupport
0x00007ff81d3ce000 	/System/Library/PrivateFrameworks/perfdata.framework/Versions/A/perfdata
0x00007ff810112000 	/System/Library/PrivateFrameworks/AudioToolboxCore.framework/Versions/A/AudioToolboxCore
0x00007ff817bef000 	/System/Library/PrivateFrameworks/caulk.framework/Versions/A/caulk
0x00007ff81ccfb000 	/usr/lib/libAudioStatistics.dylib
0x00007ff913e8f000 	/System/Library/PrivateFrameworks/SystemPolicy.framework/Versions/A/SystemPolicy
0x00007ff81cf47000 	/usr/lib/libSMC.dylib
0x00007ff825d33000 	/System/Library/Frameworks/CoreMIDI.framework/Versions/A/CoreMIDI
0x00007ff81bbb1000 	/usr/lib/libAudioToolboxUtility.dylib
0x00007ff910317000 	/System/Library/PrivateFrameworks/OSAServicesClient.framework/Versions/A/OSAServicesClient
0x00007ff81d3db000 	/usr/lib/libperfcheck.dylib
0x00007ff91491b000 	/usr/lib/libmis.dylib
0x00007ffa2708f000 	/System/Library/Frameworks/OpenGL.framework/Versions/A/Libraries/libGLU.dylib
0x00007ffa27052000 	/System/Library/Frameworks/OpenGL.framework/Versions/A/Libraries/libGFXShared.dylib
0x00007ffa27260000 	/System/Library/Frameworks/OpenGL.framework/Versions/A/Libraries/libGL.dylib
0x00007ffa2705b000 	/System/Library/Frameworks/OpenGL.framework/Versions/A/Libraries/libGLImage.dylib
0x00007ffa2704f000 	/System/Library/Frameworks/OpenGL.framework/Versions/A/Libraries/libCVMSPluginSupport.dylib
0x00007ffa2703a000 	/System/Library/Frameworks/OpenGL.framework/Versions/A/Libraries/libCoreVMClient.dylib
0x00007ff81874f000 	/System/Library/Frameworks/MetalPerformanceShaders.framework/Versions/A/Frameworks/MPSCore.framework/Versions/A/MPSCore
0x00007ff819b7f000 	/System/Library/Frameworks/MetalPerformanceShaders.framework/Versions/A/Frameworks/MPSImage.framework/Versions/A/MPSImage
0x00007ff819636000 	/System/Library/Frameworks/MetalPerformanceShaders.framework/Versions/A/Frameworks/MPSNeuralNetwork.framework/Versions/A/MPSNeuralNetwork
0x00007ff819aab000 	/System/Library/Frameworks/MetalPerformanceShaders.framework/Versions/A/Frameworks/MPSMatrix.framework/Versions/A/MPSMatrix
0x00007ff819867000 	/System/Library/Frameworks/MetalPerformanceShaders.framework/Versions/A/Frameworks/MPSRayIntersector.framework/Versions/A/MPSRayIntersector
0x00007ff819ae4000 	/System/Library/Frameworks/MetalPerformanceShaders.framework/Versions/A/Frameworks/MPSNDArray.framework/Versions/A/MPSNDArray
0x00007ffa2bc38000 	/System/Library/Frameworks/MetalPerformanceShaders.framework/Versions/A/Frameworks/MPSFunctions.framework/Versions/A/MPSFunctions
0x00007ff80f4ec000 	/System/Library/PrivateFrameworks/MetalTools.framework/Versions/A/MetalTools
0x00007ff8187c9000 	/System/Library/PrivateFrameworks/AggregateDictionary.framework/Versions/A/AggregateDictionary
0x00007ff81aa3a000 	/usr/lib/libIOReport.dylib
0x00007ffa2866f000 	/System/Library/Frameworks/OpenCL.framework/Versions/A/OpenCL
0x00007ff81ad9e000 	/System/Library/PrivateFrameworks/FaceCore.framework/Versions/A/FaceCore
0x00007ff81ad8f000 	/System/Library/PrivateFrameworks/GraphVisualizer.framework/Versions/A/GraphVisualizer
0x00007ffb12eeb000 	/System/Library/PrivateFrameworks/FontServices.framework/Versions/A/FontServices
0x00007ff81b1bb000 	/System/Library/PrivateFrameworks/OTSVG.framework/Versions/A/OTSVG
0x00007ff8165ac000 	/System/Library/Frameworks/ApplicationServices.framework/Versions/A/Frameworks/ATS.framework/Versions/A/Resources/libFontRegistry.dylib
0x00007ff81b20c000 	/System/Library/PrivateFrameworks/FontServices.framework/libhvf.dylib
0x00007ffb12eec000 	/System/Library/PrivateFrameworks/FontServices.framework/libXTFontStaticRegistryData.dylib
0x00007ff81ac08000 	/System/Library/PrivateFrameworks/AppleVA.framework/Versions/A/AppleVA
0x00007ff81cd1b000 	/System/Library/Frameworks/ApplicationServices.framework/Versions/A/Frameworks/ATS.framework/Versions/A/ATS
0x00007ff8147ba000 	/System/Library/Frameworks/ApplicationServices.framework/Versions/A/Frameworks/HIServices.framework/Versions/A/HIServices
0x00007ff81bcfd000 	/System/Library/Frameworks/ApplicationServices.framework/Versions/A/Frameworks/PrintCore.framework/Versions/A/PrintCore
0x00007ff81d09a000 	/System/Library/Frameworks/ApplicationServices.framework/Versions/A/Frameworks/QD.framework/Versions/A/QD
0x00007ff81d092000 	/System/Library/Frameworks/ApplicationServices.framework/Versions/A/Frameworks/ColorSyncLegacy.framework/Versions/A/ColorSyncLegacy
0x00007ff81cd0b000 	/System/Library/Frameworks/ApplicationServices.framework/Versions/A/Frameworks/SpeechSynthesis.framework/Versions/A/SpeechSynthesis
0x00007ff81bcbe000 	/System/Library/Frameworks/ApplicationServices.framework/Versions/A/Frameworks/ATSUI.framework/Versions/A/ATSUI
0x00007ff81d027000 	/usr/lib/libcups.2.dylib
0x00007ff81d3ea000 	/System/Library/Frameworks/Kerberos.framework/Versions/A/Kerberos
0x00007ff81d3f9000 	/System/Library/Frameworks/GSS.framework/Versions/A/GSS
0x00007ff81cd87000 	/usr/lib/libresolv.9.dylib
0x00007ff81b21b000 	/System/Library/PrivateFrameworks/Heimdal.framework/Versions/A/Heimdal
0x00007ff823e9d000 	/System/Library/Frameworks/Kerberos.framework/Versions/A/Libraries/libHeimdalProxy.dylib
0x00007ff815499000 	/System/Library/Frameworks/Network.framework/Versions/A/Network
0x00007ff81ac72000 	/usr/lib/libheimdal-asn1.dylib
0x00007ff81d444000 	/System/Library/PrivateFrameworks/CommonAuth.framework/Versions/A/CommonAuth
0x00007ff81cc8c000 	/System/Library/PrivateFrameworks/AudioSession.framework/Versions/A/AudioSession
0x00007ff81ad02000 	/System/Library/PrivateFrameworks/MediaExperience.framework/Versions/A/MediaExperience
0x00007ff81cb20000 	/System/Library/PrivateFrameworks/AudioSession.framework/libSessionUtility.dylib
0x00007ff81d0a6000 	/System/Library/PrivateFrameworks/AudioResourceArbitration.framework/Versions/A/AudioResourceArbitration
0x00007ff81ac7b000 	/System/Library/PrivateFrameworks/IconFoundation.framework/Versions/A/IconFoundation
0x00007ff81fe80000 	/System/Library/PrivateFrameworks/SpeechRecognitionCore.framework/Versions/A/SpeechRecognitionCore
0x000000010ba28000 	/Users/rohanbatra/Library/Java/JavaVirtualMachines/openjdk-17.0.1/Contents/Home/lib/server/libjvm.dylib
0x000000010aa34000 	/Users/rohanbatra/Library/Java/JavaVirtualMachines/openjdk-17.0.1/Contents/Home/lib/libjimage.dylib
0x000000010aac1000 	/Users/rohanbatra/Library/Java/JavaVirtualMachines/openjdk-17.0.1/Contents/Home/lib/libjava.dylib
0x000000012a999000 	/Users/rohanbatra/Library/Java/JavaVirtualMachines/openjdk-17.0.1/Contents/Home/lib/libnio.dylib
0x000000012a9f0000 	/Users/rohanbatra/Library/Java/JavaVirtualMachines/openjdk-17.0.1/Contents/Home/lib/libnet.dylib
0x000000012aaaf000 	/Users/rohanbatra/Library/Java/JavaVirtualMachines/openjdk-17.0.1/Contents/Home/lib/libzip.dylib
0x000000012d135000 	/Users/rohanbatra/.openjfx/cache/17.0.0.1/libprism_es2.dylib
0x00007ff811591000 	/System/Library/PrivateFrameworks/CoreServicesInternal.framework/Versions/A/CoreServicesInternal
0x00007ffa2726b000 	/System/Library/Frameworks/OpenGL.framework/Versions/A/Resources/GLEngine.bundle/GLEngine
0x00007ffa270cd000 	/System/Library/Frameworks/OpenGL.framework/Versions/A/Libraries/libGLProgrammability.dylib
0x000000012d342000 	/System/Library/Extensions/AppleMetalOpenGLRenderer.bundle/Contents/MacOS/AppleMetalOpenGLRenderer
0x00007ffa273fa000 	/System/Library/Frameworks/OpenGL.framework/Versions/A/Resources/GLRendererFloat.bundle/GLRendererFloat
0x00007ffa291d9000 	/System/Library/Extensions/AGXMetal13_3.bundle/Contents/MacOS/AGXMetal13_3
0x00007ff914936000 	/System/Library/PrivateFrameworks/GPURawCounter.framework/Versions/A/GPURawCounter
0x00007ff90f4b3000 	/System/Library/PrivateFrameworks/IOGPU.framework/Versions/A/IOGPU
0x000000012d4c5000 	/Users/rohanbatra/.openjfx/cache/17.0.0.1/libjavafx_font.dylib
0x000000012dc5e000 	/Users/rohanbatra/.openjfx/cache/17.0.0.1/libglass.dylib
0x00007ff821651000 	/System/Library/Frameworks/FileProvider.framework/Versions/A/FileProvider
0x00007ff815278000 	/System/Library/Frameworks/Accounts.framework/Versions/A/Accounts
0x00007ff8217c9000 	/System/Library/PrivateFrameworks/GenerationalStorage.framework/Versions/A/GenerationalStorage
0x00007ff8222d6000 	/System/Library/PrivateFrameworks/CoreSymbolication.framework/Versions/A/CoreSymbolication
0x00007ff821055000 	/System/Library/PrivateFrameworks/SymptomDiagnosticReporter.framework/Versions/A/SymptomDiagnosticReporter
0x00007ff812850000 	/System/Library/PrivateFrameworks/DesktopServicesPriv.framework/Versions/A/DesktopServicesPriv
0x00007ff8116d2000 	/usr/lib/libsandbox.1.dylib
0x00007ff816a42000 	/System/Library/PrivateFrameworks/UserManagement.framework/Versions/A/UserManagement
0x00007ff82229b000 	/System/Library/PrivateFrameworks/DebugSymbols.framework/Versions/A/DebugSymbols
0x00007ff81d087000 	/System/Library/PrivateFrameworks/NetAuth.framework/Versions/A/NetAuth
0x00007ff81df73000 	/System/Library/PrivateFrameworks/Sharing.framework/Versions/A/Sharing
0x00007ff816a15000 	/System/Library/PrivateFrameworks/login.framework/Versions/A/Frameworks/loginsupport.framework/Versions/A/loginsupport
0x00007ff8233d3000 	/System/Library/PrivateFrameworks/Apple80211.framework/Versions/A/Apple80211
0x00007ff819c64000 	/System/Library/PrivateFrameworks/AuthKit.framework/Versions/A/AuthKit
0x00007ff8192c3000 	/System/Library/PrivateFrameworks/CoreUtils.framework/Versions/A/CoreUtils
0x00007ff8191ea000 	/System/Library/Frameworks/CoreWLAN.framework/Versions/A/CoreWLAN
0x00007ff81e0ce000 	/System/Library/Frameworks/IOBluetooth.framework/Versions/A/IOBluetooth
0x00007ff82343b000 	/System/Library/PrivateFrameworks/CoreWiFi.framework/Versions/A/CoreWiFi
0x00007ff821e70000 	/System/Library/PrivateFrameworks/FrontBoardServices.framework/Versions/A/FrontBoardServices
0x00007ff821f02000 	/System/Library/PrivateFrameworks/BoardServices.framework/Versions/A/BoardServices
0x00007ff8194dd000 	/System/Library/PrivateFrameworks/AssertionServices.framework/Versions/A/AssertionServices
0x00007ff8235bf000 	/System/Library/PrivateFrameworks/BackBoardServices.framework/Versions/A/BackBoardServices
0x00007ff81d4d3000 	/System/Library/PrivateFrameworks/CorePhoneNumbers.framework/Versions/A/CorePhoneNumbers
0x00007ff821172000 	/System/Library/PrivateFrameworks/DiskManagement.framework/Versions/A/DiskManagement
0x00007ff821086000 	/System/Library/PrivateFrameworks/AppleIDAuthSupport.framework/Versions/A/AppleIDAuthSupport
0x00007ffa2db9e000 	/System/Library/PrivateFrameworks/AAAFoundation.framework/Versions/A/AAAFoundation
0x00007ff81d4b4000 	/System/Library/PrivateFrameworks/KeychainCircle.framework/Versions/A/KeychainCircle
0x00007ff82113e000 	/System/Library/PrivateFrameworks/MediaKit.framework/Versions/A/MediaKit
0x00007ff821092000 	/System/Library/Frameworks/DiscRecording.framework/Versions/A/DiscRecording
0x00007ff81ab80000 	/usr/lib/libCoreStorage.dylib
0x00007ff8238ac000 	/usr/lib/libcsfde.dylib
0x00007ff81e19b000 	/System/Library/PrivateFrameworks/ProtectedCloudStorage.framework/Versions/A/ProtectedCloudStorage
0x00007ff8238a8000 	/System/Library/PrivateFrameworks/EFILogin.framework/Versions/A/EFILogin
0x00007ff8217ef000 	/System/Library/PrivateFrameworks/OctagonTrust.framework/Versions/A/OctagonTrust
0x00007ffb12225000 	/System/Library/PrivateFrameworks/CoreUtilsExtras.framework/Versions/A/CoreUtilsExtras
0x00007ff820fc5000 	/System/Library/Frameworks/CoreBluetooth.framework/Versions/A/CoreBluetooth
0x00007ff823f22000 	/System/Library/Frameworks/AudioUnit.framework/Versions/A/AudioUnit
0x00007ff81ab78000 	/usr/lib/libMatch.1.dylib
0x00007ff918cee000 	/System/Library/Frameworks/Accelerate.framework/Versions/A/Frameworks/vImage.framework/Versions/A/Libraries/libCGInterfaces.dylib
0x000000012f1c5000 	/usr/lib/libobjc-trampolines.dylib
0x00007ff81673c000 	/System/Library/PrivateFrameworks/ViewBridge.framework/Versions/A/ViewBridge
0x00007ff81b2d5000 	/System/Library/PrivateFrameworks/login.framework/Versions/A/login
0x0000000138e7a000 	/System/Library/Frameworks/FileProvider.framework/OverrideBundles/CloudDocsFileProvider.bundle/Contents/MacOS/CloudDocsFileProvider
0x00007ff816c3d000 	/System/Library/PrivateFrameworks/CloudDocs.framework/Versions/A/CloudDocs
0x00007ff823bca000 	/System/Library/PrivateFrameworks/AppleAccount.framework/Versions/A/AppleAccount
0x00007ff81e182000 	/System/Library/PrivateFrameworks/AppContainer.framework/Versions/A/AppContainer
0x00007ff81dc46000 	/System/Library/PrivateFrameworks/IDS.framework/Versions/A/IDS
0x00007ff823d1f000 	/System/Library/PrivateFrameworks/AppleIDSSOAuthentication.framework/Versions/A/AppleIDSSOAuthentication
0x00007ff816a18000 	/System/Library/PrivateFrameworks/ApplePushService.framework/Versions/A/ApplePushService
0x00007ff82392c000 	/System/Library/PrivateFrameworks/AppSupport.framework/Versions/A/AppSupport
0x00007ff81ca84000 	/System/Library/PrivateFrameworks/IMFoundation.framework/Versions/A/IMFoundation
0x00007ff90fb5a000 	/System/Library/PrivateFrameworks/Marco.framework/Versions/A/Marco
0x00007ff81ddb9000 	/System/Library/PrivateFrameworks/IDSFoundation.framework/Versions/A/IDSFoundation
0x00007ff8152f4000 	/System/Library/PrivateFrameworks/CommonUtilities.framework/Versions/A/CommonUtilities
0x00007ff91453b000 	/System/Library/PrivateFrameworks/FTServices.framework/Versions/A/FTServices
0x00007ff8276f5000 	/System/Library/PrivateFrameworks/Engram.framework/Versions/A/Engram
0x00007ff82769c000 	/usr/lib/libtidy.A.dylib
0x00007ff81b487000 	/System/Library/PrivateFrameworks/Bom.framework/Versions/A/Bom
0x00007ff81aa42000 	/System/Library/PrivateFrameworks/CrashReporterSupport.framework/Versions/A/CrashReporterSupport
0x00007ff91e4cc000 	/System/Library/PrivateFrameworks/FTAWD.framework/Versions/A/FTAWD
0x00007ff9205b2000 	/System/Library/PrivateFrameworks/OSAnalytics.framework/Versions/A/OSAnalytics
0x00007ff92b668000 	/System/Library/PrivateFrameworks/Symbolication.framework/Versions/A/Symbolication
0x00007ff9148f8000 	/System/Library/PrivateFrameworks/MallocStackLogging.framework/Versions/A/MallocStackLogging
0x00007ff82053b000 	/System/Library/PrivateFrameworks/CoreDaemon.framework/Versions/B/CoreDaemon
0x00007ff820536000 	/System/Library/PrivateFrameworks/AppleSRP.framework/Versions/A/AppleSRP
0x00007ff819585000 	/System/Library/Frameworks/ServiceManagement.framework/Versions/A/ServiceManagement
0x00007ff81e197000 	/System/Library/PrivateFrameworks/SecCodeWrapper.framework/Versions/A/SecCodeWrapper
0x0000000138ec6000 	/System/Library/Frameworks/FileProvider.framework/OverrideBundles/FileProviderOverride.bundle/Contents/MacOS/FileProviderOverride
0x0000000138f6b000 	/System/Library/Frameworks/FileProvider.framework/OverrideBundles/FinderSyncCollaborationFileProviderOverride.bundle/Contents/MacOS/FinderSyncCollaborationFileProviderOverride
0x00007ff924da1000 	/System/Library/PrivateFrameworks/FinderSyncPriv.framework/Versions/A/FinderSyncPriv
0x00007ff816a68000 	/System/Library/Frameworks/CloudKit.framework/Versions/A/CloudKit
0x00007ff823fcf000 	/System/Library/PrivateFrameworks/C2.framework/Versions/A/C2
0x00007ff8179de000 	/System/Library/Frameworks/CoreLocation.framework/Versions/A/CoreLocation
0x00007ff823fc7000 	/System/Library/Frameworks/PushKit.framework/Versions/A/PushKit
0x00007ff82238c000 	/System/Library/PrivateFrameworks/CoreTime.framework/Versions/A/CoreTime
0x00007ff825ab0000 	/System/Library/PrivateFrameworks/RTCReporting.framework/Versions/A/RTCReporting
0x00007ff81e460000 	/System/Library/PrivateFrameworks/GeoServices.framework/Versions/A/GeoServices
0x00007ff81caf7000 	/System/Library/PrivateFrameworks/LocationSupport.framework/Versions/A/LocationSupport
0x00007ffb136d5000 	/System/Library/PrivateFrameworks/GeoServicesCore.framework/Versions/A/GeoServicesCore
0x00007ff910353000 	/System/Library/PrivateFrameworks/PhoneNumbers.framework/Versions/A/PhoneNumbers
0x00007ff823831000 	/System/Library/PrivateFrameworks/RemoteServiceDiscovery.framework/Versions/A/RemoteServiceDiscovery
0x00007ff912915000 	/usr/lib/libFosl_dynamic.dylib
0x00007ff9185c4000 	/usr/lib/libncurses.5.4.dylib
0x0000000139240000 	/Users/rohanbatra/.openjfx/cache/17.0.0.1/libjavafx_iio.dylib
0x0000000139f1d000 	/Users/rohanbatra/Library/Java/JavaVirtualMachines/openjdk-17.0.1/Contents/Home/lib/libextnet.dylib
0x00007ffb24aef000 	/usr/lib/libRosetta.dylib
0x00007ff820547000 	/System/Library/PrivateFrameworks/SystemAdministration.framework/Versions/A/SystemAdministration
0x00007ff81bf25000 	/System/Library/Frameworks/MediaToolbox.framework/Versions/A/MediaToolbox
0x00007ff81fe4c000 	/System/Library/Frameworks/DirectoryService.framework/Versions/A/DirectoryService
0x00007ff82374b000 	/System/Library/PrivateFrameworks/DiskImages.framework/Versions/A/DiskImages
0x00007ff823924000 	/System/Library/PrivateFrameworks/LoginUIKit.framework/Versions/A/Frameworks/LoginUICore.framework/Versions/A/LoginUICore
0x00007ff81b483000 	/usr/lib/libodfde.dylib
0x00007ff821621000 	/System/Library/PrivateFrameworks/CoreAVCHD.framework/Versions/A/CoreAVCHD
0x00007ff82050b000 	/System/Library/Frameworks/MediaAccessibility.framework/Versions/A/MediaAccessibility
0x00007ff82161d000 	/System/Library/PrivateFrameworks/Mangrove.framework/Versions/A/Mangrove
0x00007ff820516000 	/System/Library/PrivateFrameworks/AlgosScoreFramework.framework/Versions/A/AlgosScoreFramework
0x00007ffb0f68d000 	/System/Library/PrivateFrameworks/CMPhoto.framework/Versions/A/CMPhoto
0x00007ff822171000 	/System/Library/PrivateFrameworks/AppleVPA.framework/Versions/A/AppleVPA
0x00007ff821262000 	/System/Library/PrivateFrameworks/CoreAUC.framework/Versions/A/CoreAUC
0x00007ff8238b8000 	/usr/lib/libcurl.4.dylib
0x00007ff823617000 	/usr/lib/libcrypto.44.dylib
0x00007ff82371e000 	/usr/lib/libssl.46.dylib
0x00007ff8235dd000 	/System/Library/Frameworks/LDAP.framework/Versions/A/LDAP
0x00007ff823615000 	/System/Library/PrivateFrameworks/TrustEvaluationAgent.framework/Versions/A/TrustEvaluationAgent
0x00007ff81cda0000 	/usr/lib/libsasl2.2.dylib


VM Arguments:
jvm_args: --module-path=/Users/rohanbatra/.m2/repository/org/openjfx/javafx-base/17.0.0.1/javafx-base-17.0.0.1-mac.jar:/Users/rohanbatra/.m2/repository/org/openjfx/javafx-base/17.0.0.1/javafx-base-17.0.0.1.jar:/Users/rohanbatra/.m2/repository/org/openjfx/javafx-controls/17.0.0.1/javafx-controls-17.0.0.1-mac.jar:/Users/rohanbatra/.m2/repository/org/openjfx/javafx-controls/17.0.0.1/javafx-controls-17.0.0.1.jar:/Users/rohanbatra/.m2/repository/org/openjfx/javafx-fxml/17.0.0.1/javafx-fxml-17.0.0.1-mac.jar:/Users/rohanbatra/.m2/repository/org/openjfx/javafx-fxml/17.0.0.1/javafx-fxml-17.0.0.1.jar:/Users/rohanbatra/.m2/repository/org/openjfx/javafx-graphics/17.0.0.1/javafx-graphics-17.0.0.1-mac.jar:/Users/rohanbatra/.m2/repository/org/openjfx/javafx-graphics/17.0.0.1/javafx-graphics-17.0.0.1.jar:/Users/rohanbatra/.m2/repository/org/openjfx/javafx-media/16/javafx-media-16-mac.jar:/Users/rohanbatra/.m2/repository/org/openjfx/javafx-media/16/javafx-media-16.jar --add-modules=javafx.base,javafx.controls,javafx.fxml,javafx.graphics,javafx.media 
java_command: org.game.TowerDefenseGameApp
java_class_path (initial): /Users/rohanbatra/Desktop/CS2340/serial-entrepreneurs/target/classes:/Users/rohanbatra/.m2/repository/com/beust/jcommander/1.78/jcommander-1.78.jar:/Users/rohanbatra/.m2/repository/com/fasterxml/jackson/core/jackson-annotations/2.12.1/jackson-annotations-2.12.1.jar:/Users/rohanbatra/.m2/repository/com/fasterxml/jackson/core/jackson-core/2.12.1/jackson-core-2.12.1.jar:/Users/rohanbatra/.m2/repository/com/fasterxml/jackson/core/jackson-databind/2.12.1/jackson-databind-2.12.1.jar:/Users/rohanbatra/.m2/repository/com/github/almasb/fxgl/11.17/fxgl-11.17.jar:/Users/rohanbatra/.m2/repository/com/github/almasb/fxgl-core/11.17/fxgl-core-11.17.jar:/Users/rohanbatra/.m2/repository/com/github/almasb/fxgl-entity/11.17/fxgl-entity-11.17.jar:/Users/rohanbatra/.m2/repository/com/github/almasb/fxgl-gameplay/11.17/fxgl-gameplay-11.17.jar:/Users/rohanbatra/.m2/repository/com/github/almasb/fxgl-io/11.17/fxgl-io-11.17.jar:/Users/rohanbatra/.m2/repository/com/github/almasb/fxgl-scene/11.17/fxgl-scene-11.17.jar:/Users/rohanbatra/.m2/repository/com/gluonhq/attach/audio/4.0.9/audio-4.0.9.jar:/Users/rohanbatra/.m2/repository/com/gluonhq/attach/lifecycle/4.0.9/lifecycle-4.0.9.jar:/Users/rohanbatra/.m2/repository/com/gluonhq/attach/storage/4.0.9/storage-4.0.9.jar:/Users/rohanbatra/.m2/repository/com/gluonhq/attach/util/4.0.9/util-4.0.9.jar:/Users/rohanbatra/.m2/repository/junit/junit/4.12/junit-4.12.jar:/Users/rohanbatra/.m2/repository/org/assertj/assertj-core/3.13.2/assertj-core-3.13.2.jar:/Users/rohanbatra/.m2/repository/org/hamcrest/hamcrest/2.1/hamcrest-2.1.jar:/Users/rohanbatra/.m2/repository/org/hamcrest/hamcrest-core/2.1/hamcrest-core-2.1.jar:/Users/rohanbatra/.m2/repository/org/jetbrains/annotations/13.0/annotations-13.0.jar:/Users/rohanbatra/.m2/repository/org/jetbrains/kotlin/kotlin-stdlib/1.5.10/kotlin-stdlib-1.5.10-modular.jar:/Users/rohanbatra/.m2/repository/org/jetbrains/kotlin/kotlin-stdlib-common/1.5.10/kotlin-stdlib-common-1.5.10.jar:/Users/rohanba
Launcher Type: SUN_STANDARD

[Global flags]
     intx CICompilerCount                          = 4                                         {product} {ergonomic}
     uint ConcGCThreads                            = 2                                         {product} {ergonomic}
     uint G1ConcRefinementThreads                  = 8                                         {product} {ergonomic}
   size_t G1HeapRegionSize                         = 1048576                                   {product} {ergonomic}
    uintx GCDrainStackTargetSize                   = 64                                        {product} {ergonomic}
   size_t InitialHeapSize                          = 134217728                                 {product} {ergonomic}
   size_t MarkStackSize                            = 4194304                                   {product} {ergonomic}
   size_t MaxHeapSize                              = 2147483648                                {product} {ergonomic}
   size_t MaxNewSize                               = 1287651328                                {product} {ergonomic}
   size_t MinHeapDeltaBytes                        = 1048576                                   {product} {ergonomic}
   size_t MinHeapSize                              = 8388608                                   {product} {ergonomic}
    uintx NonNMethodCodeHeapSize                   = 5839372                                {pd product} {ergonomic}
    uintx NonProfiledCodeHeapSize                  = 122909434                              {pd product} {ergonomic}
    uintx ProfiledCodeHeapSize                     = 122909434                              {pd product} {ergonomic}
    uintx ReservedCodeCacheSize                    = 251658240                              {pd product} {ergonomic}
     bool SegmentedCodeCache                       = true                                      {product} {ergonomic}
   size_t SoftMaxHeapSize                          = 2147483648                             {manageable} {ergonomic}
     bool UseCompressedClassPointers               = true                           {product lp64_product} {ergonomic}
     bool UseCompressedOops                        = true                           {product lp64_product} {ergonomic}
     bool UseG1GC                                  = true                                      {product} {ergonomic}
     bool UseNUMA                                  = false                                     {product} {ergonomic}
     bool UseNUMAInterleaving                      = false                                     {product} {ergonomic}

Logging:
Log output configuration:
 #0: stdout all=warning uptime,level,tags
 #1: stderr all=off uptime,level,tags

Environment Variables:
PATH=/Users/rohanbatra/Desktop/VIP/emade/anaconda3/bin:/Library/Frameworks/Python.framework/Versions/3.7/bin:/Library/Frameworks/Python.framework/Versions/3.9/bin:/usr/local/bin:/usr/bin:/bin:/usr/sbin:/sbin
SHELL=/bin/zsh
LC_CTYPE=en_US.UTF-8

Signal Handlers:
   SIGSEGV: _ZL13crash_handleriP9__siginfoPv in libjvm.dylib, mask=11100110100111111111111111111111, flags=SA_RESTART|SA_SIGINFO
    SIGBUS: _ZL13crash_handleriP9__siginfoPv in libjvm.dylib, mask=11100110100111111111111111111111, flags=SA_RESTART|SA_SIGINFO
    SIGFPE: _ZL13crash_handleriP9__siginfoPv in libjvm.dylib, mask=11100110100111111111111111111111, flags=SA_RESTART|SA_SIGINFO
   SIGPIPE: _ZL17javaSignalHandleriP9__siginfoPv in libjvm.dylib, mask=11100110100111111111111111111111, flags=SA_RESTART|SA_SIGINFO
   SIGXFSZ: _ZL17javaSignalHandleriP9__siginfoPv in libjvm.dylib, mask=11100110100111111111111111111111, flags=SA_RESTART|SA_SIGINFO
    SIGILL: _ZL13crash_handleriP9__siginfoPv in libjvm.dylib, mask=11100110100111111111111111111111, flags=SA_RESTART|SA_SIGINFO
   SIGUSR2: _ZL10SR_handleriP9__siginfoP17__darwin_ucontext in libjvm.dylib, mask=00100000000000000000000000000000, flags=SA_RESTART|SA_SIGINFO
    SIGHUP: _ZL11UserHandleriPvS_ in libjvm.dylib, mask=11100110100111111111111111111111, flags=SA_RESTART|SA_SIGINFO
    SIGINT: _ZL11UserHandleriPvS_ in libjvm.dylib, mask=11100110100111111111111111111111, flags=SA_RESTART|SA_SIGINFO
   SIGTERM: _ZL11UserHandleriPvS_ in libjvm.dylib, mask=11100110100111111111111111111111, flags=SA_RESTART|SA_SIGINFO
   SIGQUIT: _ZL11UserHandleriPvS_ in libjvm.dylib, mask=11100110100111111111111111111111, flags=SA_RESTART|SA_SIGINFO
   SIGTRAP: _ZL13crash_handleriP9__siginfoPv in libjvm.dylib, mask=11100110100111111111111111111111, flags=SA_RESTART|SA_SIGINFO


---------------  S Y S T E M  ---------------

OS:
uname: Darwin 21.1.0 Darwin Kernel Version 21.1.0: Wed Oct 13 17:33:24 PDT 2021; root:xnu-8019.41.5~1/RELEASE_ARM64_T8101 x86_64
OS uptime: 3 days 23:37 hours
rlimit (soft/hard): STACK 8176k/65520k , CORE 0k/infinity , NPROC 1333/2000 , NOFILE 10240/infinity , AS infinity/infinity , CPU infinity/infinity , DATA infinity/infinity , FSIZE infinity/infinity , MEMLOCK infinity/infinity , RSS infinity/infinity
load average: 2.35 2.02 2.12

CPU: (EMULATED) total 8 (initial active 8) (1 cores per cpu, 1 threads per core) family 6 model 44 stepping 0 microcode 0x0, cx8, cmov, fxsr, mmx, sse, sse2, sse3, ssse3, sse4.1, sse4.2, popcnt, tsc, tscinvbit, aes, clmul, clflush

Memory: 4k page, physical 8388608k(22084k free), swap 2097152k(867840k free)

vm_info: OpenJDK 64-Bit Server VM (17.0.1+12-39) for bsd-amd64 JRE (17.0.1+12-39), built on Sep 27 2021 17:37:19 by "mach5one" with clang Apple LLVM 12.0.0 (clang-1200.0.32.29)

END.
