#
# A fatal error has been detected by the Java Runtime Environment:
#
#  SIGBUS (0xa) at pc=0x00007ff817c0b8a7, pid=6098, tid=259
#
# JRE version: OpenJDK Runtime Environment (17.0.1+12) (build 17.0.1+12-39)
# Java VM: OpenJDK 64-Bit Server VM (17.0.1+12-39, mixed mode, sharing, tiered, compressed oops, compressed class ptrs, g1 gc, bsd-amd64)
# Problematic frame:
# C  [CoreGraphics+0xc8a7]  ERROR_CGDataProvider_BufferIsNotReadable+0x27
#
# No core dump will be written. Core dumps have been disabled. To enable core dumping, try "ulimit -c unlimited" before starting Java again
#
# If you would like to submit a bug report, please visit:
#   https://bugreport.java.com/bugreport/crash.jsp
# The crash happened outside the Java Virtual Machine in native code.
# See problematic frame for where to report the bug.
#

---------------  S U M M A R Y ------------

Command Line: --module-path=/Users/rohanbatra/.m2/repository/org/openjfx/javafx-base/17.0.0.1/javafx-base-17.0.0.1-mac.jar:/Users/rohanbatra/.m2/repository/org/openjfx/javafx-base/17.0.0.1/javafx-base-17.0.0.1.jar:/Users/rohanbatra/.m2/repository/org/openjfx/javafx-controls/17.0.0.1/javafx-controls-17.0.0.1-mac.jar:/Users/rohanbatra/.m2/repository/org/openjfx/javafx-controls/17.0.0.1/javafx-controls-17.0.0.1.jar:/Users/rohanbatra/.m2/repository/org/openjfx/javafx-fxml/17.0.0.1/javafx-fxml-17.0.0.1-mac.jar:/Users/rohanbatra/.m2/repository/org/openjfx/javafx-fxml/17.0.0.1/javafx-fxml-17.0.0.1.jar:/Users/rohanbatra/.m2/repository/org/openjfx/javafx-graphics/17.0.0.1/javafx-graphics-17.0.0.1-mac.jar:/Users/rohanbatra/.m2/repository/org/openjfx/javafx-graphics/17.0.0.1/javafx-graphics-17.0.0.1.jar:/Users/rohanbatra/.m2/repository/org/openjfx/javafx-media/16/javafx-media-16-mac.jar:/Users/rohanbatra/.m2/repository/org/openjfx/javafx-media/16/javafx-media-16.jar --add-modules=javafx.base,javafx.controls,javafx.fxml,javafx.graphics,javafx.media org.game.TowerDefenseGameApp

Host: "MacBookPro17,1" x86_64 (EMULATED) 2400 MHz, 8 cores, 8G, Darwin 21.1.0, macOS 12.0.1 (21A559)
Time: Fri Nov  5 12:22:24 2021 EDT elapsed time: 40.888139 seconds (0d 0h 0m 40s)

---------------  T H R E A D  ---------------

Current thread (0x00007fc3831a6800):  JavaThread "JavaFX Application Thread" [_thread_in_native, id=259, stack(0x0000000304b74000,0x0000000305374000)]

Stack: [0x0000000304b74000,0x0000000305374000],  sp=0x000000030536ddd0,  free space=8167k
Native frames: (J=compiled Java code, j=interpreted, Vv=VM code, C=native code)
C  [CoreGraphics+0xc8a7]  ERROR_CGDataProvider_BufferIsNotReadable+0x27
C  [CoreGraphics+0xc743]  CGDataProviderRetainBytePtr+0x111
C  [CoreGraphics+0x22cecb]  CGDataProviderCreateProtectedCopy+0x13
C  [CoreGraphics+0x1ea72a]  CGImageCreateCopyWithProtectedDataProvider+0x3e
C  [CoreGraphics+0x3968b]  CGContextDrawImageWithOptions+0x90
C  [SkyLight+0x1e86db]  SLSRegisterCursorWithImages+0x38e
C  [AppKit+0x1dee19]  -[NSCursor _reallySet]+0x244
C  [AppKit+0x1deb89]  -[NSCursor set]+0xb2
C  [libglass.dylib+0x516f]  Java_com_sun_glass_ui_mac_MacCursor__1setCustom+0x11f
j  com.sun.glass.ui.mac.MacCursor._setCustom(J)V+0 javafx.graphics
j  com.sun.glass.ui.mac.MacCursor.set()V+60 javafx.graphics
j  com.sun.glass.ui.mac.MacWindow._setCursor(JLcom/sun/glass/ui/Cursor;)V+4 javafx.graphics
j  com.sun.glass.ui.Window.setCursor(Lcom/sun/glass/ui/Cursor;)V+9 javafx.graphics
j  com.sun.javafx.tk.quantum.ViewScene.lambda$setCursor$1(Ljava/lang/Object;)V+34 javafx.graphics
j  com.sun.javafx.tk.quantum.ViewScene$$Lambda$187+0x0000000800d7b158.run()V+8 javafx.graphics
J 3895 c1 com.sun.glass.ui.InvokeLaterDispatcher$Future.run()V javafx.graphics (91 bytes) @ 0x0000000114bb6794 [0x0000000114bb6680+0x0000000000000114]
v  ~StubRoutines::call_stub
V  [libjvm.dylib+0x503b61]  _ZN9JavaCalls11call_helperEP9JavaValueRK12methodHandleP17JavaCallArgumentsP10JavaThread+0x2a1
V  [libjvm.dylib+0x55d4f6]  _ZL20jni_invoke_nonstaticP7JNIEnv_P9JavaValueP8_jobject11JNICallTypeP10_jmethodIDP18JNI_ArgumentPusherP10JavaThread+0x2d6
V  [libjvm.dylib+0x5619d6]  jni_CallVoidMethod+0x1a6
C  [libglass.dylib+0x8248]  -[GlassRunnable run]+0x58
C  [Foundation+0x81d63]  __NSThreadPerformPerform+0xb3
C  [CoreFoundation+0x7fb68]  __CFRUNLOOP_IS_CALLING_OUT_TO_A_SOURCE0_PERFORM_FUNCTION__+0x11
C  [CoreFoundation+0x7fad0]  __CFRunLoopDoSource0+0xb4
C  [CoreFoundation+0x7f843]  __CFRunLoopDoSources0+0xf2
C  [CoreFoundation+0x7e25f]  __CFRunLoopRun+0x381
C  [CoreFoundation+0x7d809]  CFRunLoopRunSpecific+0x237
C  [HIToolbox+0x2f3e1]  RunCurrentEventLoopInMode+0x124
C  [HIToolbox+0x2f137]  ReceiveNextEventCommon+0x24b
C  [HIToolbox+0x2eed5]  _BlockUntilNextEventMatchingListInModeWithFilter+0x46
C  [AppKit+0x3e8f0]  _DPSNextEvent+0x376
C  [AppKit+0x3cf5c]  -[NSApplication(NSEvent) _nextEventMatchingEventMask:untilDate:inMode:dequeue:]+0x583
C  [AppKit+0x2f359]  -[NSApplication run]+0x24a
C  [libglass.dylib+0xa2a5]  -[GlassApplication runLoop:]+0x795
C  [Foundation+0x81d63]  __NSThreadPerformPerform+0xb3
C  [CoreFoundation+0x7fb68]  __CFRUNLOOP_IS_CALLING_OUT_TO_A_SOURCE0_PERFORM_FUNCTION__+0x11
C  [CoreFoundation+0x7fad0]  __CFRunLoopDoSource0+0xb4
C  [CoreFoundation+0x7f843]  __CFRunLoopDoSources0+0xf2
C  [CoreFoundation+0x7e25f]  __CFRunLoopRun+0x381
C  [CoreFoundation+0x7d809]  CFRunLoopRunSpecific+0x237
C  [libjli.dylib+0x70b2]  CreateExecutionEnvironment+0x182
C  [libjli.dylib+0x2c15]  JLI_Launch+0x585
C  [java+0x3c01]  main+0x191
C  0x0000000200a494fe
C  0x0000000200a44000

Java frames: (J=compiled Java code, j=interpreted, Vv=VM code)
j  com.sun.glass.ui.mac.MacCursor._setCustom(J)V+0 javafx.graphics
j  com.sun.glass.ui.mac.MacCursor.set()V+60 javafx.graphics
j  com.sun.glass.ui.mac.MacWindow._setCursor(JLcom/sun/glass/ui/Cursor;)V+4 javafx.graphics
j  com.sun.glass.ui.Window.setCursor(Lcom/sun/glass/ui/Cursor;)V+9 javafx.graphics
j  com.sun.javafx.tk.quantum.ViewScene.lambda$setCursor$1(Ljava/lang/Object;)V+34 javafx.graphics
j  com.sun.javafx.tk.quantum.ViewScene$$Lambda$187+0x0000000800d7b158.run()V+8 javafx.graphics
J 3895 c1 com.sun.glass.ui.InvokeLaterDispatcher$Future.run()V javafx.graphics (91 bytes) @ 0x0000000114bb6794 [0x0000000114bb6680+0x0000000000000114]
v  ~StubRoutines::call_stub

siginfo: si_signo: 10 (SIGBUS), si_code: 2 (BUS_ADRERR), si_addr: 0x00000007868c8310

Register to memory mapping:

RAX=0x00000007868c8310 is an unallocated location in the heap
RBX=0x00007fc380f308f0 points into unknown readable memory: 0x011dfff853fbd151 | 51 d1 fb 53 f8 ff 1d 01
RCX=0x00000000000120a8 is an unknown value
RDX=0x0000000000000008 is an unknown value
RSP=0x000000030536ddd0 is pointing into the stack for thread: 0x00007fc3831a6800
RBP=0x000000030536dde0 is pointing into the stack for thread: 0x00007fc3831a6800
RSI=0x0 is NULL
RDI=0x00000007868c8310 is an unallocated location in the heap
R8 =0x000000000005045f is an unknown value
R9 =0x00000000000020a8 is an unknown value
R10=0x00007fc380f309c0 points into unknown readable memory: 0x0000000000000002 | 02 00 00 00 00 00 00 00
R11=0x0000000000000071 is an unknown value
R12=0x00007fc380f308f0 points into unknown readable memory: 0x011dfff853fbd151 | 51 d1 fb 53 f8 ff 1d 01
R13=0x00007fc380f4f500 points into unknown readable memory: 0x011dfff853fbd151 | 51 d1 fb 53 f8 ff 1d 01
R14=0x00007fc380f309a0 points into unknown readable memory: 0x000000004d555458 | 58 54 55 4d 00 00 00 00
R15=0x0000000000000126 is an unknown value


Registers:
RAX=0x00000007868c8310, RBX=0x00007fc380f308f0, RCX=0x00000000000120a8, RDX=0x0000000000000008
RSP=0x000000030536ddd0, RBP=0x000000030536dde0, RSI=0x0000000000000000, RDI=0x00000007868c8310
R8 =0x000000000005045f, R9 =0x00000000000020a8, R10=0x00007fc380f309c0, R11=0x0000000000000071
R12=0x00007fc380f308f0, R13=0x00007fc380f4f500, R14=0x00007fc380f309a0, R15=0x0000000000000126
RIP=0x00007ff817c0b8a7, EFLAGS=0x0000000000000246, ERR=0x0000000000000004
  TRAPNO=0x000000000000000e

Top of Stack: (sp=0x000000030536ddd0)
0x000000030536ddd0:   00000007868c8310 00007fc380f308f0
0x000000030536dde0:   000000030536de10 00007ff817c0b743
0x000000030536ddf0:   0000000000000000 00007fc380f4f500
0x000000030536de00:   000060000218c9c0 0000000000000126
0x000000030536de10:   000000030536de40 00007ff817e2becb
0x000000030536de20:   00007fc380f4f500 0000000000000033
0x000000030536de30:   000060000218c9c0 0000000000000126
0x000000030536de40:   000000030536de60 00007ff817de972a
0x000000030536de50:   0000000000000000 000060000218c9c0
0x000000030536de60:   000000030536df10 00007ff817c3868b
0x000000030536de70:   0000000000000000 0000000000000000
0x000000030536de80:   4049800000000000 4048800000000000
0x000000030536de90:   0000000000000033 000060000218c9c0
0x000000030536dea0:   00006000026f97a0 00007fc38196fdd0
0x000000030536deb0:   000000030536df10 00007ff817c5b054
0x000000030536dec0:   0000000000000020 00000000000000cc
0x000000030536ded0:   00006000034aa080 0000600002fbad80
0x000000030536dee0:   0000000000000001 0000000000000031
0x000000030536def0:   0000000000000033 000060000218c9c0
0x000000030536df00:   0000000000000000 000000030536e09c
0x000000030536df10:   000000030536e9b0 00007ff817a566db
0x000000030536df20:   0000000000000000 0000000000000000
0x000000030536df30:   4049800000000000 4048800000000000
0x000000030536df40:   401c000000000000 0000000000000000
0x000000030536df50:   4018000000000000 0000000000000000
0x000000030536df60:   4049800000000000 0000000000000000
0x000000030536df70:   4048800000000000 0000000000000000
0x000000030536df80:   0000000000000001 0000000000000000
0x000000030536df90:   00000000000009c3 0000000786228108
0x000000030536dfa0:   0000000786228138 0000000000000001
0x000000030536dfb0:   00000000000009c3 000000010218c9c0
0x000000030536dfc0:   0009aa4f00000000 00007fc380f4f500 

Instructions: (pc=0x00007ff817c0b8a7)
0x00007ff817c0b7a7:   54 d6 6e 00 eb 0c 45 31 f6 eb 1f 48 8d 35 68 d6
0x00007ff817c0b7b7:   6e 00 bf 03 00 00 00 48 89 da 31 c0 e8 3d 31 49
0x00007ff817c0b7c7:   00 e8 bb 73 44 00 84 c0 75 23 44 89 f0 48 83 c4
0x00007ff817c0b7d7:   08 5b 41 5e 41 5f 5d c3 48 8d 3d 0a 57 3b 3c 48
0x00007ff817c0b7e7:   8d 35 5b 34 c8 3d e8 f6 5d 4f 00 eb 96 e8 9a 1a
0x00007ff817c0b7f7:   4f 00 90 90 90 90 90 90 90 90 90 90 90 90 90 90
0x00007ff817c0b807:   90 55 48 89 e5 5d e9 42 55 4f 00 90 90 90 90 90
0x00007ff817c0b817:   90 90 55 48 89 e5 53 50 48 89 fb 48 83 3d ce 56
0x00007ff817c0b827:   3b 3c ff 75 33 48 85 db 74 25 80 3d 48 0e 74 3c
0x00007ff817c0b837:   00 74 1c 48 8b bb 10 01 00 00 48 85 ff 74 10 be
0x00007ff817c0b847:   00 01 00 08 48 83 c4 08 5b 5d e9 4a 57 4f 00 31
0x00007ff817c0b857:   c0 48 83 c4 08 5b 5d c3 48 8d 3d 92 56 3b 3c 48
0x00007ff817c0b867:   8d 35 5b 34 c8 3d e8 76 5d 4f 00 eb b8 66 2e 0f
0x00007ff817c0b877:   1f 84 00 00 00 00 00 66 90 55 48 89 e5 48 83 ec
0x00007ff817c0b887:   10 48 89 7d f0 c6 45 ff aa c6 45 ff 00 e8 33 00
0x00007ff817c0b897:   00 00 24 01 0f b6 c0 83 f8 01 75 09 48 8b 45 f0
0x00007ff817c0b8a7:   8a 00 88 45 ff 48 83 c4 10 5d c3 66 2e 0f 1f 84
0x00007ff817c0b8b7:   00 00 00 00 00 0f 1f 40 00 90 90 90 90 90 90 90
0x00007ff817c0b8c7:   90 90 90 90 90 55 48 89 e5 48 83 3d 30 56 3b 3c
0x00007ff817c0b8d7:   ff 75 08 8a 05 20 56 3b 3c 5d c3 48 8d 3d 1f 56
0x00007ff817c0b8e7:   3b 3c 48 8d 35 18 34 c8 3d e8 f3 5c 4f 00 eb e3
0x00007ff817c0b8f7:   55 48 89 e5 48 bf 01 00 00 00 02 0d 0a 00 e8 26
0x00007ff817c0b907:   5d 4f 00 88 05 f0 55 3b 3c 5d c3 90 90 90 90 90
0x00007ff817c0b917:   90 90 90 90 90 90 90 90 90 55 48 89 e5 48 83 ec
0x00007ff817c0b927:   20 48 89 7d e8 48 89 75 f0 c6 45 ff aa c6 45 ff
0x00007ff817c0b937:   00 e8 8f ff ff ff 24 01 0f b6 c0 83 f8 01 75 0e
0x00007ff817c0b947:   48 8b 45 e8 48 8b 4d f0 8a 04 08 88 45 ff 48 83
0x00007ff817c0b957:   c4 20 5d c3 90 90 90 90 90 90 90 48 85 ff 74 12
0x00007ff817c0b967:   55 48 89 e5 48 8d 05 50 fc 04 00 48 39 47 50 5d
0x00007ff817c0b977:   74 03 31 c0 c3 b0 01 c3 90 90 90 90 90 90 90 90
0x00007ff817c0b987:   90 90 90 48 85 ff 74 12 55 48 89 e5 48 8d 05 6e
0x00007ff817c0b997:   fe ff ff 48 39 47 50 5d 74 03 31 c0 c3 b0 01 c3 


Stack slot to memory mapping:
stack at sp + 0 slots: 0x00000007868c8310 is an unallocated location in the heap
stack at sp + 1 slots: 0x00007fc380f308f0 points into unknown readable memory: 0x011dfff853fbd151 | 51 d1 fb 53 f8 ff 1d 01
stack at sp + 2 slots: 0x000000030536de10 is pointing into the stack for thread: 0x00007fc3831a6800
stack at sp + 3 slots: 0x00007ff817c0b743: CGDataProviderRetainBytePtr+0x111 in /System/Library/Frameworks/CoreGraphics.framework/Versions/A/CoreGraphics at 0x00007ff817bff000
stack at sp + 4 slots: 0x0 is NULL
stack at sp + 5 slots: 0x00007fc380f4f500 points into unknown readable memory: 0x011dfff853fbd151 | 51 d1 fb 53 f8 ff 1d 01
stack at sp + 6 slots: 0x000060000218c9c0 points into unknown readable memory: 0x011dfff853fbd151 | 51 d1 fb 53 f8 ff 1d 01
stack at sp + 7 slots: 0x0000000000000126 is an unknown value


---------------  P R O C E S S  ---------------

Threads class SMR info:
_java_thread_list=0x00006000015f1940, length=22, elements={
0x00007fc383808200, 0x00007fc382009800, 0x00007fc382887c00, 0x00007fc38101a200,
0x00007fc381014600, 0x00007fc381014c00, 0x00007fc381015200, 0x00007fc38200a400,
0x00007fc382018200, 0x00007fc38280be00, 0x00007fc383037600, 0x00007fc382017c00,
0x00007fc38100ba00, 0x00007fc383149600, 0x00007fc3831a6200, 0x00007fc3831a6800,
0x00007fc38324de00, 0x00007fc38328d200, 0x00007fc382302000, 0x00007fc381300a00,
0x00007fc382c6de00, 0x00007fc383268800
}

Java Threads: ( => current thread )
  0x00007fc383808200 JavaThread "main" [_thread_blocked, id=9219, stack(0x00000003053f7000,0x00000003054f7000)]
  0x00007fc382009800 JavaThread "Reference Handler" daemon [_thread_blocked, id=22855, stack(0x0000000305b0c000,0x0000000305c0c000)]
  0x00007fc382887c00 JavaThread "Finalizer" daemon [_thread_blocked, id=42755, stack(0x0000000305c0f000,0x0000000305d0f000)]
  0x00007fc38101a200 JavaThread "Signal Dispatcher" daemon [_thread_blocked, id=24579, stack(0x0000000305e23000,0x0000000305f23000)]
  0x00007fc381014600 JavaThread "Service Thread" daemon [_thread_blocked, id=40195, stack(0x0000000305f26000,0x0000000306026000)]
  0x00007fc381014c00 JavaThread "Monitor Deflation Thread" daemon [_thread_blocked, id=25347, stack(0x0000000306029000,0x0000000306129000)]
  0x00007fc381015200 JavaThread "C2 CompilerThread0" daemon [_thread_in_native, id=39683, stack(0x000000030612c000,0x000000030622c000)]
  0x00007fc38200a400 JavaThread "C1 CompilerThread0" daemon [_thread_blocked, id=39171, stack(0x000000030622f000,0x000000030632f000)]
  0x00007fc382018200 JavaThread "Sweeper thread" daemon [_thread_blocked, id=38659, stack(0x0000000306332000,0x0000000306432000)]
  0x00007fc38280be00 JavaThread "Common-Cleaner" daemon [_thread_blocked, id=25903, stack(0x0000000306435000,0x0000000306535000)]
  0x00007fc383037600 JavaThread "Notification Thread" daemon [_thread_blocked, id=37743, stack(0x0000000306538000,0x0000000306638000)]
  0x00007fc382017c00 JavaThread "QuantumRenderer-0" daemon [_thread_blocked, id=37103, stack(0x000000030673e000,0x000000030683e000)]
  0x00007fc38100ba00 JavaThread "Prism Font Disposer" daemon [_thread_blocked, id=43575, stack(0x00000003068c7000,0x00000003069c7000)]
  0x00007fc383149600 JavaThread "JavaFX-Launcher" [_thread_blocked, id=44343, stack(0x00000003069ca000,0x0000000306aca000)]
  0x00007fc3831a6200 JavaThread "InvokeLaterDispatcher" daemon [_thread_blocked, id=44591, stack(0x0000000306acd000,0x0000000306bcd000)]
=>0x00007fc3831a6800 JavaThread "JavaFX Application Thread" [_thread_in_native, id=259, stack(0x0000000304b74000,0x0000000305374000)]
  0x00007fc38324de00 JavaThread "FXGL Background Thread 1" daemon [_thread_blocked, id=87567, stack(0x00000003072eb000,0x00000003073eb000)]
  0x00007fc38328d200 JavaThread "FXGL Background Thread 2" daemon [_thread_blocked, id=58115, stack(0x0000000306bd0000,0x0000000306cd0000)]
  0x00007fc382302000 JavaThread "FXGL Background Thread 3" daemon [_thread_blocked, id=96515, stack(0x0000000307a96000,0x0000000307b96000)]
  0x00007fc381300a00 JavaThread "FXGL Background Thread 4" daemon [_thread_blocked, id=97283, stack(0x0000000307b99000,0x0000000307c99000)]
  0x00007fc382c6de00 JavaThread "PulseTimer-CVDisplayLink thread" daemon [_thread_in_native, id=162731, stack(0x0000000307c9c000,0x0000000307d1c000)]
  0x00007fc383268800 JavaThread "Cleaner-0" daemon [_thread_blocked, id=161603, stack(0x0000000307d1f000,0x0000000307e1f000)]

Other Threads:
  0x00007fc381b07680 VMThread "VM Thread" [stack: 0x0000000305a09000,0x0000000305b09000] [id=22019]
  0x00007fc380f0b3e0 WatcherThread [stack: 0x000000030663b000,0x000000030673b000] [id=37379]
  0x00007fc381905420 GCTaskThread "GC Thread#0" [stack: 0x00000003054fa000,0x00000003055fa000] [id=17411]
  0x00007fc380f1f9c0 GCTaskThread "GC Thread#1" [stack: 0x0000000306cd3000,0x0000000306dd3000] [id=77827]
  0x00007fc381a05930 GCTaskThread "GC Thread#2" [stack: 0x0000000306dd6000,0x0000000306ed6000] [id=50947]
  0x00007fc381920f50 GCTaskThread "GC Thread#3" [stack: 0x0000000306ed9000,0x0000000306fd9000] [id=51203]
  0x00007fc3819213c0 GCTaskThread "GC Thread#4" [stack: 0x0000000306fdc000,0x00000003070dc000] [id=51715]
  0x00007fc3818228e0 GCTaskThread "GC Thread#5" [stack: 0x00000003070df000,0x00000003071df000] [id=77059]
  0x00007fc380f52920 GCTaskThread "GC Thread#6" [stack: 0x0000000307587000,0x0000000307687000] [id=94299]
  0x00007fc381b67d40 GCTaskThread "GC Thread#7" [stack: 0x0000000307e22000,0x0000000307f22000] [id=99915]
  0x00007fc381905ac0 ConcurrentGCThread "G1 Main Marker" [stack: 0x00000003055fd000,0x00000003056fd000] [id=16899]
  0x00007fc381906340 ConcurrentGCThread "G1 Conc#0" [stack: 0x0000000305700000,0x0000000305800000] [id=15875]
  0x00007fc38194b3d0 ConcurrentGCThread "G1 Conc#1" [stack: 0x0000000307f25000,0x0000000308025000] [id=100099]
  0x00007fc381b04bb0 ConcurrentGCThread "G1 Refine#0" [stack: 0x0000000305803000,0x0000000305903000] [id=13059]
  0x00007fc380f52480 ConcurrentGCThread "G1 Refine#1" [stack: 0x000000030768a000,0x000000030778a000] [id=94979]
  0x00007fc381940f10 ConcurrentGCThread "G1 Refine#2" [stack: 0x000000030778d000,0x000000030788d000] [id=163843]
  0x00007fc380f52ed0 ConcurrentGCThread "G1 Refine#3" [stack: 0x0000000307890000,0x0000000307990000] [id=95491]
  0x00007fc381c07280 ConcurrentGCThread "G1 Refine#4" [stack: 0x0000000307993000,0x0000000307a93000] [id=96003]
  0x00007fc381b05270 ConcurrentGCThread "G1 Service" [stack: 0x0000000305906000,0x0000000305a06000] [id=13571]

Threads with active compile tasks:
C2 CompilerThread0    40900 5380       4       java.lang.StringLatin1::inflate (34 bytes)

VM state: not at safepoint (normal execution)

VM Mutex/Monitor currently owned by a thread: None

Heap address: 0x0000000780000000, size: 2048 MB, Compressed Oops mode: Zero based, Oop shift amount: 3

CDS archive(s) mapped at: [0x0000000800000000-0x0000000800bd4000-0x0000000800bd4000), size 12402688, SharedBaseAddress: 0x0000000800000000, ArchiveRelocationMode: 0.
Compressed class space mapped at: 0x0000000800c00000-0x0000000840c00000, reserved size: 1073741824
Narrow klass base: 0x0000000800000000, Narrow klass shift: 0, Narrow klass range: 0x100000000

GC Precious Log:
 CPUs: 8 total, 8 available
 Memory: 8192M
 Large Page Support: Disabled
 NUMA Support: Disabled
 Compressed Oops: Enabled (Zero based)
 Heap Region Size: 1M
 Heap Min Capacity: 8M
 Heap Initial Capacity: 128M
 Heap Max Capacity: 2G
 Pre-touch: Disabled
 Parallel Workers: 8
 Concurrent Workers: 2
 Concurrent Refinement Workers: 8
 Periodic GC: Disabled

Heap:
 garbage-first heap   total 65536K, used 29577K [0x0000000780000000, 0x0000000800000000)
  region size 1024K, 10 young (10240K), 3 survivors (3072K)
 Metaspace       used 28534K, committed 28864K, reserved 1081344K
  class space    used 3736K, committed 3904K, reserved 1048576K

Heap Regions: E=young(eden), S=young(survivor), O=old, HS=humongous(starts), HC=humongous(continues), CS=collection set, F=free, OA=open archive, CA=closed archive, TAMS=top-at-mark-start (previous, next)
|   0|0x0000000780000000, 0x0000000780100000, 0x0000000780100000|100%| O|  |TAMS 0x0000000780100000, 0x0000000780000000| Untracked 
|   1|0x0000000780100000, 0x0000000780200000, 0x0000000780200000|100%| O|  |TAMS 0x0000000780200000, 0x0000000780100000| Untracked 
|   2|0x0000000780200000, 0x0000000780300000, 0x0000000780300000|100%| O|  |TAMS 0x0000000780210200, 0x0000000780200000| Untracked 
|   3|0x0000000780300000, 0x0000000780400000, 0x0000000780400000|100%|HS|  |TAMS 0x0000000780300000, 0x0000000780300000| Complete 
|   4|0x0000000780400000, 0x0000000780500000, 0x0000000780500000|100%|HC|  |TAMS 0x0000000780400000, 0x0000000780400000| Complete 
|   5|0x0000000780500000, 0x0000000780600000, 0x0000000780600000|100%|HS|  |TAMS 0x0000000780600000, 0x0000000780500000| Complete 
|   6|0x0000000780600000, 0x0000000780700000, 0x0000000780700000|100%|HC|  |TAMS 0x0000000780700000, 0x0000000780600000| Complete 
|   7|0x0000000780700000, 0x0000000780800000, 0x0000000780800000|100%|HS|  |TAMS 0x0000000780800000, 0x0000000780700000| Complete 
|   8|0x0000000780800000, 0x0000000780900000, 0x0000000780900000|100%|HC|  |TAMS 0x0000000780900000, 0x0000000780800000| Complete 
|   9|0x0000000780900000, 0x0000000780a00000, 0x0000000780a00000|100%| O|  |TAMS 0x0000000780900000, 0x0000000780900000| Untracked 
|  10|0x0000000780a00000, 0x0000000780ab4200, 0x0000000780b00000| 70%| O|  |TAMS 0x0000000780a00000, 0x0000000780a00000| Untracked 
|  11|0x0000000780b00000, 0x0000000780c00000, 0x0000000780c00000|100%| O|  |TAMS 0x0000000780b00000, 0x0000000780b00000| Untracked 
|  12|0x0000000780c00000, 0x0000000780d00000, 0x0000000780d00000|100%| O|  |TAMS 0x0000000780c00000, 0x0000000780c00000| Untracked 
|  13|0x0000000780d00000, 0x0000000780e00000, 0x0000000780e00000|100%| O|  |TAMS 0x0000000780d00000, 0x0000000780d00000| Untracked 
|  14|0x0000000780e00000, 0x0000000780f00000, 0x0000000780f00000|100%| O|  |TAMS 0x0000000780e00000, 0x0000000780e00000| Untracked 
|  15|0x0000000780f00000, 0x0000000781000000, 0x0000000781000000|100%| O|  |TAMS 0x0000000780f00000, 0x0000000780f00000| Untracked 
|  16|0x0000000781000000, 0x0000000781100000, 0x0000000781100000|100%| O|  |TAMS 0x0000000781000000, 0x0000000781000000| Untracked 
|  17|0x0000000781100000, 0x000000078114d600, 0x0000000781200000| 30%| O|  |TAMS 0x0000000781100000, 0x0000000781100000| Untracked 
|  18|0x0000000781200000, 0x0000000781300000, 0x0000000781300000|100%|HS|  |TAMS 0x0000000781200000, 0x0000000781200000| Complete 
|  19|0x0000000781300000, 0x0000000781400000, 0x0000000781400000|100%|HC|  |TAMS 0x0000000781300000, 0x0000000781300000| Complete 
|  20|0x0000000781400000, 0x0000000781400000, 0x0000000781500000|  0%| F|  |TAMS 0x0000000781400000, 0x0000000781400000| Untracked 
|  21|0x0000000781500000, 0x0000000781500000, 0x0000000781600000|  0%| F|  |TAMS 0x0000000781500000, 0x0000000781500000| Untracked 
|  22|0x0000000781600000, 0x00000007816ebf88, 0x0000000781700000| 92%| S|CS|TAMS 0x0000000781600000, 0x0000000781600000| Complete 
|  23|0x0000000781700000, 0x0000000781800000, 0x0000000781800000|100%| S|CS|TAMS 0x0000000781700000, 0x0000000781700000| Complete 
|  24|0x0000000781800000, 0x0000000781900000, 0x0000000781900000|100%| S|CS|TAMS 0x0000000781800000, 0x0000000781800000| Complete 
|  25|0x0000000781900000, 0x0000000781900000, 0x0000000781a00000|  0%| F|  |TAMS 0x0000000781900000, 0x0000000781900000| Untracked 
|  26|0x0000000781a00000, 0x0000000781a00000, 0x0000000781b00000|  0%| F|  |TAMS 0x0000000781a00000, 0x0000000781a00000| Untracked 
|  27|0x0000000781b00000, 0x0000000781b00000, 0x0000000781c00000|  0%| F|  |TAMS 0x0000000781b00000, 0x0000000781b00000| Untracked 
|  28|0x0000000781c00000, 0x0000000781c00000, 0x0000000781d00000|  0%| F|  |TAMS 0x0000000781c00000, 0x0000000781c00000| Untracked 
|  29|0x0000000781d00000, 0x0000000781d00000, 0x0000000781e00000|  0%| F|  |TAMS 0x0000000781d00000, 0x0000000781d00000| Untracked 
|  30|0x0000000781e00000, 0x0000000781e00000, 0x0000000781f00000|  0%| F|  |TAMS 0x0000000781e00000, 0x0000000781e00000| Untracked 
|  31|0x0000000781f00000, 0x0000000781f00000, 0x0000000782000000|  0%| F|  |TAMS 0x0000000781f00000, 0x0000000781f00000| Untracked 
|  32|0x0000000782000000, 0x0000000782000000, 0x0000000782100000|  0%| F|  |TAMS 0x0000000782000000, 0x0000000782000000| Untracked 
|  33|0x0000000782100000, 0x0000000782100000, 0x0000000782200000|  0%| F|  |TAMS 0x0000000782100000, 0x0000000782100000| Untracked 
|  34|0x0000000782200000, 0x0000000782200000, 0x0000000782300000|  0%| F|  |TAMS 0x0000000782200000, 0x0000000782200000| Untracked 
|  35|0x0000000782300000, 0x0000000782300000, 0x0000000782400000|  0%| F|  |TAMS 0x0000000782300000, 0x0000000782300000| Untracked 
|  36|0x0000000782400000, 0x0000000782400000, 0x0000000782500000|  0%| F|  |TAMS 0x0000000782400000, 0x0000000782400000| Untracked 
|  37|0x0000000782500000, 0x0000000782500000, 0x0000000782600000|  0%| F|  |TAMS 0x0000000782500000, 0x0000000782500000| Untracked 
|  38|0x0000000782600000, 0x0000000782600000, 0x0000000782700000|  0%| F|  |TAMS 0x0000000782600000, 0x0000000782600000| Untracked 
|  39|0x0000000782700000, 0x0000000782700000, 0x0000000782800000|  0%| F|  |TAMS 0x0000000782700000, 0x0000000782700000| Untracked 
|  40|0x0000000782800000, 0x0000000782800000, 0x0000000782900000|  0%| F|  |TAMS 0x0000000782800000, 0x0000000782800000| Untracked 
|  41|0x0000000782900000, 0x0000000782900000, 0x0000000782a00000|  0%| F|  |TAMS 0x0000000782900000, 0x0000000782900000| Untracked 
|  42|0x0000000782a00000, 0x0000000782a00000, 0x0000000782b00000|  0%| F|  |TAMS 0x0000000782a00000, 0x0000000782a00000| Untracked 
|  43|0x0000000782b00000, 0x0000000782b00000, 0x0000000782c00000|  0%| F|  |TAMS 0x0000000782b00000, 0x0000000782b00000| Untracked 
|  44|0x0000000782c00000, 0x0000000782c00000, 0x0000000782d00000|  0%| F|  |TAMS 0x0000000782c00000, 0x0000000782c00000| Untracked 
|  45|0x0000000782d00000, 0x0000000782d00000, 0x0000000782e00000|  0%| F|  |TAMS 0x0000000782d00000, 0x0000000782d00000| Untracked 
|  46|0x0000000782e00000, 0x0000000782e00000, 0x0000000782f00000|  0%| F|  |TAMS 0x0000000782e00000, 0x0000000782e00000| Untracked 
|  47|0x0000000782f00000, 0x0000000782f00000, 0x0000000783000000|  0%| F|  |TAMS 0x0000000782f00000, 0x0000000782f00000| Untracked 
|  48|0x0000000783000000, 0x0000000783000000, 0x0000000783100000|  0%| F|  |TAMS 0x0000000783000000, 0x0000000783000000| Untracked 
|  49|0x0000000783100000, 0x0000000783100000, 0x0000000783200000|  0%| F|  |TAMS 0x0000000783100000, 0x0000000783100000| Untracked 
|  50|0x0000000783200000, 0x0000000783200000, 0x0000000783300000|  0%| F|  |TAMS 0x0000000783200000, 0x0000000783200000| Untracked 
|  51|0x0000000783300000, 0x0000000783300000, 0x0000000783400000|  0%| F|  |TAMS 0x0000000783300000, 0x0000000783300000| Untracked 
|  52|0x0000000783400000, 0x0000000783400000, 0x0000000783500000|  0%| F|  |TAMS 0x0000000783400000, 0x0000000783400000| Untracked 
|  53|0x0000000783500000, 0x0000000783500000, 0x0000000783600000|  0%| F|  |TAMS 0x0000000783500000, 0x0000000783500000| Untracked 
|  97|0x0000000786100000, 0x0000000786100000, 0x0000000786200000|  0%| F|  |TAMS 0x0000000786100000, 0x0000000786100000| Untracked 
|  98|0x0000000786200000, 0x00000007862479f8, 0x0000000786300000| 27%| E|  |TAMS 0x0000000786200000, 0x0000000786200000| Complete 
|  99|0x0000000786300000, 0x0000000786400000, 0x0000000786400000|100%| E|CS|TAMS 0x0000000786300000, 0x0000000786300000| Complete 
| 100|0x0000000786400000, 0x0000000786500000, 0x0000000786500000|100%| E|CS|TAMS 0x0000000786400000, 0x0000000786400000| Complete 
| 101|0x0000000786500000, 0x0000000786600000, 0x0000000786600000|100%| E|CS|TAMS 0x0000000786500000, 0x0000000786500000| Complete 
| 102|0x0000000786600000, 0x0000000786700000, 0x0000000786700000|100%| E|CS|TAMS 0x0000000786600000, 0x0000000786600000| Complete 
| 103|0x0000000786700000, 0x0000000786800000, 0x0000000786800000|100%| E|CS|TAMS 0x0000000786700000, 0x0000000786700000| Complete 
| 127|0x0000000787f00000, 0x0000000788000000, 0x0000000788000000|100%| E|CS|TAMS 0x0000000787f00000, 0x0000000787f00000| Complete 
|2046|0x00000007ffe00000, 0x00000007ffe76000, 0x00000007fff00000| 46%|OA|  |TAMS 0x00000007ffe76000, 0x00000007ffe00000| Untracked 
|2047|0x00000007fff00000, 0x00000007fff7f000, 0x0000000800000000| 49%|CA|  |TAMS 0x00000007fff7f000, 0x00000007fff00000| Untracked 

Card table byte_map: [0x0000000109629000,0x0000000109a29000] _byte_map_base: 0x0000000105a29000

Marking Bits (Prev, Next): (CMBitMap*) 0x00007fc38281fe50, (CMBitMap*) 0x00007fc38281fe10
 Prev Bits: [0x0000000124e8a000, 0x0000000126e8a000)
 Next Bits: [0x0000000122e8a000, 0x0000000124e8a000)

Polling page: 0x000000010089c000

Metaspace:

Usage:
  Non-class:     24.22 MB used.
      Class:      3.65 MB used.
       Both:     27.87 MB used.

Virtual space:
  Non-class space:       32.00 MB reserved,      24.38 MB ( 76%) committed,  4 nodes.
      Class space:        1.00 GB reserved,       3.81 MB ( <1%) committed,  1 nodes.
             Both:        1.03 GB reserved,      28.19 MB (  3%) committed. 

Chunk freelists:
   Non-Class:  3.34 MB
       Class:  255.00 KB
        Both:  3.59 MB

MaxMetaspaceSize: unlimited
CompressedClassSpaceSize: 1.00 GB
Initial GC threshold: 21.00 MB
Current GC threshold: 35.12 MB
CDS: on
MetaspaceReclaimPolicy: balanced
 - commit_granule_bytes: 65536.
 - commit_granule_words: 8192.
 - virtual_space_node_default_size: 1048576.
 - enlarge_chunks_in_place: 1.
 - new_chunks_are_fully_committed: 0.
 - uncommit_free_chunks: 1.
 - use_allocation_guard: 0.
 - handle_deallocations: 1.


Internal statistics:

num_allocs_failed_limit: 3.
num_arena_births: 228.
num_arena_deaths: 0.
num_vsnodes_births: 5.
num_vsnodes_deaths: 0.
num_space_committed: 451.
num_space_uncommitted: 0.
num_chunks_returned_to_freelist: 3.
num_chunks_taken_from_freelist: 1049.
num_chunk_merges: 0.
num_chunk_splits: 728.
num_chunks_enlarged: 588.
num_purges: 0.
num_inconsistent_stats: 0.

CodeHeap 'non-profiled nmethods': size=120028Kb used=2835Kb max_used=2835Kb free=117192Kb
 bounds [0x000000011b953000, 0x000000011bc23000, 0x0000000122e8a000]
CodeHeap 'profiled nmethods': size=120028Kb used=11311Kb max_used=11311Kb free=108716Kb
 bounds [0x000000011441c000, 0x0000000114f2c000, 0x000000011b953000]
CodeHeap 'non-nmethods': size=5704Kb used=1511Kb max_used=1545Kb free=4192Kb
 bounds [0x0000000113e8a000, 0x00000001140fa000, 0x000000011441c000]
 total_blobs=6291 nmethods=5399 adapters=803
 compilation: enabled
              stopped_count=0, restarted_count=0
 full_count=0

Compilation events (20 events):
Event: 40.858 Thread 0x00007fc38200a400 5394       1       javafx.scene.Parent::getStylesheets (5 bytes)
Event: 40.858 Thread 0x00007fc38200a400 nmethod 5394 0x000000011bc0e590 code [0x000000011bc0e720, 0x000000011bc0e7f0]
Event: 40.858 Thread 0x00007fc38200a400 5395       3       java.lang.System::getProperty (25 bytes)
Event: 40.858 Thread 0x00007fc38200a400 nmethod 5395 0x0000000114f1e090 code [0x0000000114f1e2c0, 0x0000000114f1e9b0]
Event: 40.869 Thread 0x00007fc38200a400 5397       3       javafx.css.Stylesheet$1::onChanged (120 bytes)
Event: 40.870 Thread 0x00007fc38200a400 nmethod 5397 0x0000000114f1ec10 code [0x0000000114f1efe0, 0x0000000114f211b0]
Event: 40.870 Thread 0x00007fc38200a400 5398       3       javafx.css.CssLexer$$Lambda$210/0x0000000800d973c0::recognize (5 bytes)
Event: 40.870 Thread 0x00007fc38200a400 nmethod 5398 0x0000000114f21810 code [0x0000000114f219c0, 0x0000000114f21bb0]
Event: 40.870 Thread 0x00007fc38200a400 5399       3       javafx.css.CssLexer::lambda$new$4 (18 bytes)
Event: 40.870 Thread 0x00007fc38200a400 nmethod 5399 0x0000000114f21c90 code [0x0000000114f21e20, 0x0000000114f21f90]
Event: 40.874 Thread 0x00007fc38200a400 5401       3       javafx.css.CssParser::selectors (135 bytes)
Event: 40.874 Thread 0x00007fc38200a400 nmethod 5401 0x0000000114f22010 code [0x0000000114f222a0, 0x0000000114f23040]
Event: 40.874 Thread 0x00007fc38200a400 5402       3       javafx.css.CssParser::clamp (20 bytes)
Event: 40.874 Thread 0x00007fc38200a400 nmethod 5402 0x0000000114f23490 code [0x0000000114f23640, 0x0000000114f23850]
Event: 40.874 Thread 0x00007fc38200a400 5403       3       com.sun.javafx.util.Utils::stripQuotes (84 bytes)
Event: 40.875 Thread 0x00007fc38200a400 nmethod 5403 0x0000000114f23910 code [0x0000000114f23bc0, 0x0000000114f24a00]
Event: 40.878 Thread 0x00007fc38200a400 5404       3       javafx.scene.Node::notifyParentsOfInvalidatedCSS (96 bytes)
Event: 40.879 Thread 0x00007fc38200a400 nmethod 5404 0x0000000114f24e90 code [0x0000000114f251a0, 0x0000000114f26880]
Event: 40.879 Thread 0x00007fc38200a400 5405       3       javafx.css.CssParser::parseSize1to4 (78 bytes)
Event: 40.879 Thread 0x00007fc38200a400 nmethod 5405 0x0000000114f26e90 code [0x0000000114f270a0, 0x0000000114f27aa0]

GC Heap History (8 events):
Event: 0.923 GC heap before
{Heap before GC invocations=0 (full 0):
 garbage-first heap   total 133120K, used 24532K [0x0000000780000000, 0x0000000800000000)
  region size 1024K, 23 young (23552K), 0 survivors (0K)
 Metaspace       used 5914K, committed 6080K, reserved 1056768K
  class space    used 560K, committed 640K, reserved 1048576K
}
Event: 0.934 GC heap after
{Heap after GC invocations=1 (full 0):
 garbage-first heap   total 133120K, used 4603K [0x0000000780000000, 0x0000000800000000)
  region size 1024K, 3 young (3072K), 3 survivors (3072K)
 Metaspace       used 5914K, committed 6080K, reserved 1056768K
  class space    used 560K, committed 640K, reserved 1048576K
}
Event: 2.025 GC heap before
{Heap before GC invocations=1 (full 0):
 garbage-first heap   total 133120K, used 44539K [0x0000000780000000, 0x0000000800000000)
  region size 1024K, 42 young (43008K), 3 survivors (3072K)
 Metaspace       used 15085K, committed 15296K, reserved 1064960K
  class space    used 2038K, committed 2112K, reserved 1048576K
}
Event: 2.036 GC heap after
{Heap after GC invocations=2 (full 0):
 garbage-first heap   total 133120K, used 9236K [0x0000000780000000, 0x0000000800000000)
  region size 1024K, 6 young (6144K), 6 survivors (6144K)
 Metaspace       used 15085K, committed 15296K, reserved 1064960K
  class space    used 2038K, committed 2112K, reserved 1048576K
}
Event: 2.764 GC heap before
{Heap before GC invocations=2 (full 0):
 garbage-first heap   total 133120K, used 38932K [0x0000000780000000, 0x0000000800000000)
  region size 1024K, 30 young (30720K), 6 survivors (6144K)
 Metaspace       used 21256K, committed 21504K, reserved 1073152K
  class space    used 2810K, committed 2944K, reserved 1048576K
}
Event: 2.783 GC heap after
{Heap after GC invocations=3 (full 0):
 garbage-first heap   total 133120K, used 16831K [0x0000000780000000, 0x0000000800000000)
  region size 1024K, 7 young (7168K), 7 survivors (7168K)
 Metaspace       used 21256K, committed 21504K, reserved 1073152K
  class space    used 2810K, committed 2944K, reserved 1048576K
}
Event: 28.253 GC heap before
{Heap before GC invocations=4 (full 0):
 garbage-first heap   total 65536K, used 48575K [0x0000000780000000, 0x0000000800000000)
  region size 1024K, 37 young (37888K), 7 survivors (7168K)
 Metaspace       used 28268K, committed 28480K, reserved 1081344K
  class space    used 3727K, committed 3840K, reserved 1048576K
}
Event: 28.270 GC heap after
{Heap after GC invocations=5 (full 0):
 garbage-first heap   total 65536K, used 21385K [0x0000000780000000, 0x0000000800000000)
  region size 1024K, 3 young (3072K), 3 survivors (3072K)
 Metaspace       used 28268K, committed 28480K, reserved 1081344K
  class space    used 3727K, committed 3840K, reserved 1048576K
}

Deoptimization events (20 events):
Event: 40.842 Thread 0x00007fc3831a6800 DEOPT PACKING pc=0x000000011bb2ce84 sp=0x000000030536e800
Event: 40.842 Thread 0x00007fc3831a6800 DEOPT UNPACKING pc=0x0000000113edc093 sp=0x000000030536e7d0 mode 2
Event: 40.844 Thread 0x00007fc3831a6800 Uncommon trap: trap_request=0xffffffde fr.pc=0x000000011baae694 relative=0x0000000000000cb4
Event: 40.844 Thread 0x00007fc3831a6800 Uncommon trap: reason=class_check action=maybe_recompile pc=0x000000011baae694 method=javafx.scene.Node.updateLocalToParentTransform()V @ 209 c2
Event: 40.844 Thread 0x00007fc3831a6800 DEOPT PACKING pc=0x000000011baae694 sp=0x000000030536e760
Event: 40.846 Thread 0x00007fc3831a6800 DEOPT UNPACKING pc=0x0000000113edc093 sp=0x000000030536e6e0 mode 2
Event: 40.846 Thread 0x00007fc3831a6800 Uncommon trap: trap_request=0xffffff45 fr.pc=0x000000011bb4eba0 relative=0x00000000000000e0
Event: 40.846 Thread 0x00007fc3831a6800 Uncommon trap: reason=unstable_if action=reinterpret pc=0x000000011bb4eba0 method=com.sun.javafx.geom.transform.AffineBase.calculateType()I @ 426 c2
Event: 40.846 Thread 0x00007fc3831a6800 DEOPT PACKING pc=0x000000011bb4eba0 sp=0x000000030536e6b0
Event: 40.846 Thread 0x00007fc3831a6800 DEOPT UNPACKING pc=0x0000000113edc093 sp=0x000000030536e650 mode 2
Event: 40.848 Thread 0x00007fc3831a6800 Uncommon trap: trap_request=0xffffff45 fr.pc=0x000000011bbfdc28 relative=0x00000000000017a8
Event: 40.848 Thread 0x00007fc3831a6800 Uncommon trap: reason=unstable_if action=reinterpret pc=0x000000011bbfdc28 method=com.sun.javafx.sg.prism.NGNode.markTreeDirty()V @ 56 c2
Event: 40.848 Thread 0x00007fc3831a6800 DEOPT PACKING pc=0x000000011bbfdc28 sp=0x000000030536e830
Event: 40.848 Thread 0x00007fc3831a6800 DEOPT UNPACKING pc=0x0000000113edc093 sp=0x000000030536e6b8 mode 2
Event: 40.860 Thread 0x00007fc382017c00 Uncommon trap: trap_request=0xffffff45 fr.pc=0x000000011bb3adb8 relative=0x00000000000004b8
Event: 40.860 Thread 0x00007fc382017c00 Uncommon trap: reason=unstable_if action=reinterpret pc=0x000000011bb3adb8 method=com.sun.javafx.geom.transform.Affine3D.concatenate(Lcom/sun/javafx/geom/transform/BaseTransform;)V @ 11 c2
Event: 40.860 Thread 0x00007fc382017c00 DEOPT PACKING pc=0x000000011bb3adb8 sp=0x000000030683cb80
Event: 40.860 Thread 0x00007fc382017c00 DEOPT UNPACKING pc=0x0000000113edc093 sp=0x000000030683ca00 mode 2
Event: 40.861 Thread 0x00007fc3831a6800 DEOPT PACKING pc=0x000000011485dc3c sp=0x000000030536cc90
Event: 40.861 Thread 0x00007fc3831a6800 DEOPT UNPACKING pc=0x0000000113edc810 sp=0x000000030536c150 mode 0

Classes unloaded (0 events):
No events

Classes redefined (0 events):
No events

Internal exceptions (20 events):
Event: 2.489 Thread 0x00007fc3831a6800 Exception <a 'java/lang/NoSuchMethodError'{0x00000007872e6130}: 'long java.lang.invoke.DirectMethodHandle$Holder.invokeStatic(java.lang.Object, java.lang.Object, java.lang.Object)'> (0x00000007872e6130) 
thrown [open/src/hotspot/share/interpreter/linkResolver.cpp, line 766]
Event: 2.490 Thread 0x00007fc3831a6800 Exception <a 'java/lang/NoSuchMethodError'{0x00000007872e98d8}: 'long java.lang.invoke.DirectMethodHandle$Holder.invokeStaticInit(java.lang.Object, java.lang.Object, java.lang.Object)'> (0x00000007872e98d8) 
thrown [open/src/hotspot/share/interpreter/linkResolver.cpp, line 766]
Event: 2.492 Thread 0x00007fc3831a6800 Exception <a 'java/lang/NoSuchMethodError'{0x00000007870ebaf8}: 'java.lang.Object java.lang.invoke.DirectMethodHandle$Holder.newInvokeSpecial(java.lang.Object, java.lang.Object, long)'> (0x00000007870ebaf8) 
thrown [open/src/hotspot/share/interpreter/linkResolver.cpp, line 766]
Event: 2.495 Thread 0x00007fc3831a6800 Exception <a 'java/lang/NoSuchMethodError'{0x00000007870ef3c0}: 'java.lang.Object java.lang.invoke.Invokers$Holder.linkToTargetMethod(java.lang.Object, long, java.lang.Object)'> (0x00000007870ef3c0) 
thrown [open/src/hotspot/share/interpreter/linkResolver.cpp, line 766]
Event: 2.518 Thread 0x00007fc3831a6800 Exception <a 'java/lang/ClassNotFoundException'{0x0000000786fa6a78}: com/sun/javafx/scene/control/skin/resources/controls> (0x0000000786fa6a78) 
thrown [open/src/hotspot/share/prims/jni.cpp, line 535]
Event: 2.523 Thread 0x00007fc3831a6800 Exception <a 'java/lang/ClassNotFoundException'{0x0000000786fb49f8}: com/sun/javafx/scene/control/skin/resources/controls_en> (0x0000000786fb49f8) 
thrown [open/src/hotspot/share/prims/jni.cpp, line 535]
Event: 2.528 Thread 0x00007fc3831a6800 Exception <a 'java/lang/ClassNotFoundException'{0x0000000786fb60f8}: com/sun/javafx/scene/control/skin/resources/controls_en_US> (0x0000000786fb60f8) 
thrown [open/src/hotspot/share/prims/jni.cpp, line 535]
Event: 2.544 Thread 0x00007fc3831a6800 Exception <a 'java/lang/NoSuchMethodError'{0x0000000786e5fc08}: 'java.lang.Object java.lang.invoke.DirectMethodHandle$Holder.invokeInterface(java.lang.Object, java.lang.Object, java.lang.Object)'> (0x0000000786e5fc08) 
thrown [open/src/hotspot/share/interpreter/linkResolver.cpp, line 766]
Event: 2.545 Thread 0x00007fc3831a6800 Exception <a 'java/lang/IncompatibleClassChangeError'{0x0000000786e63590}: Found class java.lang.Object, but interface was expected> (0x0000000786e63590) 
thrown [open/src/hotspot/share/interpreter/linkResolver.cpp, line 833]
Event: 3.248 Thread 0x00007fc38328d200 Implicit null exception at 0x000000011ba3882c to 0x000000011ba38962
Event: 4.633 Thread 0x00007fc3831a6800 Exception <a 'java/lang/NoSuchMethodError'{0x0000000782bafd80}: 'void java.lang.invoke.DirectMethodHandle$Holder.invokeSpecial(java.lang.Object, java.lang.Object, java.lang.Object, java.lang.Object, java.lang.Object, java.lang.Object)'> (0x0000000782bafd80) 
thrown [open/src/hotspot/share/interpreter/linkResolver.cpp, line 766]
Event: 4.698 Thread 0x00007fc3831a6800 Exception <a 'java/lang/NoSuchMethodError'{0x00000007829dd338}: 'void java.lang.invoke.DirectMethodHandle$Holder.invokeSpecialIFC(java.lang.Object, java.lang.Object, java.lang.Object, java.lang.Object)'> (0x00000007829dd338) 
thrown [open/src/hotspot/share/interpreter/linkResolver.cpp, line 766]
Event: 4.750 Thread 0x00007fc3831a6800 Exception <a 'java/lang/NoSuchMethodError'{0x00000007827905d8}: 'int java.lang.invoke.DirectMethodHandle$Holder.invokeSpecial(java.lang.Object, java.lang.Object, int)'> (0x00000007827905d8) 
thrown [open/src/hotspot/share/interpreter/linkResolver.cpp, line 766]
Event: 8.656 Thread 0x00007fc3831a6800 Exception <a 'java/lang/NoSuchMethodError'{0x00000007824f2ea0}: 'java.lang.Object java.lang.invoke.DirectMethodHandle$Holder.newInvokeSpecial(java.lang.Object, java.lang.Object, int, int, int, int, int, java.lang.Object)'> (0x00000007824f2ea0) 
thrown [open/src/hotspot/share/interpreter/linkResolver.cpp, line 766]
Event: 8.658 Thread 0x00007fc3831a6800 Exception <a 'java/lang/NoSuchMethodError'{0x0000000782306900}: 'java.lang.Object java.lang.invoke.DirectMethodHandle$Holder.newInvokeSpecial(java.lang.Object, java.lang.Object, java.lang.Object, int, int, int, int, int)'> (0x0000000782306900) 
thrown [open/src/hotspot/share/interpreter/linkResolver.cpp, line 766]
Event: 8.658 Thread 0x00007fc3831a6800 Exception <a 'java/lang/NoSuchMethodError'{0x000000078230e160}: 'java.lang.Object java.lang.invoke.Invokers$Holder.linkToTargetMethod(java.lang.Object, java.lang.Object, int, int, int, int, int, java.lang.Object)'> (0x000000078230e160) 
thrown [open/src/hotspot/share/interpreter/linkResolver.cpp, line 766]
Event: 8.945 Thread 0x00007fc382017c00 Exception <a 'java/lang/NoSuchMethodError'{0x000000078326a5c0}: 'java.lang.Object java.lang.invoke.DirectMethodHandle$Holder.invokeStaticInit(java.lang.Object, int)'> (0x000000078326a5c0) 
thrown [open/src/hotspot/share/interpreter/linkResolver.cpp, line 766]
Event: 15.553 Thread 0x00007fc3831a6800 Implicit null exception at 0x000000011bb05e50 to 0x000000011bb05ec0
Event: 15.554 Thread 0x00007fc3831a6800 Implicit null exception at 0x000000011bb14450 to 0x000000011bb144b8
Event: 28.777 Thread 0x00007fc3831a6800 Implicit null exception at 0x000000011bb806e6 to 0x000000011bb80824

VM Operations (20 events):
Event: 25.575 Executing VM operation: Cleanup
Event: 25.576 Executing VM operation: Cleanup done
Event: 26.581 Executing VM operation: Cleanup
Event: 26.581 Executing VM operation: Cleanup done
Event: 27.585 Executing VM operation: Cleanup
Event: 27.585 Executing VM operation: Cleanup done
Event: 28.252 Executing VM operation: G1CollectForAllocation
Event: 28.270 Executing VM operation: G1CollectForAllocation done
Event: 28.922 Executing VM operation: ICBufferFull
Event: 28.924 Executing VM operation: ICBufferFull done
Event: 29.929 Executing VM operation: Cleanup
Event: 29.930 Executing VM operation: Cleanup done
Event: 30.935 Executing VM operation: Cleanup
Event: 30.936 Executing VM operation: Cleanup done
Event: 31.940 Executing VM operation: Cleanup
Event: 31.941 Executing VM operation: Cleanup done
Event: 32.946 Executing VM operation: Cleanup
Event: 32.946 Executing VM operation: Cleanup done
Event: 33.951 Executing VM operation: Cleanup
Event: 33.952 Executing VM operation: Cleanup done

Events (20 events):
Event: 8.430 Protecting memory [0x0000000308028000,0x000000030802c000] with protection modes 3
Event: 8.430 Thread 0x00007fc3814ec400 Thread exited: 0x00007fc3814ec400
Event: 13.431 loading class sun/security/ssl/Alert
Event: 13.431 loading class sun/security/ssl/Alert done
Event: 13.431 loading class sun/security/ssl/Alert$AlertConsumer
Event: 13.431 loading class sun/security/ssl/Alert$AlertConsumer done
Event: 13.431 loading class sun/security/ssl/Alert$Level
Event: 13.431 loading class sun/security/ssl/Alert$Level done
Event: 13.434 Protecting memory [0x000000030812b000,0x000000030812f000] with protection modes 3
Event: 13.434 Thread 0x00007fc3814ed000 Thread exited: 0x00007fc3814ed000
Event: 15.528 loading class java/lang/Class$AnnotationData
Event: 15.528 loading class java/lang/Class$AnnotationData done
Event: 15.529 loading class sun/reflect/annotation/AnnotationSupport
Event: 15.529 loading class sun/reflect/annotation/AnnotationSupport done
Event: 15.529 loading class java/lang/annotation/Repeatable
Event: 15.529 loading class java/lang/annotation/Repeatable done
Event: 15.529 loading class java/lang/annotation/ElementType
Event: 15.529 loading class java/lang/annotation/ElementType done
Event: 15.529 loading class java/lang/annotation/Documented
Event: 15.529 loading class java/lang/annotation/Documented done


Dynamic libraries:
0x0000000108ece000 	/Users/rohanbatra/Library/Java/JavaVirtualMachines/openjdk-17.0.1/Contents/Home/lib/libjli.dylib
0x00007ff81daee000 	/usr/lib/libz.1.dylib
0x00007ff81dbd4000 	/usr/lib/libSystem.B.dylib
0x00007ff81dbcf000 	/usr/lib/system/libcache.dylib
0x00007ff81db8b000 	/usr/lib/system/libcommonCrypto.dylib
0x00007ff81dbb4000 	/usr/lib/system/libcompiler_rt.dylib
0x00007ff81dbaa000 	/usr/lib/system/libcopyfile.dylib
0x00007ff81273e000 	/usr/lib/system/libcorecrypto.dylib
0x00007ff8127fd000 	/usr/lib/system/libdispatch.dylib
0x00007ff8129bf000 	/usr/lib/system/libdyld.dylib
0x00007ff81dbc6000 	/usr/lib/system/libkeymgr.dylib
0x00007ff81db69000 	/usr/lib/system/libmacho.dylib
0x00007ff81d1fa000 	/usr/lib/system/libquarantine.dylib
0x00007ff81dbc4000 	/usr/lib/system/libremovefile.dylib
0x00007ff81783d000 	/usr/lib/system/libsystem_asl.dylib
0x00007ff8126ec000 	/usr/lib/system/libsystem_blocks.dylib
0x00007ff812884000 	/usr/lib/system/libsystem_c.dylib
0x00007ff81dbbc000 	/usr/lib/system/libsystem_collections.dylib
0x00007ff81c430000 	/usr/lib/system/libsystem_configuration.dylib
0x00007ff81b6f0000 	/usr/lib/system/libsystem_containermanager.dylib
0x00007ff81d8a2000 	/usr/lib/system/libsystem_coreservices.dylib
0x00007ff814f0b000 	/usr/lib/system/libsystem_darwin.dylib
0x00007ff81dbc7000 	/usr/lib/system/libsystem_dnssd.dylib
0x00007ff812881000 	/usr/lib/system/libsystem_featureflags.dylib
0x00007ff8129d5000 	/usr/lib/system/libsystem_info.dylib
0x00007ff81db01000 	/usr/lib/system/libsystem_m.dylib
0x00007ff8127d1000 	/usr/lib/system/libsystem_malloc.dylib
0x00007ff8177da000 	/usr/lib/system/libsystem_networkextension.dylib
0x00007ff815333000 	/usr/lib/system/libsystem_notify.dylib
0x00007ff823dc1000 	/usr/lib/system/libsystem_product_info_filter.dylib
0x00007ff81c434000 	/usr/lib/system/libsystem_sandbox.dylib
0x00007ff81dbc1000 	/usr/lib/system/libsystem_secinit.dylib
0x00007ff81297c000 	/usr/lib/system/libsystem_kernel.dylib
0x00007ff8129cb000 	/usr/lib/system/libsystem_platform.dylib
0x00007ff8129b3000 	/usr/lib/system/libsystem_pthread.dylib
0x00007ff819101000 	/usr/lib/system/libsystem_symptoms.dylib
0x00007ff812725000 	/usr/lib/system/libsystem_trace.dylib
0x00007ff81db97000 	/usr/lib/system/libunwind.dylib
0x00007ff8126ee000 	/usr/lib/system/libxpc.dylib
0x00007ff812966000 	/usr/lib/libc++abi.dylib
0x00007ff812844000 	/usr/lib/libobjc.A.dylib
0x00007ff81dba2000 	/usr/lib/liboah.dylib
0x00007ff81290d000 	/usr/lib/libc++.1.dylib
0x00007ff829af0000 	/System/Library/Frameworks/Cocoa.framework/Versions/A/Cocoa
0x00007ff815391000 	/System/Library/Frameworks/AppKit.framework/Versions/C/AppKit
0x00007ff8188e1000 	/System/Library/Frameworks/CoreData.framework/Versions/A/CoreData
0x00007ff8137ac000 	/System/Library/Frameworks/Foundation.framework/Versions/C/Foundation
0x00007ff81621e000 	/System/Library/PrivateFrameworks/UIFoundation.framework/Versions/A/UIFoundation
0x00007ff823ac8000 	/System/Library/PrivateFrameworks/RemoteViewServices.framework/Versions/A/RemoteViewServices
0x00007ff81bdc7000 	/System/Library/PrivateFrameworks/XCTTargetBootstrap.framework/Versions/A/XCTTargetBootstrap
0x00007ff81fa9f000 	/System/Library/PrivateFrameworks/InternationalSupport.framework/Versions/A/InternationalSupport
0x00007ff81fb29000 	/System/Library/PrivateFrameworks/UserActivity.framework/Versions/A/UserActivity
0x00007ff81ee86000 	/usr/lib/libspindump.dylib
0x00007ff8164ac000 	/System/Library/Frameworks/UniformTypeIdentifiers.framework/Versions/A/UniformTypeIdentifiers
0x00007ff81a506000 	/usr/lib/libapp_launch_measurement.dylib
0x00007ff8192bb000 	/System/Library/PrivateFrameworks/CoreAnalytics.framework/Versions/A/CoreAnalytics
0x00007ff81a509000 	/System/Library/PrivateFrameworks/CoreAutoLayout.framework/Versions/A/CoreAutoLayout
0x00007ff81b728000 	/System/Library/Frameworks/Metal.framework/Versions/A/Metal
0x00007ff81c43f000 	/usr/lib/liblangid.dylib
0x00007ff81bdcb000 	/System/Library/PrivateFrameworks/CoreSVG.framework/Versions/A/CoreSVG
0x00007ff81786e000 	/System/Library/PrivateFrameworks/SkyLight.framework/Versions/A/SkyLight
0x00007ff817bff000 	/System/Library/Frameworks/CoreGraphics.framework/Versions/A/CoreGraphics
0x00007ff824133000 	/System/Library/Frameworks/Accelerate.framework/Versions/A/Accelerate
0x00007ff81e901000 	/System/Library/PrivateFrameworks/IconServices.framework/Versions/A/IconServices
0x00007ff81b70d000 	/System/Library/Frameworks/IOSurface.framework/Versions/A/IOSurface
0x00007ff8192e9000 	/usr/lib/libDiagnosticMessagesClient.dylib
0x00007ff827792000 	/System/Library/Frameworks/ApplicationServices.framework/Versions/A/ApplicationServices
0x00007ff81bdb3000 	/System/Library/PrivateFrameworks/DFRFoundation.framework/Versions/A/DFRFoundation
0x00007ff814c82000 	/usr/lib/libicucore.A.dylib
0x00007ff8207c1000 	/System/Library/Frameworks/AudioToolbox.framework/Versions/A/AudioToolbox
0x00007ff81faab000 	/System/Library/PrivateFrameworks/DataDetectorsCore.framework/Versions/A/DataDetectorsCore
0x00007ff91b240000 	/System/Library/PrivateFrameworks/TextInput.framework/Versions/A/TextInput
0x00007ff8177f1000 	/usr/lib/libMobileGestalt.dylib
0x00007ff81babb000 	/System/Library/Frameworks/Carbon.framework/Versions/A/Frameworks/HIToolbox.framework/Versions/A/HIToolbox
0x00007ff819f34000 	/System/Library/Frameworks/QuartzCore.framework/Versions/A/QuartzCore
0x00007ff814923000 	/System/Library/Frameworks/Security.framework/Versions/A/Security
0x00007ff823b00000 	/System/Library/Frameworks/Carbon.framework/Versions/A/Frameworks/SpeechRecognition.framework/Versions/A/SpeechRecognition
0x00007ff81a266000 	/System/Library/PrivateFrameworks/CoreUI.framework/Versions/A/CoreUI
0x00007ff8141fd000 	/System/Library/Frameworks/CoreAudio.framework/Versions/A/CoreAudio
0x00007ff8193d7000 	/System/Library/Frameworks/DiskArbitration.framework/Versions/A/DiskArbitration
0x00007ff81f269000 	/System/Library/PrivateFrameworks/MultitouchSupport.framework/Versions/A/MultitouchSupport
0x00007ff8177f0000 	/usr/lib/libenergytrace.dylib
0x00007ff81527d000 	/System/Library/Frameworks/IOKit.framework/Versions/A/IOKit
0x00007ff823eea000 	/System/Library/Frameworks/CoreServices.framework/Versions/A/CoreServices
0x00007ff81a4a0000 	/System/Library/PrivateFrameworks/PerformanceAnalysis.framework/Versions/A/PerformanceAnalysis
0x00007ffa2acaf000 	/System/Library/Frameworks/OpenGL.framework/Versions/A/OpenGL
0x00007ff81d126000 	/System/Library/PrivateFrameworks/MobileKeyBag.framework/Versions/A/MobileKeyBag
0x00007ff81832e000 	/System/Library/Frameworks/ColorSync.framework/Versions/A/ColorSync
0x00007ff812a00000 	/System/Library/Frameworks/CoreFoundation.framework/Versions/A/CoreFoundation
0x00007ff81c046000 	/System/Library/Frameworks/CoreImage.framework/Versions/A/CoreImage
0x00007ff814013000 	/System/Library/Frameworks/CoreText.framework/Versions/A/CoreText
0x00007ff81bdfa000 	/System/Library/Frameworks/ImageIO.framework/Versions/A/ImageIO
0x00007ff81dbda000 	/System/Library/PrivateFrameworks/SoftLinking.framework/Versions/A/SoftLinking
0x00007ff81a551000 	/usr/lib/libxml2.2.dylib
0x00007ff81de5a000 	/usr/lib/libcompression.dylib
0x00007ff81f9d5000 	/System/Library/PrivateFrameworks/TextureIO.framework/Versions/A/TextureIO
0x00007ff81e57a000 	/usr/lib/libate.dylib
0x00007ff81e333000 	/usr/lib/liblzma.5.dylib
0x00007ff8134bd000 	/System/Library/Frameworks/SystemConfiguration.framework/Versions/A/SystemConfiguration
0x00007ff81dbd6000 	/usr/lib/libfakelink.dylib
0x00007ff817344000 	/System/Library/Frameworks/CFNetwork.framework/Versions/A/CFNetwork
0x00007ff81dd15000 	/usr/lib/libarchive.2.dylib
0x00007ff81c43b000 	/System/Library/PrivateFrameworks/AppleSystemInfo.framework/Versions/A/AppleSystemInfo
0x00007ff81d220000 	/usr/lib/libbsm.0.dylib
0x00007ff81697b000 	/usr/lib/libnetwork.dylib
0x00007ff81db6f000 	/usr/lib/system/libkxld.dylib
0x00007ff81ce4f000 	/System/Library/PrivateFrameworks/IOMobileFramebuffer.framework/Versions/A/IOMobileFramebuffer
0x00007ffb28651000 	/usr/lib/libCoreEntitlements.dylib
0x00007ff81d884000 	/System/Library/PrivateFrameworks/AppleFSCompression.framework/Versions/A/AppleFSCompression
0x00007ff81d209000 	/usr/lib/libcoretls.dylib
0x00007ff81e34d000 	/usr/lib/libcoretls_cfhelpers.dylib
0x00007ff81de55000 	/usr/lib/libpam.2.dylib
0x00007ff818d27000 	/usr/lib/libsqlite3.dylib
0x00007ff81e3bc000 	/usr/lib/libxar.1.dylib
0x00007ff81d894000 	/usr/lib/libbz2.1.0.dylib
0x00007ff81dbdb000 	/usr/lib/libpcap.A.dylib
0x00007ff8190f8000 	/usr/lib/libdns_services.dylib
0x00007ff81de27000 	/usr/lib/libapple_nghttp2.dylib
0x00007ff81dc12000 	/usr/lib/libiconv.2.dylib
0x00007ff81db68000 	/usr/lib/libcharset.1.dylib
0x00007ff81a4d4000 	/System/Library/Frameworks/CoreServices.framework/Versions/A/Frameworks/FSEvents.framework/Versions/A/FSEvents
0x00007ff814f15000 	/System/Library/Frameworks/CoreServices.framework/Versions/A/Frameworks/CarbonCore.framework/Versions/A/CarbonCore
0x00007ff81933c000 	/System/Library/Frameworks/CoreServices.framework/Versions/A/Frameworks/Metadata.framework/Versions/A/Metadata
0x00007ff81d8a7000 	/System/Library/Frameworks/CoreServices.framework/Versions/A/Frameworks/OSServices.framework/Versions/A/OSServices
0x00007ff81dd9b000 	/System/Library/Frameworks/CoreServices.framework/Versions/A/Frameworks/SearchKit.framework/Versions/A/SearchKit
0x00007ff81908a000 	/System/Library/Frameworks/CoreServices.framework/Versions/A/Frameworks/AE.framework/Versions/A/AE
0x00007ff812f01000 	/System/Library/Frameworks/CoreServices.framework/Versions/A/Frameworks/LaunchServices.framework/Versions/A/LaunchServices
0x00007ff81e2e4000 	/System/Library/Frameworks/CoreServices.framework/Versions/A/Frameworks/DictionaryServices.framework/Versions/A/DictionaryServices
0x00007ff81a4e1000 	/System/Library/Frameworks/CoreServices.framework/Versions/A/Frameworks/SharedFileList.framework/Versions/A/SharedFileList
0x00007ff81d1fd000 	/usr/lib/libCheckFix.dylib
0x00007ff817854000 	/System/Library/PrivateFrameworks/TCC.framework/Versions/A/TCC
0x00007ff81c441000 	/System/Library/PrivateFrameworks/CoreNLP.framework/Versions/A/CoreNLP
0x00007ff8192ec000 	/System/Library/PrivateFrameworks/MetadataUtilities.framework/Versions/A/MetadataUtilities
0x00007ff81356d000 	/usr/lib/libmecabra.dylib
0x00007ff81d230000 	/usr/lib/libmecab.dylib
0x00007ff813538000 	/usr/lib/libCRFSuite.dylib
0x00007ff81d28d000 	/usr/lib/libgermantok.dylib
0x00007ff81de02000 	/usr/lib/libThaiTokenizer.dylib
0x00007ff8193de000 	/System/Library/Frameworks/Accelerate.framework/Versions/A/Frameworks/vImage.framework/Versions/A/vImage
0x00007ff823ec1000 	/System/Library/Frameworks/Accelerate.framework/Versions/A/Frameworks/vecLib.framework/Versions/A/vecLib
0x00007ff81e3fd000 	/System/Library/Frameworks/Accelerate.framework/Versions/A/Frameworks/vecLib.framework/Versions/A/libvMisc.dylib
0x00007ff81cc43000 	/System/Library/Frameworks/Accelerate.framework/Versions/A/Frameworks/vecLib.framework/Versions/A/libvDSP.dylib
0x00007ff813279000 	/System/Library/Frameworks/Accelerate.framework/Versions/A/Frameworks/vecLib.framework/Versions/A/libBLAS.dylib
0x00007ff81df37000 	/System/Library/Frameworks/Accelerate.framework/Versions/A/Frameworks/vecLib.framework/Versions/A/libLAPACK.dylib
0x00007ff81d290000 	/System/Library/Frameworks/Accelerate.framework/Versions/A/Frameworks/vecLib.framework/Versions/A/libLinearAlgebra.dylib
0x00007ff81de40000 	/System/Library/Frameworks/Accelerate.framework/Versions/A/Frameworks/vecLib.framework/Versions/A/libSparseBLAS.dylib
0x00007ff81df31000 	/System/Library/Frameworks/Accelerate.framework/Versions/A/Frameworks/vecLib.framework/Versions/A/libQuadrature.dylib
0x00007ff81c52b000 	/System/Library/Frameworks/Accelerate.framework/Versions/A/Frameworks/vecLib.framework/Versions/A/libBNNS.dylib
0x00007ff81344e000 	/System/Library/Frameworks/Accelerate.framework/Versions/A/Frameworks/vecLib.framework/Versions/A/libSparse.dylib
0x00007ff81c524000 	/System/Library/PrivateFrameworks/LinguisticData.framework/Versions/A/LinguisticData
0x00007ff813403000 	/System/Library/PrivateFrameworks/Lexicon.framework/Versions/A/Lexicon
0x00007ff81e3f6000 	/usr/lib/libChineseTokenizer.dylib
0x00007ff813b67000 	/System/Library/PrivateFrameworks/LanguageModeling.framework/Versions/A/LanguageModeling
0x00007ff81de04000 	/System/Library/PrivateFrameworks/AppleSauce.framework/Versions/A/AppleSauce
0x00007ff81ce3d000 	/System/Library/PrivateFrameworks/CoreEmoji.framework/Versions/A/CoreEmoji
0x00007ff81dd04000 	/usr/lib/libcmph.dylib
0x00007ff81a4b8000 	/System/Library/Frameworks/OpenDirectory.framework/Versions/A/Frameworks/CFOpenDirectory.framework/Versions/A/CFOpenDirectory
0x00007ff81a4ac000 	/System/Library/Frameworks/OpenDirectory.framework/Versions/A/OpenDirectory
0x00007ff81e34f000 	/System/Library/PrivateFrameworks/APFS.framework/Versions/A/APFS
0x00007ff81d15e000 	/System/Library/Frameworks/SecurityFoundation.framework/Versions/A/SecurityFoundation
0x00007ff81e3ca000 	/usr/lib/libutil.dylib
0x00007ff815240000 	/System/Library/PrivateFrameworks/CoreServicesStore.framework/Versions/A/CoreServicesStore
0x00007ff81e3ce000 	/usr/lib/libxslt.1.dylib
0x00007ff81d1eb000 	/System/Library/PrivateFrameworks/BackgroundTaskManagement.framework/Versions/A/BackgroundTaskManagement
0x00007ff81f8f7000 	/System/Library/Frameworks/ImageIO.framework/Versions/A/Resources/libRadiance.dylib
0x00007ff81f900000 	/System/Library/Frameworks/ImageIO.framework/Versions/A/Resources/libJPEG.dylib
0x00007ff81f851000 	/System/Library/Frameworks/ImageIO.framework/Versions/A/Resources/libPng.dylib
0x00007ff81f872000 	/System/Library/Frameworks/ImageIO.framework/Versions/A/Resources/libTIFF.dylib
0x00007ff81f95e000 	/System/Library/Frameworks/ImageIO.framework/Versions/A/Resources/libGIF.dylib
0x00007ff81f186000 	/System/Library/Frameworks/ImageIO.framework/Versions/A/Resources/libJP2.dylib
0x00007ff81e8c8000 	/usr/lib/libexpat.1.dylib
0x00007ff81f13b000 	/System/Library/PrivateFrameworks/AppleJPEG.framework/Versions/A/AppleJPEG
0x00007ff81b982000 	/System/Library/PrivateFrameworks/FontServices.framework/libFontParser.dylib
0x00007ff819034000 	/System/Library/PrivateFrameworks/RunningBoardServices.framework/Versions/A/RunningBoardServices
0x00007ff82a061000 	/System/Library/PrivateFrameworks/IOSurfaceAccelerator.framework/Versions/A/IOSurfaceAccelerator
0x00007ff81f265000 	/System/Library/PrivateFrameworks/WatchdogClient.framework/Versions/A/WatchdogClient
0x00007ff813c56000 	/System/Library/Frameworks/CoreDisplay.framework/Versions/A/CoreDisplay
0x00007ff81b882000 	/System/Library/Frameworks/CoreMedia.framework/Versions/A/CoreMedia
0x00007ff81b71f000 	/System/Library/PrivateFrameworks/IOAccelerator.framework/Versions/A/IOAccelerator
0x00007ff81a634000 	/System/Library/Frameworks/CoreVideo.framework/Versions/A/CoreVideo
0x00007ff81de53000 	/System/Library/Frameworks/MetalPerformanceShaders.framework/Versions/A/MetalPerformanceShaders
0x00007ff81f2a0000 	/System/Library/Frameworks/VideoToolbox.framework/Versions/A/VideoToolbox
0x00007ff818f7c000 	/System/Library/PrivateFrameworks/BaseBoard.framework/Versions/A/BaseBoard
0x00007ff818d0d000 	/System/Library/PrivateFrameworks/ProtocolBuffer.framework/Versions/A/ProtocolBuffer
0x00007ff81f8f0000 	/System/Library/PrivateFrameworks/GPUWrangler.framework/Versions/A/GPUWrangler
0x00007ff81f8d3000 	/System/Library/PrivateFrameworks/IOPresentment.framework/Versions/A/IOPresentment
0x00007ff81f8fa000 	/System/Library/PrivateFrameworks/DSExternalDisplay.framework/Versions/A/DSExternalDisplay
0x00007ffa2aca3000 	/System/Library/Frameworks/OpenGL.framework/Versions/A/Libraries/libCoreFSCache.dylib
0x00007ffb16c50000 	/System/Library/PrivateFrameworks/GPUCompiler.framework/Versions/31001/Libraries/libGPUCompilerUtils.dylib
0x00007ff81f963000 	/System/Library/PrivateFrameworks/CMCaptureCore.framework/Versions/A/CMCaptureCore
0x00007ff81ee74000 	/System/Library/PrivateFrameworks/AppServerSupport.framework/Versions/A/AppServerSupport
0x00007ff82103e000 	/System/Library/PrivateFrameworks/perfdata.framework/Versions/A/perfdata
0x00007ff813d82000 	/System/Library/PrivateFrameworks/AudioToolboxCore.framework/Versions/A/AudioToolboxCore
0x00007ff81b85f000 	/System/Library/PrivateFrameworks/caulk.framework/Versions/A/caulk
0x00007ff82096b000 	/usr/lib/libAudioStatistics.dylib
0x00007ff917aff000 	/System/Library/PrivateFrameworks/SystemPolicy.framework/Versions/A/SystemPolicy
0x00007ff820bb7000 	/usr/lib/libSMC.dylib
0x00007ff8299a3000 	/System/Library/Frameworks/CoreMIDI.framework/Versions/A/CoreMIDI
0x00007ff81f821000 	/usr/lib/libAudioToolboxUtility.dylib
0x00007ff913f87000 	/System/Library/PrivateFrameworks/OSAServicesClient.framework/Versions/A/OSAServicesClient
0x00007ff82104b000 	/usr/lib/libperfcheck.dylib
0x00007ff91858b000 	/usr/lib/libmis.dylib
0x00007ffa2acff000 	/System/Library/Frameworks/OpenGL.framework/Versions/A/Libraries/libGLU.dylib
0x00007ffa2acc2000 	/System/Library/Frameworks/OpenGL.framework/Versions/A/Libraries/libGFXShared.dylib
0x00007ffa2aed0000 	/System/Library/Frameworks/OpenGL.framework/Versions/A/Libraries/libGL.dylib
0x00007ffa2accb000 	/System/Library/Frameworks/OpenGL.framework/Versions/A/Libraries/libGLImage.dylib
0x00007ffa2acbf000 	/System/Library/Frameworks/OpenGL.framework/Versions/A/Libraries/libCVMSPluginSupport.dylib
0x00007ffa2acaa000 	/System/Library/Frameworks/OpenGL.framework/Versions/A/Libraries/libCoreVMClient.dylib
0x00007ff81c3bf000 	/System/Library/Frameworks/MetalPerformanceShaders.framework/Versions/A/Frameworks/MPSCore.framework/Versions/A/MPSCore
0x00007ff81d7ef000 	/System/Library/Frameworks/MetalPerformanceShaders.framework/Versions/A/Frameworks/MPSImage.framework/Versions/A/MPSImage
0x00007ff81d2a6000 	/System/Library/Frameworks/MetalPerformanceShaders.framework/Versions/A/Frameworks/MPSNeuralNetwork.framework/Versions/A/MPSNeuralNetwork
0x00007ff81d71b000 	/System/Library/Frameworks/MetalPerformanceShaders.framework/Versions/A/Frameworks/MPSMatrix.framework/Versions/A/MPSMatrix
0x00007ff81d4d7000 	/System/Library/Frameworks/MetalPerformanceShaders.framework/Versions/A/Frameworks/MPSRayIntersector.framework/Versions/A/MPSRayIntersector
0x00007ff81d754000 	/System/Library/Frameworks/MetalPerformanceShaders.framework/Versions/A/Frameworks/MPSNDArray.framework/Versions/A/MPSNDArray
0x00007ffa2f8a8000 	/System/Library/Frameworks/MetalPerformanceShaders.framework/Versions/A/Frameworks/MPSFunctions.framework/Versions/A/MPSFunctions
0x00007ff81315c000 	/System/Library/PrivateFrameworks/MetalTools.framework/Versions/A/MetalTools
0x00007ff81c439000 	/System/Library/PrivateFrameworks/AggregateDictionary.framework/Versions/A/AggregateDictionary
0x00007ff81e6aa000 	/usr/lib/libIOReport.dylib
0x00007ffa2c2df000 	/System/Library/Frameworks/OpenCL.framework/Versions/A/OpenCL
0x00007ff81ea0e000 	/System/Library/PrivateFrameworks/FaceCore.framework/Versions/A/FaceCore
0x00007ff81e9ff000 	/System/Library/PrivateFrameworks/GraphVisualizer.framework/Versions/A/GraphVisualizer
0x00007ffb16b5b000 	/System/Library/PrivateFrameworks/FontServices.framework/Versions/A/FontServices
0x00007ff81ee2b000 	/System/Library/PrivateFrameworks/OTSVG.framework/Versions/A/OTSVG
0x00007ff81a21c000 	/System/Library/Frameworks/ApplicationServices.framework/Versions/A/Frameworks/ATS.framework/Versions/A/Resources/libFontRegistry.dylib
0x00007ff81ee7c000 	/System/Library/PrivateFrameworks/FontServices.framework/libhvf.dylib
0x00007ffb16b5c000 	/System/Library/PrivateFrameworks/FontServices.framework/libXTFontStaticRegistryData.dylib
0x00007ff81e878000 	/System/Library/PrivateFrameworks/AppleVA.framework/Versions/A/AppleVA
0x00007ff82098b000 	/System/Library/Frameworks/ApplicationServices.framework/Versions/A/Frameworks/ATS.framework/Versions/A/ATS
0x00007ff81842a000 	/System/Library/Frameworks/ApplicationServices.framework/Versions/A/Frameworks/HIServices.framework/Versions/A/HIServices
0x00007ff81f96d000 	/System/Library/Frameworks/ApplicationServices.framework/Versions/A/Frameworks/PrintCore.framework/Versions/A/PrintCore
0x00007ff820d0a000 	/System/Library/Frameworks/ApplicationServices.framework/Versions/A/Frameworks/QD.framework/Versions/A/QD
0x00007ff820d02000 	/System/Library/Frameworks/ApplicationServices.framework/Versions/A/Frameworks/ColorSyncLegacy.framework/Versions/A/ColorSyncLegacy
0x00007ff82097b000 	/System/Library/Frameworks/ApplicationServices.framework/Versions/A/Frameworks/SpeechSynthesis.framework/Versions/A/SpeechSynthesis
0x00007ff81f92e000 	/System/Library/Frameworks/ApplicationServices.framework/Versions/A/Frameworks/ATSUI.framework/Versions/A/ATSUI
0x00007ff820c97000 	/usr/lib/libcups.2.dylib
0x00007ff82105a000 	/System/Library/Frameworks/Kerberos.framework/Versions/A/Kerberos
0x00007ff821069000 	/System/Library/Frameworks/GSS.framework/Versions/A/GSS
0x00007ff8209f7000 	/usr/lib/libresolv.9.dylib
0x00007ff81ee8b000 	/System/Library/PrivateFrameworks/Heimdal.framework/Versions/A/Heimdal
0x00007ff827b0d000 	/System/Library/Frameworks/Kerberos.framework/Versions/A/Libraries/libHeimdalProxy.dylib
0x00007ff819109000 	/System/Library/Frameworks/Network.framework/Versions/A/Network
0x00007ff81e8e2000 	/usr/lib/libheimdal-asn1.dylib
0x00007ff8210b4000 	/System/Library/PrivateFrameworks/CommonAuth.framework/Versions/A/CommonAuth
0x00007ff8208fc000 	/System/Library/PrivateFrameworks/AudioSession.framework/Versions/A/AudioSession
0x00007ff81e972000 	/System/Library/PrivateFrameworks/MediaExperience.framework/Versions/A/MediaExperience
0x00007ff820790000 	/System/Library/PrivateFrameworks/AudioSession.framework/libSessionUtility.dylib
0x00007ff820d16000 	/System/Library/PrivateFrameworks/AudioResourceArbitration.framework/Versions/A/AudioResourceArbitration
0x00007ff81e8eb000 	/System/Library/PrivateFrameworks/IconFoundation.framework/Versions/A/IconFoundation
0x00007ff823af0000 	/System/Library/PrivateFrameworks/SpeechRecognitionCore.framework/Versions/A/SpeechRecognitionCore
0x0000000109f52000 	/Users/rohanbatra/Library/Java/JavaVirtualMachines/openjdk-17.0.1/Contents/Home/lib/server/libjvm.dylib
0x0000000108f5e000 	/Users/rohanbatra/Library/Java/JavaVirtualMachines/openjdk-17.0.1/Contents/Home/lib/libjimage.dylib
0x0000000108feb000 	/Users/rohanbatra/Library/Java/JavaVirtualMachines/openjdk-17.0.1/Contents/Home/lib/libjava.dylib
0x0000000128f08000 	/Users/rohanbatra/Library/Java/JavaVirtualMachines/openjdk-17.0.1/Contents/Home/lib/libnio.dylib
0x0000000128f60000 	/Users/rohanbatra/Library/Java/JavaVirtualMachines/openjdk-17.0.1/Contents/Home/lib/libnet.dylib
0x0000000128fdc000 	/Users/rohanbatra/Library/Java/JavaVirtualMachines/openjdk-17.0.1/Contents/Home/lib/libzip.dylib
0x000000012b64c000 	/Users/rohanbatra/.openjfx/cache/17.0.0.1/libprism_es2.dylib
0x00007ff815201000 	/System/Library/PrivateFrameworks/CoreServicesInternal.framework/Versions/A/CoreServicesInternal
0x00007ffa2aedb000 	/System/Library/Frameworks/OpenGL.framework/Versions/A/Resources/GLEngine.bundle/GLEngine
0x00007ffa2ad3d000 	/System/Library/Frameworks/OpenGL.framework/Versions/A/Libraries/libGLProgrammability.dylib
0x000000012b856000 	/System/Library/Extensions/AppleMetalOpenGLRenderer.bundle/Contents/MacOS/AppleMetalOpenGLRenderer
0x00007ffa2b06a000 	/System/Library/Frameworks/OpenGL.framework/Versions/A/Resources/GLRendererFloat.bundle/GLRendererFloat
0x00007ffa2ce49000 	/System/Library/Extensions/AGXMetal13_3.bundle/Contents/MacOS/AGXMetal13_3
0x00007ff9185a6000 	/System/Library/PrivateFrameworks/GPURawCounter.framework/Versions/A/GPURawCounter
0x00007ff913123000 	/System/Library/PrivateFrameworks/IOGPU.framework/Versions/A/IOGPU
0x000000012b9d9000 	/Users/rohanbatra/.openjfx/cache/17.0.0.1/libjavafx_font.dylib
0x000000012c192000 	/Users/rohanbatra/.openjfx/cache/17.0.0.1/libglass.dylib
0x00007ff8252c1000 	/System/Library/Frameworks/FileProvider.framework/Versions/A/FileProvider
0x00007ff818ee8000 	/System/Library/Frameworks/Accounts.framework/Versions/A/Accounts
0x00007ff825439000 	/System/Library/PrivateFrameworks/GenerationalStorage.framework/Versions/A/GenerationalStorage
0x00007ff825f46000 	/System/Library/PrivateFrameworks/CoreSymbolication.framework/Versions/A/CoreSymbolication
0x00007ff824cc5000 	/System/Library/PrivateFrameworks/SymptomDiagnosticReporter.framework/Versions/A/SymptomDiagnosticReporter
0x00007ff8164c0000 	/System/Library/PrivateFrameworks/DesktopServicesPriv.framework/Versions/A/DesktopServicesPriv
0x00007ff815342000 	/usr/lib/libsandbox.1.dylib
0x00007ff81a6b2000 	/System/Library/PrivateFrameworks/UserManagement.framework/Versions/A/UserManagement
0x00007ff825f0b000 	/System/Library/PrivateFrameworks/DebugSymbols.framework/Versions/A/DebugSymbols
0x00007ff820cf7000 	/System/Library/PrivateFrameworks/NetAuth.framework/Versions/A/NetAuth
0x00007ff821be3000 	/System/Library/PrivateFrameworks/Sharing.framework/Versions/A/Sharing
0x00007ff81a685000 	/System/Library/PrivateFrameworks/login.framework/Versions/A/Frameworks/loginsupport.framework/Versions/A/loginsupport
0x00007ff827043000 	/System/Library/PrivateFrameworks/Apple80211.framework/Versions/A/Apple80211
0x00007ff81d8d4000 	/System/Library/PrivateFrameworks/AuthKit.framework/Versions/A/AuthKit
0x00007ff81cf33000 	/System/Library/PrivateFrameworks/CoreUtils.framework/Versions/A/CoreUtils
0x00007ff81ce5a000 	/System/Library/Frameworks/CoreWLAN.framework/Versions/A/CoreWLAN
0x00007ff821d3e000 	/System/Library/Frameworks/IOBluetooth.framework/Versions/A/IOBluetooth
0x00007ff8270ab000 	/System/Library/PrivateFrameworks/CoreWiFi.framework/Versions/A/CoreWiFi
0x00007ff825ae0000 	/System/Library/PrivateFrameworks/FrontBoardServices.framework/Versions/A/FrontBoardServices
0x00007ff825b72000 	/System/Library/PrivateFrameworks/BoardServices.framework/Versions/A/BoardServices
0x00007ff81d14d000 	/System/Library/PrivateFrameworks/AssertionServices.framework/Versions/A/AssertionServices
0x00007ff82722f000 	/System/Library/PrivateFrameworks/BackBoardServices.framework/Versions/A/BackBoardServices
0x00007ff821143000 	/System/Library/PrivateFrameworks/CorePhoneNumbers.framework/Versions/A/CorePhoneNumbers
0x00007ff824de2000 	/System/Library/PrivateFrameworks/DiskManagement.framework/Versions/A/DiskManagement
0x00007ff824cf6000 	/System/Library/PrivateFrameworks/AppleIDAuthSupport.framework/Versions/A/AppleIDAuthSupport
0x00007ffa3180e000 	/System/Library/PrivateFrameworks/AAAFoundation.framework/Versions/A/AAAFoundation
0x00007ff821124000 	/System/Library/PrivateFrameworks/KeychainCircle.framework/Versions/A/KeychainCircle
0x00007ff824dae000 	/System/Library/PrivateFrameworks/MediaKit.framework/Versions/A/MediaKit
0x00007ff824d02000 	/System/Library/Frameworks/DiscRecording.framework/Versions/A/DiscRecording
0x00007ff81e7f0000 	/usr/lib/libCoreStorage.dylib
0x00007ff82751c000 	/usr/lib/libcsfde.dylib
0x00007ff821e0b000 	/System/Library/PrivateFrameworks/ProtectedCloudStorage.framework/Versions/A/ProtectedCloudStorage
0x00007ff827518000 	/System/Library/PrivateFrameworks/EFILogin.framework/Versions/A/EFILogin
0x00007ff82545f000 	/System/Library/PrivateFrameworks/OctagonTrust.framework/Versions/A/OctagonTrust
0x00007ffb15e95000 	/System/Library/PrivateFrameworks/CoreUtilsExtras.framework/Versions/A/CoreUtilsExtras
0x00007ff824c35000 	/System/Library/Frameworks/CoreBluetooth.framework/Versions/A/CoreBluetooth
0x00007ff827b92000 	/System/Library/Frameworks/AudioUnit.framework/Versions/A/AudioUnit
0x00007ff81e7e8000 	/usr/lib/libMatch.1.dylib
0x00007ff91c95e000 	/System/Library/Frameworks/Accelerate.framework/Versions/A/Frameworks/vImage.framework/Versions/A/Libraries/libCGInterfaces.dylib
0x000000012d6fa000 	/usr/lib/libobjc-trampolines.dylib
0x00007ffb2875f000 	/usr/lib/libRosetta.dylib
0x00007ff81a3ac000 	/System/Library/PrivateFrameworks/ViewBridge.framework/Versions/A/ViewBridge
0x00007ff8241b7000 	/System/Library/PrivateFrameworks/SystemAdministration.framework/Versions/A/SystemAdministration
0x00007ff81ef45000 	/System/Library/PrivateFrameworks/login.framework/Versions/A/login
0x00007ff81fb95000 	/System/Library/Frameworks/MediaToolbox.framework/Versions/A/MediaToolbox
0x00007ff823abc000 	/System/Library/Frameworks/DirectoryService.framework/Versions/A/DirectoryService
0x00007ff8273bb000 	/System/Library/PrivateFrameworks/DiskImages.framework/Versions/A/DiskImages
0x00007ff81d1f5000 	/System/Library/Frameworks/ServiceManagement.framework/Versions/A/ServiceManagement
0x00007ff827594000 	/System/Library/PrivateFrameworks/LoginUIKit.framework/Versions/A/Frameworks/LoginUICore.framework/Versions/A/LoginUICore
0x00007ff81f0f3000 	/usr/lib/libodfde.dylib
0x00007ff825291000 	/System/Library/PrivateFrameworks/CoreAVCHD.framework/Versions/A/CoreAVCHD
0x00007ff82417b000 	/System/Library/Frameworks/MediaAccessibility.framework/Versions/A/MediaAccessibility
0x00007ff82528d000 	/System/Library/PrivateFrameworks/Mangrove.framework/Versions/A/Mangrove
0x00007ff824186000 	/System/Library/PrivateFrameworks/AlgosScoreFramework.framework/Versions/A/AlgosScoreFramework
0x00007ffb132fd000 	/System/Library/PrivateFrameworks/CMPhoto.framework/Versions/A/CMPhoto
0x00007ff825de1000 	/System/Library/PrivateFrameworks/AppleVPA.framework/Versions/A/AppleVPA
0x00007ff824ed2000 	/System/Library/PrivateFrameworks/CoreAUC.framework/Versions/A/CoreAUC
0x00007ff827528000 	/usr/lib/libcurl.4.dylib
0x00007ff827287000 	/usr/lib/libcrypto.44.dylib
0x00007ff82738e000 	/usr/lib/libssl.46.dylib
0x00007ff82724d000 	/System/Library/Frameworks/LDAP.framework/Versions/A/LDAP
0x00007ff827285000 	/System/Library/PrivateFrameworks/TrustEvaluationAgent.framework/Versions/A/TrustEvaluationAgent
0x00007ff820a10000 	/usr/lib/libsasl2.2.dylib
0x00007ff8241ab000 	/System/Library/PrivateFrameworks/CoreDaemon.framework/Versions/B/CoreDaemon
0x00007ff8241a6000 	/System/Library/PrivateFrameworks/AppleSRP.framework/Versions/A/AppleSRP
0x000000012df42000 	/System/Library/Frameworks/FileProvider.framework/OverrideBundles/CloudDocsFileProvider.bundle/Contents/MacOS/CloudDocsFileProvider
0x00007ff81a8ad000 	/System/Library/PrivateFrameworks/CloudDocs.framework/Versions/A/CloudDocs
0x00007ff82783a000 	/System/Library/PrivateFrameworks/AppleAccount.framework/Versions/A/AppleAccount
0x00007ff821df2000 	/System/Library/PrivateFrameworks/AppContainer.framework/Versions/A/AppContainer
0x00007ff8218b6000 	/System/Library/PrivateFrameworks/IDS.framework/Versions/A/IDS
0x00007ff82798f000 	/System/Library/PrivateFrameworks/AppleIDSSOAuthentication.framework/Versions/A/AppleIDSSOAuthentication
0x00007ff81a688000 	/System/Library/PrivateFrameworks/ApplePushService.framework/Versions/A/ApplePushService
0x00007ff82759c000 	/System/Library/PrivateFrameworks/AppSupport.framework/Versions/A/AppSupport
0x00007ff8206f4000 	/System/Library/PrivateFrameworks/IMFoundation.framework/Versions/A/IMFoundation
0x00007ff9137ca000 	/System/Library/PrivateFrameworks/Marco.framework/Versions/A/Marco
0x00007ff821a29000 	/System/Library/PrivateFrameworks/IDSFoundation.framework/Versions/A/IDSFoundation
0x00007ff818f64000 	/System/Library/PrivateFrameworks/CommonUtilities.framework/Versions/A/CommonUtilities
0x00007ff9181ab000 	/System/Library/PrivateFrameworks/FTServices.framework/Versions/A/FTServices
0x00007ff82b365000 	/System/Library/PrivateFrameworks/Engram.framework/Versions/A/Engram
0x00007ff82b30c000 	/usr/lib/libtidy.A.dylib
0x00007ff81f0f7000 	/System/Library/PrivateFrameworks/Bom.framework/Versions/A/Bom
0x00007ff81e6b2000 	/System/Library/PrivateFrameworks/CrashReporterSupport.framework/Versions/A/CrashReporterSupport
0x00007ff92213c000 	/System/Library/PrivateFrameworks/FTAWD.framework/Versions/A/FTAWD
0x00007ff924222000 	/System/Library/PrivateFrameworks/OSAnalytics.framework/Versions/A/OSAnalytics
0x00007ff92f2d8000 	/System/Library/PrivateFrameworks/Symbolication.framework/Versions/A/Symbolication
0x00007ff918568000 	/System/Library/PrivateFrameworks/MallocStackLogging.framework/Versions/A/MallocStackLogging
0x00007ff821e07000 	/System/Library/PrivateFrameworks/SecCodeWrapper.framework/Versions/A/SecCodeWrapper
0x000000012df8e000 	/System/Library/Frameworks/FileProvider.framework/OverrideBundles/FileProviderOverride.bundle/Contents/MacOS/FileProviderOverride
0x00000001378ef000 	/System/Library/Frameworks/FileProvider.framework/OverrideBundles/FinderSyncCollaborationFileProviderOverride.bundle/Contents/MacOS/FinderSyncCollaborationFileProviderOverride
0x00007ff928a11000 	/System/Library/PrivateFrameworks/FinderSyncPriv.framework/Versions/A/FinderSyncPriv
0x00007ff81a6d8000 	/System/Library/Frameworks/CloudKit.framework/Versions/A/CloudKit
0x00007ff827c3f000 	/System/Library/PrivateFrameworks/C2.framework/Versions/A/C2
0x00007ff81b64e000 	/System/Library/Frameworks/CoreLocation.framework/Versions/A/CoreLocation
0x00007ff827c37000 	/System/Library/Frameworks/PushKit.framework/Versions/A/PushKit
0x00007ff825ffc000 	/System/Library/PrivateFrameworks/CoreTime.framework/Versions/A/CoreTime
0x00007ff829720000 	/System/Library/PrivateFrameworks/RTCReporting.framework/Versions/A/RTCReporting
0x00007ff8220d0000 	/System/Library/PrivateFrameworks/GeoServices.framework/Versions/A/GeoServices
0x00007ff820767000 	/System/Library/PrivateFrameworks/LocationSupport.framework/Versions/A/LocationSupport
0x00007ffb17345000 	/System/Library/PrivateFrameworks/GeoServicesCore.framework/Versions/A/GeoServicesCore
0x00007ff913fc3000 	/System/Library/PrivateFrameworks/PhoneNumbers.framework/Versions/A/PhoneNumbers
0x00007ff8274a1000 	/System/Library/PrivateFrameworks/RemoteServiceDiscovery.framework/Versions/A/RemoteServiceDiscovery
0x00007ff916585000 	/usr/lib/libFosl_dynamic.dylib
0x00007ff91c234000 	/usr/lib/libncurses.5.4.dylib
0x0000000137a27000 	/Users/rohanbatra/.openjfx/cache/17.0.0.1/libjavafx_iio.dylib
0x0000000138790000 	/Users/rohanbatra/Library/Java/JavaVirtualMachines/openjdk-17.0.1/Contents/Home/lib/libextnet.dylib


VM Arguments:
jvm_args: --module-path=/Users/rohanbatra/.m2/repository/org/openjfx/javafx-base/17.0.0.1/javafx-base-17.0.0.1-mac.jar:/Users/rohanbatra/.m2/repository/org/openjfx/javafx-base/17.0.0.1/javafx-base-17.0.0.1.jar:/Users/rohanbatra/.m2/repository/org/openjfx/javafx-controls/17.0.0.1/javafx-controls-17.0.0.1-mac.jar:/Users/rohanbatra/.m2/repository/org/openjfx/javafx-controls/17.0.0.1/javafx-controls-17.0.0.1.jar:/Users/rohanbatra/.m2/repository/org/openjfx/javafx-fxml/17.0.0.1/javafx-fxml-17.0.0.1-mac.jar:/Users/rohanbatra/.m2/repository/org/openjfx/javafx-fxml/17.0.0.1/javafx-fxml-17.0.0.1.jar:/Users/rohanbatra/.m2/repository/org/openjfx/javafx-graphics/17.0.0.1/javafx-graphics-17.0.0.1-mac.jar:/Users/rohanbatra/.m2/repository/org/openjfx/javafx-graphics/17.0.0.1/javafx-graphics-17.0.0.1.jar:/Users/rohanbatra/.m2/repository/org/openjfx/javafx-media/16/javafx-media-16-mac.jar:/Users/rohanbatra/.m2/repository/org/openjfx/javafx-media/16/javafx-media-16.jar --add-modules=javafx.base,javafx.controls,javafx.fxml,javafx.graphics,javafx.media 
java_command: org.game.TowerDefenseGameApp
java_class_path (initial): /Users/rohanbatra/Desktop/CS2340/serial-entrepreneurs/target/classes:/Users/rohanbatra/.m2/repository/com/beust/jcommander/1.78/jcommander-1.78.jar:/Users/rohanbatra/.m2/repository/com/fasterxml/jackson/core/jackson-annotations/2.12.1/jackson-annotations-2.12.1.jar:/Users/rohanbatra/.m2/repository/com/fasterxml/jackson/core/jackson-core/2.12.1/jackson-core-2.12.1.jar:/Users/rohanbatra/.m2/repository/com/fasterxml/jackson/core/jackson-databind/2.12.1/jackson-databind-2.12.1.jar:/Users/rohanbatra/.m2/repository/com/github/almasb/fxgl/11.17/fxgl-11.17.jar:/Users/rohanbatra/.m2/repository/com/github/almasb/fxgl-core/11.17/fxgl-core-11.17.jar:/Users/rohanbatra/.m2/repository/com/github/almasb/fxgl-entity/11.17/fxgl-entity-11.17.jar:/Users/rohanbatra/.m2/repository/com/github/almasb/fxgl-gameplay/11.17/fxgl-gameplay-11.17.jar:/Users/rohanbatra/.m2/repository/com/github/almasb/fxgl-io/11.17/fxgl-io-11.17.jar:/Users/rohanbatra/.m2/repository/com/github/almasb/fxgl-scene/11.17/fxgl-scene-11.17.jar:/Users/rohanbatra/.m2/repository/com/gluonhq/attach/audio/4.0.9/audio-4.0.9.jar:/Users/rohanbatra/.m2/repository/com/gluonhq/attach/lifecycle/4.0.9/lifecycle-4.0.9.jar:/Users/rohanbatra/.m2/repository/com/gluonhq/attach/storage/4.0.9/storage-4.0.9.jar:/Users/rohanbatra/.m2/repository/com/gluonhq/attach/util/4.0.9/util-4.0.9.jar:/Users/rohanbatra/.m2/repository/junit/junit/4.12/junit-4.12.jar:/Users/rohanbatra/.m2/repository/org/assertj/assertj-core/3.13.2/assertj-core-3.13.2.jar:/Users/rohanbatra/.m2/repository/org/hamcrest/hamcrest/2.1/hamcrest-2.1.jar:/Users/rohanbatra/.m2/repository/org/hamcrest/hamcrest-core/2.1/hamcrest-core-2.1.jar:/Users/rohanbatra/.m2/repository/org/jetbrains/annotations/13.0/annotations-13.0.jar:/Users/rohanbatra/.m2/repository/org/jetbrains/kotlin/kotlin-stdlib/1.5.10/kotlin-stdlib-1.5.10-modular.jar:/Users/rohanbatra/.m2/repository/org/jetbrains/kotlin/kotlin-stdlib-common/1.5.10/kotlin-stdlib-common-1.5.10.jar:/Users/rohanba
Launcher Type: SUN_STANDARD

[Global flags]
     intx CICompilerCount                          = 4                                         {product} {ergonomic}
     uint ConcGCThreads                            = 2                                         {product} {ergonomic}
     uint G1ConcRefinementThreads                  = 8                                         {product} {ergonomic}
   size_t G1HeapRegionSize                         = 1048576                                   {product} {ergonomic}
    uintx GCDrainStackTargetSize                   = 64                                        {product} {ergonomic}
   size_t InitialHeapSize                          = 134217728                                 {product} {ergonomic}
   size_t MarkStackSize                            = 4194304                                   {product} {ergonomic}
   size_t MaxHeapSize                              = 2147483648                                {product} {ergonomic}
   size_t MaxNewSize                               = 1287651328                                {product} {ergonomic}
   size_t MinHeapDeltaBytes                        = 1048576                                   {product} {ergonomic}
   size_t MinHeapSize                              = 8388608                                   {product} {ergonomic}
    uintx NonNMethodCodeHeapSize                   = 5839372                                {pd product} {ergonomic}
    uintx NonProfiledCodeHeapSize                  = 122909434                              {pd product} {ergonomic}
    uintx ProfiledCodeHeapSize                     = 122909434                              {pd product} {ergonomic}
    uintx ReservedCodeCacheSize                    = 251658240                              {pd product} {ergonomic}
     bool SegmentedCodeCache                       = true                                      {product} {ergonomic}
   size_t SoftMaxHeapSize                          = 2147483648                             {manageable} {ergonomic}
     bool UseCompressedClassPointers               = true                           {product lp64_product} {ergonomic}
     bool UseCompressedOops                        = true                           {product lp64_product} {ergonomic}
     bool UseG1GC                                  = true                                      {product} {ergonomic}
     bool UseNUMA                                  = false                                     {product} {ergonomic}
     bool UseNUMAInterleaving                      = false                                     {product} {ergonomic}

Logging:
Log output configuration:
 #0: stdout all=warning uptime,level,tags
 #1: stderr all=off uptime,level,tags

Environment Variables:
PATH=/Users/rohanbatra/Desktop/VIP/emade/anaconda3/bin:/Users/rohanbatra/Desktop/VIP/emade/anaconda3/condabin:/Library/Frameworks/Python.framework/Versions/3.7/bin:/Library/Frameworks/Python.framework/Versions/3.9/bin:/usr/local/bin:/usr/bin:/bin:/usr/sbin:/sbin
SHELL=/bin/zsh
LC_CTYPE=UTF-8

Signal Handlers:
   SIGSEGV: _ZL13crash_handleriP9__siginfoPv in libjvm.dylib, mask=11100110100111111111111111111111, flags=SA_RESTART|SA_SIGINFO
    SIGBUS: _ZL13crash_handleriP9__siginfoPv in libjvm.dylib, mask=11100110100111111111111111111111, flags=SA_RESTART|SA_SIGINFO
    SIGFPE: _ZL13crash_handleriP9__siginfoPv in libjvm.dylib, mask=11100110100111111111111111111111, flags=SA_RESTART|SA_SIGINFO
   SIGPIPE: _ZL17javaSignalHandleriP9__siginfoPv in libjvm.dylib, mask=11100110100111111111111111111111, flags=SA_RESTART|SA_SIGINFO
   SIGXFSZ: _ZL17javaSignalHandleriP9__siginfoPv in libjvm.dylib, mask=11100110100111111111111111111111, flags=SA_RESTART|SA_SIGINFO
    SIGILL: _ZL13crash_handleriP9__siginfoPv in libjvm.dylib, mask=11100110100111111111111111111111, flags=SA_RESTART|SA_SIGINFO
   SIGUSR2: _ZL10SR_handleriP9__siginfoP17__darwin_ucontext in libjvm.dylib, mask=00100000000000000000000000000000, flags=SA_RESTART|SA_SIGINFO
    SIGHUP: _ZL11UserHandleriPvS_ in libjvm.dylib, mask=11100110100111111111111111111111, flags=SA_RESTART|SA_SIGINFO
    SIGINT: _ZL11UserHandleriPvS_ in libjvm.dylib, mask=11100110100111111111111111111111, flags=SA_RESTART|SA_SIGINFO
   SIGTERM: _ZL11UserHandleriPvS_ in libjvm.dylib, mask=11100110100111111111111111111111, flags=SA_RESTART|SA_SIGINFO
   SIGQUIT: _ZL11UserHandleriPvS_ in libjvm.dylib, mask=11100110100111111111111111111111, flags=SA_RESTART|SA_SIGINFO
   SIGTRAP: _ZL13crash_handleriP9__siginfoPv in libjvm.dylib, mask=11100110100111111111111111111111, flags=SA_RESTART|SA_SIGINFO


---------------  S Y S T E M  ---------------

OS:
uname: Darwin 21.1.0 Darwin Kernel Version 21.1.0: Wed Oct 13 17:33:24 PDT 2021; root:xnu-8019.41.5~1/RELEASE_ARM64_T8101 x86_64
OS uptime: 0 days 23:25 hours
rlimit (soft/hard): STACK 8176k/65520k , CORE 0k/infinity , NPROC 1333/2000 , NOFILE 10240/infinity , AS infinity/infinity , CPU infinity/infinity , DATA infinity/infinity , FSIZE infinity/infinity , MEMLOCK infinity/infinity , RSS infinity/infinity
load average: 3.34 2.09 2.02

CPU: (EMULATED) total 8 (initial active 8) (1 cores per cpu, 1 threads per core) family 6 model 44 stepping 0 microcode 0x0, cx8, cmov, fxsr, mmx, sse, sse2, sse3, ssse3, sse4.1, sse4.2, popcnt, tsc, tscinvbit, aes, clmul, clflush

Memory: 4k page, physical 8388608k(14872k free), swap 1048576k(1037824k free)

vm_info: OpenJDK 64-Bit Server VM (17.0.1+12-39) for bsd-amd64 JRE (17.0.1+12-39), built on Sep 27 2021 17:37:19 by "mach5one" with clang Apple LLVM 12.0.0 (clang-1200.0.32.29)

END.
